{"/Users/manuelfittko/github/geo-playground/src/App.tsx": {"path":"/Users/manuelfittko/github/geo-playground/src/App.tsx","statementMap":{"0":{"start":{"line":1,"column":0},"end":{"line":1,"column":50}},"1":{"start":{"line":2,"column":0},"end":{"line":2,"column":59}},"2":{"start":{"line":3,"column":0},"end":{"line":3,"column":58}},"3":{"start":{"line":4,"column":0},"end":{"line":4,"column":73}},"4":{"start":{"line":5,"column":0},"end":{"line":5,"column":64}},"5":{"start":{"line":6,"column":0},"end":{"line":6,"column":57}},"6":{"start":{"line":7,"column":0},"end":{"line":7,"column":34}},"7":{"start":{"line":8,"column":0},"end":{"line":8,"column":40}},"8":{"start":{"line":9,"column":0},"end":{"line":9,"column":69}},"9":{"start":{"line":10,"column":0},"end":{"line":10,"column":51}},"10":{"start":{"line":15,"column":20},"end":{"line":15,"column":37}},"11":{"start":{"line":17,"column":22},"end":{"line":104,"column":1}},"12":{"start":{"line":18,"column":48},"end":{"line":18,"column":79}},"13":{"start":{"line":19,"column":30},"end":{"line":19,"column":54}},"14":{"start":{"line":20,"column":48},"end":{"line":20,"column":77}},"15":{"start":{"line":21,"column":38},"end":{"line":21,"column":71}},"16":{"start":{"line":23,"column":27},"end":{"line":25,"column":3}},"17":{"start":{"line":24,"column":4},"end":{"line":24,"column":29}},"18":{"start":{"line":27,"column":28},"end":{"line":29,"column":3}},"19":{"start":{"line":28,"column":4},"end":{"line":28,"column":27}},"20":{"start":{"line":31,"column":28},"end":{"line":52,"column":3}},"21":{"start":{"line":33,"column":18},"end":{"line":33,"column":39}},"22":{"start":{"line":37,"column":31},"end":{"line":48,"column":6}},"23":{"start":{"line":50,"column":4},"end":{"line":50,"column":37}},"24":{"start":{"line":51,"column":4},"end":{"line":51,"column":17}},"25":{"start":{"line":54,"column":26},"end":{"line":58,"column":3}},"26":{"start":{"line":55,"column":4},"end":{"line":57,"column":7}},"27":{"start":{"line":56,"column":6},"end":{"line":56,"column":67}},"28":{"start":{"line":60,"column":28},"end":{"line":78,"column":3}},"29":{"start":{"line":61,"column":4},"end":{"line":77,"column":8}},"30":{"start":{"line":62,"column":6},"end":{"line":75,"column":7}},"31":{"start":{"line":63,"column":8},"end":{"line":74,"column":9}},"32":{"start":{"line":64,"column":10},"end":{"line":68,"column":12}},"33":{"start":{"line":69,"column":15},"end":{"line":74,"column":9}},"34":{"start":{"line":70,"column":10},"end":{"line":73,"column":12}},"35":{"start":{"line":76,"column":6},"end":{"line":76,"column":19}},"36":{"start":{"line":80,"column":28},"end":{"line":84,"column":3}},"37":{"start":{"line":81,"column":4},"end":{"line":83,"column":7}},"38":{"start":{"line":82,"column":6},"end":{"line":82,"column":61}},"39":{"start":{"line":86,"column":2},"end":{"line":103,"column":4}},"40":{"start":{"line":106,"column":0},"end":{"line":106,"column":19}}},"fnMap":{"0":{"name":"(anonymous_1)","decl":{"start":{"line":17,"column":22},"end":{"line":17,"column":25}},"loc":{"start":{"line":17,"column":27},"end":{"line":104,"column":1}}},"1":{"name":"(anonymous_2)","decl":{"start":{"line":23,"column":27},"end":{"line":23,"column":28}},"loc":{"start":{"line":23,"column":53},"end":{"line":25,"column":3}}},"2":{"name":"(anonymous_3)","decl":{"start":{"line":27,"column":28},"end":{"line":27,"column":29}},"loc":{"start":{"line":27,"column":50},"end":{"line":29,"column":3}}},"3":{"name":"(anonymous_4)","decl":{"start":{"line":31,"column":28},"end":{"line":31,"column":29}},"loc":{"start":{"line":31,"column":65},"end":{"line":52,"column":3}}},"4":{"name":"(anonymous_5)","decl":{"start":{"line":54,"column":26},"end":{"line":54,"column":27}},"loc":{"start":{"line":54,"column":61},"end":{"line":58,"column":3}}},"5":{"name":"(anonymous_6)","decl":{"start":{"line":55,"column":25},"end":{"line":55,"column":30}},"loc":{"start":{"line":56,"column":6},"end":{"line":56,"column":67}}},"6":{"name":"(anonymous_7)","decl":{"start":{"line":60,"column":28},"end":{"line":60,"column":29}},"loc":{"start":{"line":60,"column":59},"end":{"line":78,"column":3}}},"7":{"name":"(anonymous_8)","decl":{"start":{"line":61,"column":25},"end":{"line":61,"column":30}},"loc":{"start":{"line":61,"column":33},"end":{"line":77,"column":5}}},"8":{"name":"(anonymous_9)","decl":{"start":{"line":80,"column":28},"end":{"line":80,"column":29}},"loc":{"start":{"line":80,"column":58},"end":{"line":84,"column":3}}},"9":{"name":"(anonymous_10)","decl":{"start":{"line":81,"column":25},"end":{"line":81,"column":30}},"loc":{"start":{"line":82,"column":6},"end":{"line":82,"column":61}}}},"branchMap":{"0":{"loc":{"start":{"line":56,"column":6},"end":{"line":56,"column":67}},"type":"cond-expr","locations":[{"start":{"line":56,"column":24},"end":{"line":56,"column":59}},{"start":{"line":56,"column":62},"end":{"line":56,"column":67}}]},"1":{"loc":{"start":{"line":62,"column":6},"end":{"line":75,"column":7}},"type":"if","locations":[{"start":{"line":62,"column":6},"end":{"line":75,"column":7}}]},"2":{"loc":{"start":{"line":63,"column":8},"end":{"line":74,"column":9}},"type":"if","locations":[{"start":{"line":63,"column":8},"end":{"line":74,"column":9}},{"start":{"line":69,"column":15},"end":{"line":74,"column":9}}]},"3":{"loc":{"start":{"line":63,"column":12},"end":{"line":63,"column":49}},"type":"binary-expr","locations":[{"start":{"line":63,"column":12},"end":{"line":63,"column":28}},{"start":{"line":63,"column":32},"end":{"line":63,"column":49}}]},"4":{"loc":{"start":{"line":69,"column":15},"end":{"line":74,"column":9}},"type":"if","locations":[{"start":{"line":69,"column":15},"end":{"line":74,"column":9}}]},"5":{"loc":{"start":{"line":82,"column":6},"end":{"line":82,"column":61}},"type":"cond-expr","locations":[{"start":{"line":82,"column":24},"end":{"line":82,"column":53}},{"start":{"line":82,"column":56},"end":{"line":82,"column":61}}]}},"s":{"0":0,"1":0,"2":0,"3":0,"4":0,"5":0,"6":0,"7":0,"8":0,"9":0,"10":0,"11":0,"12":0,"13":0,"14":0,"15":0,"16":0,"17":0,"18":0,"19":0,"20":0,"21":0,"22":0,"23":0,"24":0,"25":0,"26":0,"27":0,"28":0,"29":0,"30":0,"31":0,"32":0,"33":0,"34":0,"35":0,"36":0,"37":0,"38":0,"39":0,"40":0},"f":{"0":0,"1":0,"2":0,"3":0,"4":0,"5":0,"6":0,"7":0,"8":0,"9":0},"b":{"0":[0,0],"1":[0],"2":[0,0],"3":[0,0],"4":[0],"5":[0,0]}}
,"/Users/manuelfittko/github/geo-playground/src/__tests__/utils/testUtils.ts": {"path":"/Users/manuelfittko/github/geo-playground/src/__tests__/utils/testUtils.ts","statementMap":{"0":{"start":{"line":6,"column":32},"end":{"line":21,"column":1}},"1":{"start":{"line":9,"column":2},"end":{"line":20,"column":4}},"2":{"start":{"line":6,"column":13},"end":{"line":6,"column":32}},"3":{"start":{"line":26,"column":35},"end":{"line":42,"column":1}},"4":{"start":{"line":29,"column":2},"end":{"line":41,"column":4}},"5":{"start":{"line":26,"column":13},"end":{"line":26,"column":35}},"6":{"start":{"line":47,"column":34},"end":{"line":68,"column":1}},"7":{"start":{"line":50,"column":47},"end":{"line":54,"column":4}},"8":{"start":{"line":56,"column":2},"end":{"line":67,"column":4}},"9":{"start":{"line":47,"column":13},"end":{"line":47,"column":34}},"10":{"start":{"line":73,"column":30},"end":{"line":90,"column":1}},"11":{"start":{"line":76,"column":2},"end":{"line":89,"column":4}},"12":{"start":{"line":73,"column":13},"end":{"line":73,"column":30}},"13":{"start":{"line":95,"column":32},"end":{"line":102,"column":1}},"14":{"start":{"line":96,"column":2},"end":{"line":101,"column":4}},"15":{"start":{"line":95,"column":13},"end":{"line":95,"column":32}},"16":{"start":{"line":107,"column":30},"end":{"line":116,"column":1}},"17":{"start":{"line":112,"column":2},"end":{"line":115,"column":4}},"18":{"start":{"line":107,"column":13},"end":{"line":107,"column":30}},"19":{"start":{"line":121,"column":30},"end":{"line":167,"column":1}},"20":{"start":{"line":126,"column":2},"end":{"line":126,"column":48}},"21":{"start":{"line":126,"column":35},"end":{"line":126,"column":48}},"22":{"start":{"line":127,"column":2},"end":{"line":127,"column":44}},"23":{"start":{"line":127,"column":31},"end":{"line":127,"column":44}},"24":{"start":{"line":130,"column":2},"end":{"line":130,"column":81}},"25":{"start":{"line":130,"column":68},"end":{"line":130,"column":81}},"26":{"start":{"line":131,"column":2},"end":{"line":131,"column":76}},"27":{"start":{"line":131,"column":63},"end":{"line":131,"column":76}},"28":{"start":{"line":134,"column":2},"end":{"line":166,"column":3}},"29":{"start":{"line":136,"column":6},"end":{"line":136,"column":89}},"30":{"start":{"line":139,"column":6},"end":{"line":142,"column":8}},"31":{"start":{"line":145,"column":19},"end":{"line":145,"column":37}},"32":{"start":{"line":146,"column":19},"end":{"line":146,"column":37}},"33":{"start":{"line":147,"column":6},"end":{"line":151,"column":8}},"34":{"start":{"line":155,"column":20},"end":{"line":155,"column":34}},"35":{"start":{"line":156,"column":20},"end":{"line":156,"column":34}},"36":{"start":{"line":157,"column":6},"end":{"line":161,"column":8}},"37":{"start":{"line":165,"column":6},"end":{"line":165,"column":19}},"38":{"start":{"line":121,"column":13},"end":{"line":121,"column":30}}},"fnMap":{"0":{"name":"(anonymous_0)","decl":{"start":{"line":6,"column":32},"end":{"line":6,"column":null}},"loc":{"start":{"line":8,"column":12},"end":{"line":21,"column":1}}},"1":{"name":"(anonymous_1)","decl":{"start":{"line":26,"column":35},"end":{"line":26,"column":null}},"loc":{"start":{"line":28,"column":15},"end":{"line":42,"column":1}}},"2":{"name":"(anonymous_2)","decl":{"start":{"line":47,"column":34},"end":{"line":47,"column":null}},"loc":{"start":{"line":49,"column":14},"end":{"line":68,"column":1}}},"3":{"name":"(anonymous_3)","decl":{"start":{"line":73,"column":30},"end":{"line":73,"column":null}},"loc":{"start":{"line":75,"column":10},"end":{"line":90,"column":1}}},"4":{"name":"(anonymous_4)","decl":{"start":{"line":95,"column":32},"end":{"line":95,"column":47}},"loc":{"start":{"line":95,"column":49},"end":{"line":102,"column":1}}},"5":{"name":"(anonymous_5)","decl":{"start":{"line":107,"column":30},"end":{"line":107,"column":null}},"loc":{"start":{"line":111,"column":13},"end":{"line":116,"column":1}}},"6":{"name":"(anonymous_6)","decl":{"start":{"line":121,"column":30},"end":{"line":121,"column":null}},"loc":{"start":{"line":125,"column":13},"end":{"line":167,"column":1}}}},"branchMap":{"0":{"loc":{"start":{"line":7,"column":2},"end":{"line":7,"column":33}},"type":"default-arg","locations":[{"start":{"line":7,"column":31},"end":{"line":7,"column":33}}]},"1":{"loc":{"start":{"line":27,"column":2},"end":{"line":27,"column":36}},"type":"default-arg","locations":[{"start":{"line":27,"column":34},"end":{"line":27,"column":36}}]},"2":{"loc":{"start":{"line":48,"column":2},"end":{"line":48,"column":35}},"type":"default-arg","locations":[{"start":{"line":48,"column":33},"end":{"line":48,"column":35}}]},"3":{"loc":{"start":{"line":74,"column":2},"end":{"line":74,"column":31}},"type":"default-arg","locations":[{"start":{"line":74,"column":29},"end":{"line":74,"column":31}}]},"4":{"loc":{"start":{"line":110,"column":2},"end":{"line":110,"column":19}},"type":"default-arg","locations":[{"start":{"line":110,"column":14},"end":{"line":110,"column":19}}]},"5":{"loc":{"start":{"line":113,"column":4},"end":{"line":114,"column":45}},"type":"binary-expr","locations":[{"start":{"line":113,"column":4},"end":{"line":113,"column":45}},{"start":{"line":114,"column":4},"end":{"line":114,"column":45}}]},"6":{"loc":{"start":{"line":124,"column":2},"end":{"line":124,"column":19}},"type":"default-arg","locations":[{"start":{"line":124,"column":14},"end":{"line":124,"column":19}}]},"7":{"loc":{"start":{"line":126,"column":2},"end":{"line":126,"column":48}},"type":"if","locations":[{"start":{"line":126,"column":2},"end":{"line":126,"column":48}}]},"8":{"loc":{"start":{"line":127,"column":2},"end":{"line":127,"column":44}},"type":"if","locations":[{"start":{"line":127,"column":2},"end":{"line":127,"column":44}}]},"9":{"loc":{"start":{"line":130,"column":2},"end":{"line":130,"column":81}},"type":"if","locations":[{"start":{"line":130,"column":2},"end":{"line":130,"column":81}}]},"10":{"loc":{"start":{"line":131,"column":2},"end":{"line":131,"column":76}},"type":"if","locations":[{"start":{"line":131,"column":2},"end":{"line":131,"column":76}}]},"11":{"loc":{"start":{"line":134,"column":2},"end":{"line":166,"column":3}},"type":"switch","locations":[{"start":{"line":135,"column":4},"end":{"line":136,"column":89}},{"start":{"line":138,"column":4},"end":{"line":142,"column":8}},{"start":{"line":144,"column":4},"end":{"line":152,"column":5}},{"start":{"line":154,"column":4},"end":{"line":162,"column":5}},{"start":{"line":164,"column":4},"end":{"line":165,"column":19}}]},"12":{"loc":{"start":{"line":140,"column":8},"end":{"line":141,"column":89}},"type":"binary-expr","locations":[{"start":{"line":140,"column":8},"end":{"line":140,"column":87}},{"start":{"line":141,"column":8},"end":{"line":141,"column":89}}]},"13":{"loc":{"start":{"line":148,"column":8},"end":{"line":150,"column":65}},"type":"binary-expr","locations":[{"start":{"line":148,"column":8},"end":{"line":148,"column":65}},{"start":{"line":149,"column":8},"end":{"line":149,"column":65}},{"start":{"line":150,"column":8},"end":{"line":150,"column":65}}]},"14":{"loc":{"start":{"line":158,"column":8},"end":{"line":160,"column":57}},"type":"binary-expr","locations":[{"start":{"line":158,"column":8},"end":{"line":158,"column":69}},{"start":{"line":159,"column":8},"end":{"line":159,"column":65}},{"start":{"line":160,"column":8},"end":{"line":160,"column":57}}]}},"s":{"0":6,"1":20,"2":6,"3":6,"4":17,"5":6,"6":6,"7":10,"8":10,"9":6,"10":6,"11":12,"12":6,"13":6,"14":3,"15":6,"16":6,"17":10,"18":6,"19":6,"20":0,"21":0,"22":0,"23":0,"24":0,"25":0,"26":0,"27":0,"28":0,"29":0,"30":0,"31":0,"32":0,"33":0,"34":0,"35":0,"36":0,"37":0,"38":6},"f":{"0":20,"1":17,"2":10,"3":12,"4":3,"5":10,"6":0},"b":{"0":[9],"1":[6],"2":[6],"3":[5],"4":[10],"5":[10,10],"6":[0],"7":[0],"8":[0],"9":[0],"10":[0],"11":[0,0,0,0,0],"12":[0,0],"13":[0,0,0],"14":[0,0,0]}}
,"/Users/manuelfittko/github/geo-playground/src/components/CalibrationTool.tsx": {"path":"/Users/manuelfittko/github/geo-playground/src/components/CalibrationTool.tsx","statementMap":{"0":{"start":{"line":1,"column":0},"end":{"line":1,"column":59}},"1":{"start":{"line":2,"column":0},"end":{"line":2,"column":109}},"2":{"start":{"line":3,"column":0},"end":{"line":3,"column":48}},"3":{"start":{"line":4,"column":0},"end":{"line":4,"column":46}},"4":{"start":{"line":5,"column":0},"end":{"line":5,"column":46}},"5":{"start":{"line":14,"column":56},"end":{"line":168,"column":1}},"6":{"start":{"line":19,"column":52},"end":{"line":19,"column":72}},"7":{"start":{"line":20,"column":44},"end":{"line":20,"column":82}},"8":{"start":{"line":21,"column":58},"end":{"line":21,"column":77}},"9":{"start":{"line":22,"column":44},"end":{"line":22,"column":68}},"10":{"start":{"line":23,"column":18},"end":{"line":23,"column":46}},"11":{"start":{"line":26,"column":2},"end":{"line":30,"column":56}},"12":{"start":{"line":27,"column":4},"end":{"line":29,"column":5}},"13":{"start":{"line":28,"column":6},"end":{"line":28,"column":65}},"14":{"start":{"line":32,"column":27},"end":{"line":36,"column":3}},"15":{"start":{"line":33,"column":4},"end":{"line":33,"column":27}},"16":{"start":{"line":35,"column":4},"end":{"line":35,"column":63}},"17":{"start":{"line":38,"column":28},"end":{"line":42,"column":3}},"18":{"start":{"line":39,"column":17},"end":{"line":39,"column":34}},"19":{"start":{"line":40,"column":29},"end":{"line":40,"column":62}},"20":{"start":{"line":41,"column":4},"end":{"line":41,"column":39}},"21":{"start":{"line":44,"column":30},"end":{"line":48,"column":3}},"22":{"start":{"line":45,"column":17},"end":{"line":45,"column":38}},"23":{"start":{"line":46,"column":29},"end":{"line":46,"column":89}},"24":{"start":{"line":47,"column":4},"end":{"line":47,"column":39}},"25":{"start":{"line":50,"column":30},"end":{"line":53,"column":3}},"26":{"start":{"line":51,"column":4},"end":{"line":51,"column":41}},"27":{"start":{"line":52,"column":4},"end":{"line":52,"column":28}},"28":{"start":{"line":55,"column":28},"end":{"line":58,"column":3}},"29":{"start":{"line":56,"column":4},"end":{"line":56,"column":43}},"30":{"start":{"line":57,"column":4},"end":{"line":57,"column":28}},"31":{"start":{"line":60,"column":20},"end":{"line":60,"column":71}},"32":{"start":{"line":61,"column":19},"end":{"line":61,"column":34}},"33":{"start":{"line":63,"column":2},"end":{"line":167,"column":4}},"34":{"start":{"line":86,"column":33},"end":{"line":86,"column":87}},"35":{"start":{"line":118,"column":35},"end":{"line":118,"column":59}},"36":{"start":{"line":125,"column":35},"end":{"line":125,"column":58}},"37":{"start":{"line":138,"column":35},"end":{"line":138,"column":61}},"38":{"start":{"line":145,"column":35},"end":{"line":145,"column":60}},"39":{"start":{"line":170,"column":0},"end":{"line":170,"column":31}}},"fnMap":{"0":{"name":"(anonymous_0)","decl":{"start":{"line":14,"column":56},"end":{"line":14,"column":57}},"loc":{"start":{"line":18,"column":5},"end":{"line":168,"column":1}}},"1":{"name":"(anonymous_1)","decl":{"start":{"line":26,"column":12},"end":{"line":26,"column":15}},"loc":{"start":{"line":26,"column":17},"end":{"line":30,"column":3}}},"2":{"name":"(anonymous_2)","decl":{"start":{"line":32,"column":27},"end":{"line":32,"column":30}},"loc":{"start":{"line":32,"column":32},"end":{"line":36,"column":3}}},"3":{"name":"(anonymous_3)","decl":{"start":{"line":38,"column":28},"end":{"line":38,"column":29}},"loc":{"start":{"line":38,"column":50},"end":{"line":42,"column":3}}},"4":{"name":"(anonymous_4)","decl":{"start":{"line":44,"column":30},"end":{"line":44,"column":31}},"loc":{"start":{"line":44,"column":52},"end":{"line":48,"column":3}}},"5":{"name":"(anonymous_5)","decl":{"start":{"line":50,"column":30},"end":{"line":50,"column":33}},"loc":{"start":{"line":50,"column":35},"end":{"line":53,"column":3}}},"6":{"name":"(anonymous_6)","decl":{"start":{"line":55,"column":28},"end":{"line":55,"column":31}},"loc":{"start":{"line":55,"column":33},"end":{"line":58,"column":3}}},"7":{"name":"(anonymous_7)","decl":{"start":{"line":86,"column":26},"end":{"line":86,"column":27}},"loc":{"start":{"line":86,"column":33},"end":{"line":86,"column":87}}},"8":{"name":"(anonymous_8)","decl":{"start":{"line":118,"column":29},"end":{"line":118,"column":32}},"loc":{"start":{"line":118,"column":35},"end":{"line":118,"column":59}}},"9":{"name":"(anonymous_9)","decl":{"start":{"line":125,"column":29},"end":{"line":125,"column":32}},"loc":{"start":{"line":125,"column":35},"end":{"line":125,"column":58}}},"10":{"name":"(anonymous_10)","decl":{"start":{"line":138,"column":29},"end":{"line":138,"column":32}},"loc":{"start":{"line":138,"column":35},"end":{"line":138,"column":61}}},"11":{"name":"(anonymous_11)","decl":{"start":{"line":145,"column":29},"end":{"line":145,"column":32}},"loc":{"start":{"line":145,"column":35},"end":{"line":145,"column":60}}}},"branchMap":{"0":{"loc":{"start":{"line":27,"column":4},"end":{"line":29,"column":5}},"type":"if","locations":[{"start":{"line":27,"column":4},"end":{"line":29,"column":5}}]},"1":{"loc":{"start":{"line":39,"column":17},"end":{"line":39,"column":34}},"type":"cond-expr","locations":[{"start":{"line":39,"column":28},"end":{"line":39,"column":29}},{"start":{"line":39,"column":32},"end":{"line":39,"column":34}}]},"2":{"loc":{"start":{"line":45,"column":17},"end":{"line":45,"column":38}},"type":"cond-expr","locations":[{"start":{"line":45,"column":28},"end":{"line":45,"column":31}},{"start":{"line":45,"column":34},"end":{"line":45,"column":38}}]},"3":{"loc":{"start":{"line":60,"column":20},"end":{"line":60,"column":71}},"type":"cond-expr","locations":[{"start":{"line":60,"column":47},"end":{"line":60,"column":60}},{"start":{"line":60,"column":63},"end":{"line":60,"column":71}}]},"4":{"loc":{"start":{"line":72,"column":9},"end":{"line":157,"column":null}},"type":"cond-expr","locations":[{"start":{"line":73,"column":10},"end":{"line":90,"column":null}},{"start":{"line":93,"column":10},"end":{"line":156,"column":null}}]},"5":{"loc":{"start":{"line":86,"column":54},"end":{"line":86,"column":86}},"type":"binary-expr","locations":[{"start":{"line":86,"column":54},"end":{"line":86,"column":80}},{"start":{"line":86,"column":84},"end":{"line":86,"column":86}}]},"6":{"loc":{"start":{"line":160,"column":7},"end":{"line":164,"column":null}},"type":"binary-expr","locations":[{"start":{"line":160,"column":7},"end":{"line":160,"column":20}},{"start":{"line":161,"column":8},"end":{"line":163,"column":null}}]}},"s":{"0":0,"1":0,"2":0,"3":0,"4":0,"5":0,"6":0,"7":0,"8":0,"9":0,"10":0,"11":0,"12":0,"13":0,"14":0,"15":0,"16":0,"17":0,"18":0,"19":0,"20":0,"21":0,"22":0,"23":0,"24":0,"25":0,"26":0,"27":0,"28":0,"29":0,"30":0,"31":0,"32":0,"33":0,"34":0,"35":0,"36":0,"37":0,"38":0,"39":0},"f":{"0":0,"1":0,"2":0,"3":0,"4":0,"5":0,"6":0,"7":0,"8":0,"9":0,"10":0,"11":0},"b":{"0":[0],"1":[0,0],"2":[0,0],"3":[0,0],"4":[0,0],"5":[0,0],"6":[0,0]}}
,"/Users/manuelfittko/github/geo-playground/src/components/CanvasGrid.tsx": {"path":"/Users/manuelfittko/github/geo-playground/src/components/CanvasGrid.tsx","statementMap":{"0":{"start":{"line":3,"column":0},"end":{"line":3,"column":57}},"1":{"start":{"line":12,"column":46},"end":{"line":30,"column":1}},"2":{"start":{"line":18,"column":2},"end":{"line":18,"column":103}},"3":{"start":{"line":20,"column":2},"end":{"line":29,"column":4}},"4":{"start":{"line":32,"column":0},"end":{"line":32,"column":26}}},"fnMap":{"0":{"name":"(anonymous_1)","decl":{"start":{"line":12,"column":46},"end":{"line":12,"column":47}},"loc":{"start":{"line":17,"column":5},"end":{"line":30,"column":1}}}},"branchMap":{},"s":{"0":0,"1":0,"2":0,"3":0,"4":0},"f":{"0":0},"b":{}}
,"/Users/manuelfittko/github/geo-playground/src/components/FormulaEditor.tsx": {"path":"/Users/manuelfittko/github/geo-playground/src/components/FormulaEditor.tsx","statementMap":{"0":{"start":{"line":1,"column":0},"end":{"line":1,"column":51}},"1":{"start":{"line":3,"column":0},"end":{"line":3,"column":46}},"2":{"start":{"line":4,"column":0},"end":{"line":4,"column":46}},"3":{"start":{"line":5,"column":0},"end":{"line":5,"column":48}},"4":{"start":{"line":6,"column":0},"end":{"line":6,"column":97}},"5":{"start":{"line":7,"column":0},"end":{"line":7,"column":82}},"6":{"start":{"line":8,"column":0},"end":{"line":8,"column":93}},"7":{"start":{"line":10,"column":0},"end":{"line":10,"column":80}},"8":{"start":{"line":11,"column":0},"end":{"line":11,"column":49}},"9":{"start":{"line":12,"column":0},"end":{"line":12,"column":48}},"10":{"start":{"line":23,"column":52},"end":{"line":287,"column":1}},"11":{"start":{"line":31,"column":50},"end":{"line":31,"column":79}},"12":{"start":{"line":33,"column":12},"end":{"line":33,"column":26}},"13":{"start":{"line":34,"column":19},"end":{"line":34,"column":39}},"14":{"start":{"line":37,"column":29},"end":{"line":39,"column":3}},"15":{"start":{"line":38,"column":4},"end":{"line":38,"column":57}},"16":{"start":{"line":38,"column":30},"end":{"line":38,"column":55}},"17":{"start":{"line":42,"column":30},"end":{"line":52,"column":3}},"18":{"start":{"line":44,"column":23},"end":{"line":44,"column":55}},"19":{"start":{"line":46,"column":4},"end":{"line":48,"column":5}},"20":{"start":{"line":47,"column":6},"end":{"line":47,"column":36}},"21":{"start":{"line":49,"column":4},"end":{"line":49,"column":53}},"22":{"start":{"line":50,"column":4},"end":{"line":50,"column":29}},"23":{"start":{"line":51,"column":4},"end":{"line":51,"column":39}},"24":{"start":{"line":55,"column":30},"end":{"line":59,"column":3}},"25":{"start":{"line":56,"column":4},"end":{"line":58,"column":5}},"26":{"start":{"line":57,"column":6},"end":{"line":57,"column":58}},"27":{"start":{"line":62,"column":22},"end":{"line":75,"column":3}},"28":{"start":{"line":63,"column":23},"end":{"line":67,"column":6}},"29":{"start":{"line":69,"column":4},"end":{"line":71,"column":5}},"30":{"start":{"line":70,"column":6},"end":{"line":70,"column":36}},"31":{"start":{"line":72,"column":4},"end":{"line":72,"column":56}},"32":{"start":{"line":73,"column":4},"end":{"line":73,"column":29}},"33":{"start":{"line":74,"column":4},"end":{"line":74,"column":39}},"34":{"start":{"line":78,"column":2},"end":{"line":82,"column":35}},"35":{"start":{"line":79,"column":4},"end":{"line":81,"column":5}},"36":{"start":{"line":80,"column":6},"end":{"line":80,"column":42}},"37":{"start":{"line":85,"column":34},"end":{"line":92,"column":3}},"38":{"start":{"line":86,"column":4},"end":{"line":91,"column":5}},"39":{"start":{"line":89,"column":32},"end":{"line":89,"column":54}},"40":{"start":{"line":90,"column":6},"end":{"line":90,"column":76}},"41":{"start":{"line":95,"column":29},"end":{"line":101,"column":44}},"42":{"start":{"line":96,"column":4},"end":{"line":98,"column":5}},"43":{"start":{"line":97,"column":6},"end":{"line":97,"column":33}},"44":{"start":{"line":99,"column":4},"end":{"line":99,"column":40}},"45":{"start":{"line":100,"column":4},"end":{"line":100,"column":15}},"46":{"start":{"line":103,"column":2},"end":{"line":105,"column":3}},"47":{"start":{"line":104,"column":4},"end":{"line":104,"column":16}},"48":{"start":{"line":108,"column":29},"end":{"line":108,"column":69}},"49":{"start":{"line":111,"column":25},"end":{"line":111,"column":55}},"50":{"start":{"line":113,"column":2},"end":{"line":286,"column":4}},"51":{"start":{"line":120,"column":16},"end":{"line":121,"column":null}},"52":{"start":{"line":125,"column":33},"end":{"line":125,"column":64}},"53":{"start":{"line":138,"column":24},"end":{"line":138,"column":44}},"54":{"start":{"line":139,"column":24},"end":{"line":139,"column":52}},"55":{"start":{"line":141,"column":50},"end":{"line":141,"column":91}},"56":{"start":{"line":141,"column":71},"end":{"line":141,"column":90}},"57":{"start":{"line":142,"column":24},"end":{"line":142,"column":107}},"58":{"start":{"line":174,"column":39},"end":{"line":174,"column":88}},"59":{"start":{"line":191,"column":28},"end":{"line":191,"column":null}},"60":{"start":{"line":195,"column":34},"end":{"line":196,"column":null}},"61":{"start":{"line":199,"column":38},"end":{"line":204,"column":39}},"62":{"start":{"line":201,"column":40},"end":{"line":201,"column":94}},"63":{"start":{"line":203,"column":40},"end":{"line":203,"column":61}},"64":{"start":{"line":232,"column":39},"end":{"line":232,"column":83}},"65":{"start":{"line":240,"column":41},"end":{"line":240,"column":85}},"66":{"start":{"line":289,"column":0},"end":{"line":289,"column":29}}},"fnMap":{"0":{"name":"(anonymous_0)","decl":{"start":{"line":23,"column":52},"end":{"line":23,"column":53}},"loc":{"start":{"line":30,"column":5},"end":{"line":287,"column":1}}},"1":{"name":"(anonymous_1)","decl":{"start":{"line":37,"column":29},"end":{"line":37,"column":53}},"loc":{"start":{"line":37,"column":55},"end":{"line":39,"column":3}}},"2":{"name":"(anonymous_2)","decl":{"start":{"line":38,"column":25},"end":{"line":38,"column":26}},"loc":{"start":{"line":38,"column":30},"end":{"line":38,"column":55}}},"3":{"name":"(anonymous_3)","decl":{"start":{"line":42,"column":30},"end":{"line":42,"column":33}},"loc":{"start":{"line":42,"column":35},"end":{"line":52,"column":3}}},"4":{"name":"(anonymous_4)","decl":{"start":{"line":55,"column":30},"end":{"line":55,"column":31}},"loc":{"start":{"line":55,"column":106},"end":{"line":59,"column":3}}},"5":{"name":"(anonymous_5)","decl":{"start":{"line":62,"column":22},"end":{"line":62,"column":23}},"loc":{"start":{"line":62,"column":50},"end":{"line":75,"column":3}}},"6":{"name":"(anonymous_6)","decl":{"start":{"line":78,"column":12},"end":{"line":78,"column":15}},"loc":{"start":{"line":78,"column":17},"end":{"line":82,"column":3}}},"7":{"name":"(anonymous_7)","decl":{"start":{"line":85,"column":34},"end":{"line":85,"column":35}},"loc":{"start":{"line":85,"column":54},"end":{"line":92,"column":3}}},"8":{"name":"(anonymous_8)","decl":{"start":{"line":95,"column":45},"end":{"line":95,"column":46}},"loc":{"start":{"line":95,"column":62},"end":{"line":101,"column":3}}},"9":{"name":"(anonymous_9)","decl":{"start":{"line":119,"column":28},"end":{"line":119,"column":29}},"loc":{"start":{"line":120,"column":16},"end":{"line":121,"column":null}}},"10":{"name":"(anonymous_10)","decl":{"start":{"line":125,"column":27},"end":{"line":125,"column":30}},"loc":{"start":{"line":125,"column":33},"end":{"line":125,"column":64}}},"11":{"name":"(anonymous_11)","decl":{"start":{"line":137,"column":31},"end":{"line":137,"column":32}},"loc":{"start":{"line":137,"column":37},"end":{"line":143,"column":23}}},"12":{"name":"(anonymous_12)","decl":{"start":{"line":141,"column":66},"end":{"line":141,"column":67}},"loc":{"start":{"line":141,"column":71},"end":{"line":141,"column":90}}},"13":{"name":"(anonymous_13)","decl":{"start":{"line":174,"column":32},"end":{"line":174,"column":33}},"loc":{"start":{"line":174,"column":39},"end":{"line":174,"column":88}}},"14":{"name":"(anonymous_14)","decl":{"start":{"line":190,"column":66},"end":{"line":190,"column":67}},"loc":{"start":{"line":191,"column":28},"end":{"line":191,"column":null}}},"15":{"name":"(anonymous_15)","decl":{"start":{"line":194,"column":54},"end":{"line":194,"column":55}},"loc":{"start":{"line":195,"column":34},"end":{"line":196,"column":null}}},"16":{"name":"(anonymous_16)","decl":{"start":{"line":198,"column":45},"end":{"line":198,"column":48}},"loc":{"start":{"line":198,"column":50},"end":{"line":205,"column":37}}},"17":{"name":"(anonymous_17)","decl":{"start":{"line":232,"column":32},"end":{"line":232,"column":33}},"loc":{"start":{"line":232,"column":39},"end":{"line":232,"column":83}}},"18":{"name":"(anonymous_18)","decl":{"start":{"line":240,"column":34},"end":{"line":240,"column":35}},"loc":{"start":{"line":240,"column":41},"end":{"line":240,"column":85}}}},"branchMap":{"0":{"loc":{"start":{"line":46,"column":4},"end":{"line":48,"column":5}},"type":"if","locations":[{"start":{"line":46,"column":4},"end":{"line":48,"column":5}}]},"1":{"loc":{"start":{"line":56,"column":4},"end":{"line":58,"column":5}},"type":"if","locations":[{"start":{"line":56,"column":4},"end":{"line":58,"column":5}}]},"2":{"loc":{"start":{"line":69,"column":4},"end":{"line":71,"column":5}},"type":"if","locations":[{"start":{"line":69,"column":4},"end":{"line":71,"column":5}}]},"3":{"loc":{"start":{"line":79,"column":4},"end":{"line":81,"column":5}},"type":"if","locations":[{"start":{"line":79,"column":4},"end":{"line":81,"column":5}}]},"4":{"loc":{"start":{"line":79,"column":8},"end":{"line":79,"column":48}},"type":"binary-expr","locations":[{"start":{"line":79,"column":8},"end":{"line":79,"column":27}},{"start":{"line":79,"column":31},"end":{"line":79,"column":48}}]},"5":{"loc":{"start":{"line":86,"column":4},"end":{"line":91,"column":5}},"type":"if","locations":[{"start":{"line":86,"column":4},"end":{"line":91,"column":5}}]},"6":{"loc":{"start":{"line":96,"column":4},"end":{"line":98,"column":5}},"type":"if","locations":[{"start":{"line":96,"column":4},"end":{"line":98,"column":5}}]},"7":{"loc":{"start":{"line":103,"column":2},"end":{"line":105,"column":3}},"type":"if","locations":[{"start":{"line":103,"column":2},"end":{"line":105,"column":3}}]},"8":{"loc":{"start":{"line":108,"column":29},"end":{"line":108,"column":69}},"type":"binary-expr","locations":[{"start":{"line":108,"column":29},"end":{"line":108,"column":62}},{"start":{"line":108,"column":66},"end":{"line":108,"column":69}}]},"9":{"loc":{"start":{"line":122,"column":27},"end":{"line":122,"column":84}},"type":"cond-expr","locations":[{"start":{"line":122,"column":61},"end":{"line":122,"column":72}},{"start":{"line":122,"column":75},"end":{"line":122,"column":84}}]},"10":{"loc":{"start":{"line":132,"column":21},"end":{"line":132,"column":82}},"type":"cond-expr","locations":[{"start":{"line":132,"column":42},"end":{"line":132,"column":60}},{"start":{"line":132,"column":63},"end":{"line":132,"column":82}}]},"11":{"loc":{"start":{"line":134,"column":19},"end":{"line":147,"column":null}},"type":"binary-expr","locations":[{"start":{"line":134,"column":19},"end":{"line":134,"column":50}},{"start":{"line":135,"column":20},"end":{"line":146,"column":null}}]},"12":{"loc":{"start":{"line":142,"column":44},"end":{"line":142,"column":105}},"type":"cond-expr","locations":[{"start":{"line":142,"column":75},"end":{"line":142,"column":98}},{"start":{"line":142,"column":101},"end":{"line":142,"column":105}}]},"13":{"loc":{"start":{"line":165,"column":11},"end":{"line":281,"column":null}},"type":"binary-expr","locations":[{"start":{"line":165,"column":11},"end":{"line":165,"column":27}},{"start":{"line":166,"column":12},"end":{"line":280,"column":null}}]},"14":{"loc":{"start":{"line":173,"column":29},"end":{"line":173,"column":88}},"type":"binary-expr","locations":[{"start":{"line":173,"column":29},"end":{"line":173,"column":61}},{"start":{"line":173,"column":65},"end":{"line":173,"column":88}}]},"15":{"loc":{"start":{"line":199,"column":38},"end":{"line":204,"column":39}},"type":"if","locations":[{"start":{"line":199,"column":38},"end":{"line":204,"column":39}},{"start":{"line":202,"column":45},"end":{"line":204,"column":39}}]},"16":{"loc":{"start":{"line":231,"column":29},"end":{"line":231,"column":69}},"type":"binary-expr","locations":[{"start":{"line":231,"column":29},"end":{"line":231,"column":56}},{"start":{"line":231,"column":60},"end":{"line":231,"column":69}}]},"17":{"loc":{"start":{"line":239,"column":31},"end":{"line":239,"column":71}},"type":"binary-expr","locations":[{"start":{"line":239,"column":31},"end":{"line":239,"column":58}},{"start":{"line":239,"column":62},"end":{"line":239,"column":71}}]},"18":{"loc":{"start":{"line":254,"column":21},"end":{"line":256,"column":53}},"type":"cond-expr","locations":[{"start":{"line":255,"column":24},"end":{"line":255,"column":53}},{"start":{"line":256,"column":24},"end":{"line":256,"column":53}}]}},"s":{"0":0,"1":0,"2":0,"3":0,"4":0,"5":0,"6":0,"7":0,"8":0,"9":0,"10":0,"11":0,"12":0,"13":0,"14":0,"15":0,"16":0,"17":0,"18":0,"19":0,"20":0,"21":0,"22":0,"23":0,"24":0,"25":0,"26":0,"27":0,"28":0,"29":0,"30":0,"31":0,"32":0,"33":0,"34":0,"35":0,"36":0,"37":0,"38":0,"39":0,"40":0,"41":0,"42":0,"43":0,"44":0,"45":0,"46":0,"47":0,"48":0,"49":0,"50":0,"51":0,"52":0,"53":0,"54":0,"55":0,"56":0,"57":0,"58":0,"59":0,"60":0,"61":0,"62":0,"63":0,"64":0,"65":0,"66":0},"f":{"0":0,"1":0,"2":0,"3":0,"4":0,"5":0,"6":0,"7":0,"8":0,"9":0,"10":0,"11":0,"12":0,"13":0,"14":0,"15":0,"16":0,"17":0,"18":0},"b":{"0":[0],"1":[0],"2":[0],"3":[0],"4":[0,0],"5":[0],"6":[0],"7":[0],"8":[0,0],"9":[0,0],"10":[0,0],"11":[0,0],"12":[0,0],"13":[0,0],"14":[0,0],"15":[0,0],"16":[0,0],"17":[0,0],"18":[0,0]}}
,"/Users/manuelfittko/github/geo-playground/src/components/FormulaGraph.tsx": {"path":"/Users/manuelfittko/github/geo-playground/src/components/FormulaGraph.tsx","statementMap":{"0":{"start":{"line":1,"column":0},"end":{"line":1,"column":68}},"1":{"start":{"line":4,"column":0},"end":{"line":4,"column":55}},"2":{"start":{"line":5,"column":0},"end":{"line":5,"column":73}},"3":{"start":{"line":23,"column":50},"end":{"line":428,"column":1}},"4":{"start":{"line":31,"column":24},"end":{"line":31,"column":37}},"5":{"start":{"line":32,"column":32},"end":{"line":32,"column":41}},"6":{"start":{"line":33,"column":30},"end":{"line":33,"column":56}},"7":{"start":{"line":34,"column":38},"end":{"line":34,"column":53}},"8":{"start":{"line":35,"column":44},"end":{"line":35,"column":105}},"9":{"start":{"line":38,"column":26},"end":{"line":43,"column":20}},"10":{"start":{"line":40,"column":21},"end":{"line":40,"column":55}},"11":{"start":{"line":41,"column":21},"end":{"line":41,"column":55}},"12":{"start":{"line":42,"column":4},"end":{"line":42,"column":37}},"13":{"start":{"line":46,"column":2},"end":{"line":60,"column":21}},"14":{"start":{"line":47,"column":16},"end":{"line":47,"column":26}},"15":{"start":{"line":50,"column":4},"end":{"line":55,"column":5}},"16":{"start":{"line":51,"column":6},"end":{"line":51,"column":36}},"17":{"start":{"line":54,"column":6},"end":{"line":54,"column":35}},"18":{"start":{"line":58,"column":4},"end":{"line":58,"column":40}},"19":{"start":{"line":59,"column":4},"end":{"line":59,"column":47}},"20":{"start":{"line":63,"column":20},"end":{"line":65,"column":57}},"21":{"start":{"line":68,"column":17},"end":{"line":98,"column":47}},"22":{"start":{"line":70,"column":4},"end":{"line":70,"column":24}},"23":{"start":{"line":72,"column":4},"end":{"line":72,"column":129}},"24":{"start":{"line":75,"column":25},"end":{"line":75,"column":70}},"25":{"start":{"line":78,"column":33},"end":{"line":78,"column":35}},"26":{"start":{"line":81,"column":26},"end":{"line":85,"column":5}},"27":{"start":{"line":82,"column":6},"end":{"line":82,"column":83}},"28":{"start":{"line":83,"column":6},"end":{"line":83,"column":95}},"29":{"start":{"line":84,"column":6},"end":{"line":84,"column":27}},"30":{"start":{"line":88,"column":4},"end":{"line":97,"column":5}},"31":{"start":{"line":89,"column":6},"end":{"line":89,"column":35}},"32":{"start":{"line":91,"column":6},"end":{"line":91,"column":16}},"33":{"start":{"line":94,"column":6},"end":{"line":94,"column":83}},"34":{"start":{"line":95,"column":6},"end":{"line":95,"column":27}},"35":{"start":{"line":96,"column":6},"end":{"line":96,"column":20}},"36":{"start":{"line":101,"column":2},"end":{"line":144,"column":48}},"37":{"start":{"line":102,"column":4},"end":{"line":102,"column":83}},"38":{"start":{"line":103,"column":4},"end":{"line":103,"column":65}},"39":{"start":{"line":106,"column":4},"end":{"line":110,"column":5}},"40":{"start":{"line":107,"column":6},"end":{"line":107,"column":60}},"41":{"start":{"line":108,"column":6},"end":{"line":108,"column":29}},"42":{"start":{"line":109,"column":6},"end":{"line":109,"column":13}},"43":{"start":{"line":112,"column":4},"end":{"line":112,"column":75}},"44":{"start":{"line":115,"column":4},"end":{"line":143,"column":5}},"45":{"start":{"line":116,"column":6},"end":{"line":116,"column":111}},"46":{"start":{"line":118,"column":20},"end":{"line":118,"column":50}},"47":{"start":{"line":119,"column":6},"end":{"line":127,"column":7}},"48":{"start":{"line":120,"column":8},"end":{"line":120,"column":83}},"49":{"start":{"line":121,"column":8},"end":{"line":124,"column":11}},"50":{"start":{"line":126,"column":8},"end":{"line":126,"column":92}},"51":{"start":{"line":128,"column":11},"end":{"line":143,"column":5}},"52":{"start":{"line":129,"column":6},"end":{"line":129,"column":72}},"53":{"start":{"line":131,"column":32},"end":{"line":131,"column":99}},"54":{"start":{"line":132,"column":6},"end":{"line":140,"column":7}},"55":{"start":{"line":133,"column":8},"end":{"line":133,"column":86}},"56":{"start":{"line":134,"column":8},"end":{"line":137,"column":11}},"57":{"start":{"line":139,"column":8},"end":{"line":139,"column":60}},"58":{"start":{"line":142,"column":6},"end":{"line":142,"column":55}},"59":{"start":{"line":147,"column":32},"end":{"line":167,"column":3}},"60":{"start":{"line":148,"column":4},"end":{"line":148,"column":50}},"61":{"start":{"line":148,"column":40},"end":{"line":148,"column":50}},"62":{"start":{"line":150,"column":23},"end":{"line":150,"column":25}},"63":{"start":{"line":151,"column":22},"end":{"line":151,"column":38}},"64":{"start":{"line":153,"column":4},"end":{"line":164,"column":7}},"65":{"start":{"line":154,"column":6},"end":{"line":154,"column":33}},"66":{"start":{"line":154,"column":26},"end":{"line":154,"column":33}},"67":{"start":{"line":156,"column":17},"end":{"line":156,"column":28}},"68":{"start":{"line":157,"column":17},"end":{"line":157,"column":28}},"69":{"start":{"line":158,"column":23},"end":{"line":158,"column":51}},"70":{"start":{"line":160,"column":6},"end":{"line":163,"column":7}},"71":{"start":{"line":161,"column":8},"end":{"line":161,"column":31}},"72":{"start":{"line":162,"column":8},"end":{"line":162,"column":29}},"73":{"start":{"line":166,"column":4},"end":{"line":166,"column":24}},"74":{"start":{"line":170,"column":2},"end":{"line":177,"column":27}},"75":{"start":{"line":171,"column":4},"end":{"line":173,"column":5}},"76":{"start":{"line":172,"column":6},"end":{"line":172,"column":130}},"77":{"start":{"line":176,"column":4},"end":{"line":176,"column":27}},"78":{"start":{"line":180,"column":21},"end":{"line":236,"column":3}},"79":{"start":{"line":181,"column":4},"end":{"line":181,"column":39}},"80":{"start":{"line":181,"column":29},"end":{"line":181,"column":39}},"81":{"start":{"line":183,"column":15},"end":{"line":183,"column":17}},"82":{"start":{"line":184,"column":18},"end":{"line":184,"column":23}},"83":{"start":{"line":187,"column":24},"end":{"line":187,"column":41}},"84":{"start":{"line":188,"column":25},"end":{"line":188,"column":43}},"85":{"start":{"line":191,"column":27},"end":{"line":195,"column":5}},"86":{"start":{"line":192,"column":21},"end":{"line":192,"column":25}},"87":{"start":{"line":193,"column":6},"end":{"line":194,"column":56}},"88":{"start":{"line":198,"column":28},"end":{"line":204,"column":5}},"89":{"start":{"line":199,"column":6},"end":{"line":199,"column":50}},"90":{"start":{"line":199,"column":38},"end":{"line":199,"column":50}},"91":{"start":{"line":202,"column":23},"end":{"line":202,"column":43}},"92":{"start":{"line":203,"column":6},"end":{"line":203,"column":46}},"93":{"start":{"line":207,"column":12},"end":{"line":207,"column":13}},"94":{"start":{"line":208,"column":4},"end":{"line":233,"column":5}},"95":{"start":{"line":209,"column":20},"end":{"line":209,"column":29}},"96":{"start":{"line":210,"column":27},"end":{"line":210,"column":59}},"97":{"start":{"line":212,"column":6},"end":{"line":230,"column":7}},"98":{"start":{"line":214,"column":8},"end":{"line":217,"column":9}},"99":{"start":{"line":216,"column":10},"end":{"line":216,"column":26}},"100":{"start":{"line":219,"column":8},"end":{"line":226,"column":9}},"101":{"start":{"line":221,"column":10},"end":{"line":221,"column":45}},"102":{"start":{"line":222,"column":10},"end":{"line":222,"column":25}},"103":{"start":{"line":225,"column":10},"end":{"line":225,"column":45}},"104":{"start":{"line":229,"column":8},"end":{"line":229,"column":24}},"105":{"start":{"line":232,"column":6},"end":{"line":232,"column":10}},"106":{"start":{"line":235,"column":4},"end":{"line":235,"column":16}},"107":{"start":{"line":238,"column":21},"end":{"line":238,"column":39}},"108":{"start":{"line":241,"column":26},"end":{"line":305,"column":3}},"109":{"start":{"line":242,"column":4},"end":{"line":242,"column":31}},"110":{"start":{"line":242,"column":24},"end":{"line":242,"column":31}},"111":{"start":{"line":245,"column":4},"end":{"line":247,"column":5}},"112":{"start":{"line":246,"column":6},"end":{"line":246,"column":13}},"113":{"start":{"line":250,"column":4},"end":{"line":250,"column":28}},"114":{"start":{"line":253,"column":23},"end":{"line":253,"column":57}},"115":{"start":{"line":254,"column":4},"end":{"line":254,"column":28}},"116":{"start":{"line":254,"column":21},"end":{"line":254,"column":28}},"117":{"start":{"line":256,"column":20},"end":{"line":256,"column":54}},"118":{"start":{"line":257,"column":19},"end":{"line":257,"column":47}},"119":{"start":{"line":258,"column":19},"end":{"line":258,"column":46}},"120":{"start":{"line":261,"column":4},"end":{"line":261,"column":47}},"121":{"start":{"line":261,"column":40},"end":{"line":261,"column":47}},"122":{"start":{"line":263,"column":28},"end":{"line":263,"column":30}},"123":{"start":{"line":264,"column":22},"end":{"line":264,"column":38}},"124":{"start":{"line":266,"column":4},"end":{"line":277,"column":7}},"125":{"start":{"line":267,"column":6},"end":{"line":267,"column":33}},"126":{"start":{"line":267,"column":26},"end":{"line":267,"column":33}},"127":{"start":{"line":269,"column":17},"end":{"line":269,"column":33}},"128":{"start":{"line":270,"column":17},"end":{"line":270,"column":33}},"129":{"start":{"line":271,"column":23},"end":{"line":271,"column":51}},"130":{"start":{"line":273,"column":6},"end":{"line":276,"column":7}},"131":{"start":{"line":274,"column":8},"end":{"line":274,"column":31}},"132":{"start":{"line":275,"column":8},"end":{"line":275,"column":34}},"133":{"start":{"line":280,"column":4},"end":{"line":304,"column":5}},"134":{"start":{"line":281,"column":20},"end":{"line":281,"column":45}},"135":{"start":{"line":284,"column":6},"end":{"line":284,"column":60}},"136":{"start":{"line":287,"column":20},"end":{"line":287,"column":62}},"137":{"start":{"line":288,"column":20},"end":{"line":288,"column":63}},"138":{"start":{"line":291,"column":6},"end":{"line":299,"column":9}},"139":{"start":{"line":302,"column":6},"end":{"line":302,"column":29}},"140":{"start":{"line":303,"column":6},"end":{"line":303,"column":26}},"141":{"start":{"line":308,"column":25},"end":{"line":325,"column":3}},"142":{"start":{"line":310,"column":4},"end":{"line":312,"column":5}},"143":{"start":{"line":311,"column":6},"end":{"line":311,"column":13}},"144":{"start":{"line":315,"column":4},"end":{"line":324,"column":5}},"145":{"start":{"line":317,"column":6},"end":{"line":317,"column":29}},"146":{"start":{"line":320,"column":6},"end":{"line":320,"column":26}},"147":{"start":{"line":323,"column":6},"end":{"line":323,"column":30}},"148":{"start":{"line":328,"column":2},"end":{"line":353,"column":3}},"149":{"start":{"line":329,"column":4},"end":{"line":352,"column":6}},"150":{"start":{"line":355,"column":2},"end":{"line":357,"column":3}},"151":{"start":{"line":356,"column":4},"end":{"line":356,"column":16}},"152":{"start":{"line":361,"column":20},"end":{"line":363,"column":40}},"153":{"start":{"line":365,"column":2},"end":{"line":427,"column":4}},"154":{"start":{"line":389,"column":12},"end":{"line":392,"column":13}},"155":{"start":{"line":390,"column":14},"end":{"line":390,"column":34}},"156":{"start":{"line":391,"column":14},"end":{"line":391,"column":33}},"157":{"start":{"line":396,"column":12},"end":{"line":399,"column":13}},"158":{"start":{"line":397,"column":14},"end":{"line":397,"column":34}},"159":{"start":{"line":398,"column":14},"end":{"line":398,"column":33}},"160":{"start":{"line":403,"column":12},"end":{"line":407,"column":13}},"161":{"start":{"line":404,"column":14},"end":{"line":404,"column":34}},"162":{"start":{"line":405,"column":14},"end":{"line":405,"column":33}},"163":{"start":{"line":406,"column":14},"end":{"line":406,"column":21}},"164":{"start":{"line":408,"column":12},"end":{"line":408,"column":31}},"165":{"start":{"line":430,"column":0},"end":{"line":430,"column":28}}},"fnMap":{"0":{"name":"(anonymous_0)","decl":{"start":{"line":23,"column":50},"end":{"line":23,"column":51}},"loc":{"start":{"line":29,"column":5},"end":{"line":428,"column":1}}},"1":{"name":"(anonymous_1)","decl":{"start":{"line":38,"column":34},"end":{"line":38,"column":37}},"loc":{"start":{"line":38,"column":39},"end":{"line":43,"column":3}}},"2":{"name":"(anonymous_2)","decl":{"start":{"line":46,"column":12},"end":{"line":46,"column":15}},"loc":{"start":{"line":46,"column":17},"end":{"line":60,"column":3}}},"3":{"name":"(anonymous_3)","decl":{"start":{"line":68,"column":25},"end":{"line":68,"column":28}},"loc":{"start":{"line":68,"column":30},"end":{"line":98,"column":3}}},"4":{"name":"(anonymous_4)","decl":{"start":{"line":81,"column":26},"end":{"line":81,"column":29}},"loc":{"start":{"line":81,"column":31},"end":{"line":85,"column":5}}},"5":{"name":"(anonymous_5)","decl":{"start":{"line":101,"column":12},"end":{"line":101,"column":15}},"loc":{"start":{"line":101,"column":17},"end":{"line":144,"column":3}}},"6":{"name":"(anonymous_6)","decl":{"start":{"line":147,"column":32},"end":{"line":147,"column":33}},"loc":{"start":{"line":147,"column":65},"end":{"line":167,"column":3}}},"7":{"name":"(anonymous_7)","decl":{"start":{"line":153,"column":19},"end":{"line":153,"column":20}},"loc":{"start":{"line":153,"column":36},"end":{"line":164,"column":5}}},"8":{"name":"(anonymous_8)","decl":{"start":{"line":170,"column":12},"end":{"line":170,"column":15}},"loc":{"start":{"line":170,"column":17},"end":{"line":177,"column":3}}},"9":{"name":"(anonymous_9)","decl":{"start":{"line":180,"column":21},"end":{"line":180,"column":22}},"loc":{"start":{"line":180,"column":56},"end":{"line":236,"column":3}}},"10":{"name":"(anonymous_10)","decl":{"start":{"line":191,"column":27},"end":{"line":191,"column":28}},"loc":{"start":{"line":191,"column":61},"end":{"line":195,"column":5}}},"11":{"name":"(anonymous_11)","decl":{"start":{"line":198,"column":28},"end":{"line":198,"column":29}},"loc":{"start":{"line":198,"column":76},"end":{"line":204,"column":5}}},"12":{"name":"(anonymous_12)","decl":{"start":{"line":241,"column":26},"end":{"line":241,"column":27}},"loc":{"start":{"line":241,"column":54},"end":{"line":305,"column":3}}},"13":{"name":"(anonymous_13)","decl":{"start":{"line":266,"column":19},"end":{"line":266,"column":20}},"loc":{"start":{"line":266,"column":36},"end":{"line":277,"column":5}}},"14":{"name":"(anonymous_14)","decl":{"start":{"line":308,"column":25},"end":{"line":308,"column":26}},"loc":{"start":{"line":308,"column":53},"end":{"line":325,"column":3}}},"15":{"name":"(anonymous_15)","decl":{"start":{"line":387,"column":23},"end":{"line":387,"column":24}},"loc":{"start":{"line":387,"column":29},"end":{"line":393,"column":11}}},"16":{"name":"(anonymous_16)","decl":{"start":{"line":394,"column":23},"end":{"line":394,"column":24}},"loc":{"start":{"line":394,"column":29},"end":{"line":400,"column":11}}},"17":{"name":"(anonymous_17)","decl":{"start":{"line":401,"column":21},"end":{"line":401,"column":22}},"loc":{"start":{"line":401,"column":27},"end":{"line":409,"column":11}}}},"branchMap":{"0":{"loc":{"start":{"line":50,"column":4},"end":{"line":55,"column":5}},"type":"if","locations":[{"start":{"line":50,"column":4},"end":{"line":55,"column":5}},{"start":{"line":52,"column":11},"end":{"line":55,"column":5}}]},"1":{"loc":{"start":{"line":50,"column":8},"end":{"line":50,"column":81}},"type":"binary-expr","locations":[{"start":{"line":50,"column":8},"end":{"line":50,"column":36}},{"start":{"line":50,"column":40},"end":{"line":50,"column":81}}]},"2":{"loc":{"start":{"line":63,"column":20},"end":{"line":65,"column":57}},"type":"binary-expr","locations":[{"start":{"line":63,"column":20},"end":{"line":63,"column":60}},{"start":{"line":64,"column":20},"end":{"line":64,"column":56}},{"start":{"line":65,"column":20},"end":{"line":65,"column":57}}]},"3":{"loc":{"start":{"line":75,"column":25},"end":{"line":75,"column":70}},"type":"binary-expr","locations":[{"start":{"line":75,"column":25},"end":{"line":75,"column":46}},{"start":{"line":75,"column":50},"end":{"line":75,"column":70}}]},"4":{"loc":{"start":{"line":88,"column":4},"end":{"line":97,"column":5}},"type":"if","locations":[{"start":{"line":88,"column":4},"end":{"line":97,"column":5}},{"start":{"line":92,"column":11},"end":{"line":97,"column":5}}]},"5":{"loc":{"start":{"line":106,"column":4},"end":{"line":110,"column":5}},"type":"if","locations":[{"start":{"line":106,"column":4},"end":{"line":110,"column":5}}]},"6":{"loc":{"start":{"line":106,"column":8},"end":{"line":106,"column":77}},"type":"binary-expr","locations":[{"start":{"line":106,"column":8},"end":{"line":106,"column":28}},{"start":{"line":106,"column":32},"end":{"line":106,"column":77}}]},"7":{"loc":{"start":{"line":115,"column":4},"end":{"line":143,"column":5}},"type":"if","locations":[{"start":{"line":115,"column":4},"end":{"line":143,"column":5}},{"start":{"line":128,"column":11},"end":{"line":143,"column":5}}]},"8":{"loc":{"start":{"line":115,"column":8},"end":{"line":115,"column":73}},"type":"binary-expr","locations":[{"start":{"line":115,"column":8},"end":{"line":115,"column":52}},{"start":{"line":115,"column":56},"end":{"line":115,"column":73}}]},"9":{"loc":{"start":{"line":119,"column":6},"end":{"line":127,"column":7}},"type":"if","locations":[{"start":{"line":119,"column":6},"end":{"line":127,"column":7}},{"start":{"line":125,"column":13},"end":{"line":127,"column":7}}]},"10":{"loc":{"start":{"line":119,"column":10},"end":{"line":119,"column":45}},"type":"binary-expr","locations":[{"start":{"line":119,"column":10},"end":{"line":119,"column":20}},{"start":{"line":119,"column":24},"end":{"line":119,"column":45}}]},"11":{"loc":{"start":{"line":128,"column":11},"end":{"line":143,"column":5}},"type":"if","locations":[{"start":{"line":128,"column":11},"end":{"line":143,"column":5}},{"start":{"line":141,"column":11},"end":{"line":143,"column":5}}]},"12":{"loc":{"start":{"line":132,"column":6},"end":{"line":140,"column":7}},"type":"if","locations":[{"start":{"line":132,"column":6},"end":{"line":140,"column":7}},{"start":{"line":138,"column":13},"end":{"line":140,"column":7}}]},"13":{"loc":{"start":{"line":148,"column":4},"end":{"line":148,"column":50}},"type":"if","locations":[{"start":{"line":148,"column":4},"end":{"line":148,"column":50}}]},"14":{"loc":{"start":{"line":148,"column":8},"end":{"line":148,"column":38}},"type":"binary-expr","locations":[{"start":{"line":148,"column":8},"end":{"line":148,"column":15}},{"start":{"line":148,"column":19},"end":{"line":148,"column":38}}]},"15":{"loc":{"start":{"line":154,"column":6},"end":{"line":154,"column":33}},"type":"if","locations":[{"start":{"line":154,"column":6},"end":{"line":154,"column":33}}]},"16":{"loc":{"start":{"line":160,"column":6},"end":{"line":163,"column":7}},"type":"if","locations":[{"start":{"line":160,"column":6},"end":{"line":163,"column":7}}]},"17":{"loc":{"start":{"line":171,"column":4},"end":{"line":173,"column":5}},"type":"if","locations":[{"start":{"line":171,"column":4},"end":{"line":173,"column":5}}]},"18":{"loc":{"start":{"line":181,"column":4},"end":{"line":181,"column":39}},"type":"if","locations":[{"start":{"line":181,"column":4},"end":{"line":181,"column":39}}]},"19":{"loc":{"start":{"line":193,"column":13},"end":{"line":194,"column":55}},"type":"binary-expr","locations":[{"start":{"line":193,"column":13},"end":{"line":193,"column":25}},{"start":{"line":193,"column":29},"end":{"line":193,"column":54}},{"start":{"line":194,"column":13},"end":{"line":194,"column":25}},{"start":{"line":194,"column":29},"end":{"line":194,"column":55}}]},"20":{"loc":{"start":{"line":199,"column":6},"end":{"line":199,"column":50}},"type":"if","locations":[{"start":{"line":199,"column":6},"end":{"line":199,"column":50}}]},"21":{"loc":{"start":{"line":199,"column":10},"end":{"line":199,"column":36}},"type":"binary-expr","locations":[{"start":{"line":199,"column":10},"end":{"line":199,"column":21}},{"start":{"line":199,"column":25},"end":{"line":199,"column":36}}]},"22":{"loc":{"start":{"line":202,"column":23},"end":{"line":202,"column":43}},"type":"cond-expr","locations":[{"start":{"line":202,"column":35},"end":{"line":202,"column":37}},{"start":{"line":202,"column":40},"end":{"line":202,"column":43}}]},"23":{"loc":{"start":{"line":212,"column":6},"end":{"line":230,"column":7}},"type":"if","locations":[{"start":{"line":212,"column":6},"end":{"line":230,"column":7}},{"start":{"line":227,"column":13},"end":{"line":230,"column":7}}]},"24":{"loc":{"start":{"line":212,"column":10},"end":{"line":212,"column":39}},"type":"binary-expr","locations":[{"start":{"line":212,"column":10},"end":{"line":212,"column":23}},{"start":{"line":212,"column":27},"end":{"line":212,"column":39}}]},"25":{"loc":{"start":{"line":214,"column":8},"end":{"line":217,"column":9}},"type":"if","locations":[{"start":{"line":214,"column":8},"end":{"line":217,"column":9}}]},"26":{"loc":{"start":{"line":214,"column":12},"end":{"line":214,"column":56}},"type":"binary-expr","locations":[{"start":{"line":214,"column":12},"end":{"line":214,"column":17}},{"start":{"line":214,"column":21},"end":{"line":214,"column":56}}]},"27":{"loc":{"start":{"line":219,"column":8},"end":{"line":226,"column":9}},"type":"if","locations":[{"start":{"line":219,"column":8},"end":{"line":226,"column":9}},{"start":{"line":223,"column":15},"end":{"line":226,"column":9}}]},"28":{"loc":{"start":{"line":242,"column":4},"end":{"line":242,"column":31}},"type":"if","locations":[{"start":{"line":242,"column":4},"end":{"line":242,"column":31}}]},"29":{"loc":{"start":{"line":245,"column":4},"end":{"line":247,"column":5}},"type":"if","locations":[{"start":{"line":245,"column":4},"end":{"line":247,"column":5}}]},"30":{"loc":{"start":{"line":254,"column":4},"end":{"line":254,"column":28}},"type":"if","locations":[{"start":{"line":254,"column":4},"end":{"line":254,"column":28}}]},"31":{"loc":{"start":{"line":261,"column":4},"end":{"line":261,"column":47}},"type":"if","locations":[{"start":{"line":261,"column":4},"end":{"line":261,"column":47}}]},"32":{"loc":{"start":{"line":261,"column":8},"end":{"line":261,"column":38}},"type":"binary-expr","locations":[{"start":{"line":261,"column":8},"end":{"line":261,"column":15}},{"start":{"line":261,"column":19},"end":{"line":261,"column":38}}]},"33":{"loc":{"start":{"line":267,"column":6},"end":{"line":267,"column":33}},"type":"if","locations":[{"start":{"line":267,"column":6},"end":{"line":267,"column":33}}]},"34":{"loc":{"start":{"line":273,"column":6},"end":{"line":276,"column":7}},"type":"if","locations":[{"start":{"line":273,"column":6},"end":{"line":276,"column":7}}]},"35":{"loc":{"start":{"line":280,"column":4},"end":{"line":304,"column":5}},"type":"if","locations":[{"start":{"line":280,"column":4},"end":{"line":304,"column":5}},{"start":{"line":300,"column":11},"end":{"line":304,"column":5}}]},"36":{"loc":{"start":{"line":280,"column":8},"end":{"line":280,"column":51}},"type":"binary-expr","locations":[{"start":{"line":280,"column":8},"end":{"line":280,"column":30}},{"start":{"line":280,"column":34},"end":{"line":280,"column":51}}]},"37":{"loc":{"start":{"line":310,"column":4},"end":{"line":312,"column":5}},"type":"if","locations":[{"start":{"line":310,"column":4},"end":{"line":312,"column":5}}]},"38":{"loc":{"start":{"line":315,"column":4},"end":{"line":324,"column":5}},"type":"if","locations":[{"start":{"line":315,"column":4},"end":{"line":324,"column":5}}]},"39":{"loc":{"start":{"line":315,"column":8},"end":{"line":315,"column":61}},"type":"binary-expr","locations":[{"start":{"line":315,"column":8},"end":{"line":315,"column":44}},{"start":{"line":315,"column":48},"end":{"line":315,"column":61}}]},"40":{"loc":{"start":{"line":328,"column":2},"end":{"line":353,"column":3}},"type":"if","locations":[{"start":{"line":328,"column":2},"end":{"line":353,"column":3}}]},"41":{"loc":{"start":{"line":328,"column":6},"end":{"line":328,"column":31}},"type":"binary-expr","locations":[{"start":{"line":328,"column":6},"end":{"line":328,"column":16}},{"start":{"line":328,"column":20},"end":{"line":328,"column":31}}]},"42":{"loc":{"start":{"line":355,"column":2},"end":{"line":357,"column":3}},"type":"if","locations":[{"start":{"line":355,"column":2},"end":{"line":357,"column":3}}]},"43":{"loc":{"start":{"line":361,"column":20},"end":{"line":363,"column":40}},"type":"cond-expr","locations":[{"start":{"line":362,"column":6},"end":{"line":362,"column":35}},{"start":{"line":363,"column":6},"end":{"line":363,"column":40}}]},"44":{"loc":{"start":{"line":367,"column":7},"end":{"line":370,"column":null}},"type":"binary-expr","locations":[{"start":{"line":367,"column":7},"end":{"line":367,"column":17}},{"start":{"line":368,"column":8},"end":{"line":368,"column":null}}]},"45":{"loc":{"start":{"line":373,"column":7},"end":{"line":410,"column":null}},"type":"binary-expr","locations":[{"start":{"line":373,"column":7},"end":{"line":373,"column":17}},{"start":{"line":374,"column":8},"end":{"line":375,"column":null}}]},"46":{"loc":{"start":{"line":382,"column":21},"end":{"line":382,"column":41}},"type":"cond-expr","locations":[{"start":{"line":382,"column":34},"end":{"line":382,"column":37}},{"start":{"line":382,"column":40},"end":{"line":382,"column":41}}]},"47":{"loc":{"start":{"line":384,"column":27},"end":{"line":384,"column":67}},"type":"cond-expr","locations":[{"start":{"line":384,"column":50},"end":{"line":384,"column":56}},{"start":{"line":384,"column":59},"end":{"line":384,"column":67}}]},"48":{"loc":{"start":{"line":385,"column":20},"end":{"line":385,"column":65}},"type":"cond-expr","locations":[{"start":{"line":385,"column":43},"end":{"line":385,"column":53}},{"start":{"line":385,"column":56},"end":{"line":385,"column":65}}]},"49":{"loc":{"start":{"line":389,"column":12},"end":{"line":392,"column":13}},"type":"if","locations":[{"start":{"line":389,"column":12},"end":{"line":392,"column":13}}]},"50":{"loc":{"start":{"line":396,"column":12},"end":{"line":399,"column":13}},"type":"if","locations":[{"start":{"line":396,"column":12},"end":{"line":399,"column":13}}]},"51":{"loc":{"start":{"line":403,"column":12},"end":{"line":407,"column":13}},"type":"if","locations":[{"start":{"line":403,"column":12},"end":{"line":407,"column":13}}]},"52":{"loc":{"start":{"line":414,"column":7},"end":{"line":424,"column":null}},"type":"binary-expr","locations":[{"start":{"line":414,"column":7},"end":{"line":414,"column":26}},{"start":{"line":414,"column":30},"end":{"line":414,"column":75}},{"start":{"line":415,"column":8},"end":{"line":423,"column":null}}]}},"s":{"0":0,"1":0,"2":0,"3":0,"4":0,"5":0,"6":0,"7":0,"8":0,"9":0,"10":0,"11":0,"12":0,"13":0,"14":0,"15":0,"16":0,"17":0,"18":0,"19":0,"20":0,"21":0,"22":0,"23":0,"24":0,"25":0,"26":0,"27":0,"28":0,"29":0,"30":0,"31":0,"32":0,"33":0,"34":0,"35":0,"36":0,"37":0,"38":0,"39":0,"40":0,"41":0,"42":0,"43":0,"44":0,"45":0,"46":0,"47":0,"48":0,"49":0,"50":0,"51":0,"52":0,"53":0,"54":0,"55":0,"56":0,"57":0,"58":0,"59":0,"60":0,"61":0,"62":0,"63":0,"64":0,"65":0,"66":0,"67":0,"68":0,"69":0,"70":0,"71":0,"72":0,"73":0,"74":0,"75":0,"76":0,"77":0,"78":0,"79":0,"80":0,"81":0,"82":0,"83":0,"84":0,"85":0,"86":0,"87":0,"88":0,"89":0,"90":0,"91":0,"92":0,"93":0,"94":0,"95":0,"96":0,"97":0,"98":0,"99":0,"100":0,"101":0,"102":0,"103":0,"104":0,"105":0,"106":0,"107":0,"108":0,"109":0,"110":0,"111":0,"112":0,"113":0,"114":0,"115":0,"116":0,"117":0,"118":0,"119":0,"120":0,"121":0,"122":0,"123":0,"124":0,"125":0,"126":0,"127":0,"128":0,"129":0,"130":0,"131":0,"132":0,"133":0,"134":0,"135":0,"136":0,"137":0,"138":0,"139":0,"140":0,"141":0,"142":0,"143":0,"144":0,"145":0,"146":0,"147":0,"148":0,"149":0,"150":0,"151":0,"152":0,"153":0,"154":0,"155":0,"156":0,"157":0,"158":0,"159":0,"160":0,"161":0,"162":0,"163":0,"164":0,"165":0},"f":{"0":0,"1":0,"2":0,"3":0,"4":0,"5":0,"6":0,"7":0,"8":0,"9":0,"10":0,"11":0,"12":0,"13":0,"14":0,"15":0,"16":0,"17":0},"b":{"0":[0,0],"1":[0,0],"2":[0,0,0],"3":[0,0],"4":[0,0],"5":[0],"6":[0,0],"7":[0,0],"8":[0,0],"9":[0,0],"10":[0,0],"11":[0,0],"12":[0,0],"13":[0],"14":[0,0],"15":[0],"16":[0],"17":[0],"18":[0],"19":[0,0,0,0],"20":[0],"21":[0,0],"22":[0,0],"23":[0,0],"24":[0,0],"25":[0],"26":[0,0],"27":[0,0],"28":[0],"29":[0],"30":[0],"31":[0],"32":[0,0],"33":[0],"34":[0],"35":[0,0],"36":[0,0],"37":[0],"38":[0],"39":[0,0],"40":[0],"41":[0,0],"42":[0],"43":[0,0],"44":[0,0],"45":[0,0],"46":[0,0],"47":[0,0],"48":[0,0],"49":[0],"50":[0],"51":[0],"52":[0,0,0]}}
,"/Users/manuelfittko/github/geo-playground/src/components/FormulaPointInfo.tsx": {"path":"/Users/manuelfittko/github/geo-playground/src/components/FormulaPointInfo.tsx","statementMap":{"0":{"start":{"line":3,"column":0},"end":{"line":3,"column":80}},"1":{"start":{"line":4,"column":0},"end":{"line":4,"column":49}},"2":{"start":{"line":17,"column":58},"end":{"line":145,"column":1}},"3":{"start":{"line":18,"column":12},"end":{"line":18,"column":26}},"4":{"start":{"line":20,"column":2},"end":{"line":20,"column":26}},"5":{"start":{"line":20,"column":14},"end":{"line":20,"column":26}},"6":{"start":{"line":22,"column":36},"end":{"line":22,"column":41}},"7":{"start":{"line":25,"column":23},"end":{"line":31,"column":3}},"8":{"start":{"line":27,"column":4},"end":{"line":27,"column":52}},"9":{"start":{"line":27,"column":30},"end":{"line":27,"column":52}},"10":{"start":{"line":28,"column":4},"end":{"line":28,"column":51}},"11":{"start":{"line":28,"column":29},"end":{"line":28,"column":51}},"12":{"start":{"line":29,"column":4},"end":{"line":29,"column":50}},"13":{"start":{"line":29,"column":28},"end":{"line":29,"column":50}},"14":{"start":{"line":30,"column":4},"end":{"line":30,"column":26}},"15":{"start":{"line":34,"column":27},"end":{"line":46,"column":3}},"16":{"start":{"line":35,"column":4},"end":{"line":45,"column":27}},"17":{"start":{"line":49,"column":21},"end":{"line":78,"column":3}},"18":{"start":{"line":50,"column":4},"end":{"line":77,"column":5}},"19":{"start":{"line":52,"column":24},"end":{"line":52,"column":26}},"20":{"start":{"line":55,"column":6},"end":{"line":72,"column":7}},"21":{"start":{"line":57,"column":33},"end":{"line":57,"column":69}},"22":{"start":{"line":58,"column":8},"end":{"line":58,"column":79}},"23":{"start":{"line":61,"column":8},"end":{"line":63,"column":9}},"24":{"start":{"line":62,"column":10},"end":{"line":62,"column":67}},"25":{"start":{"line":65,"column":8},"end":{"line":65,"column":51}},"26":{"start":{"line":66,"column":13},"end":{"line":72,"column":7}},"27":{"start":{"line":68,"column":8},"end":{"line":68,"column":47}},"28":{"start":{"line":69,"column":13},"end":{"line":72,"column":7}},"29":{"start":{"line":71,"column":8},"end":{"line":71,"column":42}},"30":{"start":{"line":74,"column":6},"end":{"line":74,"column":25}},"31":{"start":{"line":76,"column":6},"end":{"line":76,"column":35}},"32":{"start":{"line":80,"column":2},"end":{"line":144,"column":4}},"33":{"start":{"line":147,"column":0},"end":{"line":147,"column":32}}},"fnMap":{"0":{"name":"(anonymous_0)","decl":{"start":{"line":17,"column":58},"end":{"line":17,"column":59}},"loc":{"start":{"line":17,"column":72},"end":{"line":145,"column":1}}},"1":{"name":"(anonymous_1)","decl":{"start":{"line":25,"column":23},"end":{"line":25,"column":24}},"loc":{"start":{"line":25,"column":47},"end":{"line":31,"column":3}}},"2":{"name":"(anonymous_2)","decl":{"start":{"line":34,"column":27},"end":{"line":34,"column":28}},"loc":{"start":{"line":34,"column":52},"end":{"line":46,"column":3}}},"3":{"name":"(anonymous_3)","decl":{"start":{"line":49,"column":21},"end":{"line":49,"column":32}},"loc":{"start":{"line":49,"column":34},"end":{"line":78,"column":3}}}},"branchMap":{"0":{"loc":{"start":{"line":20,"column":2},"end":{"line":20,"column":26}},"type":"if","locations":[{"start":{"line":20,"column":2},"end":{"line":20,"column":26}}]},"1":{"loc":{"start":{"line":27,"column":4},"end":{"line":27,"column":52}},"type":"if","locations":[{"start":{"line":27,"column":4},"end":{"line":27,"column":52}}]},"2":{"loc":{"start":{"line":28,"column":4},"end":{"line":28,"column":51}},"type":"if","locations":[{"start":{"line":28,"column":4},"end":{"line":28,"column":51}}]},"3":{"loc":{"start":{"line":29,"column":4},"end":{"line":29,"column":50}},"type":"if","locations":[{"start":{"line":29,"column":4},"end":{"line":29,"column":50}}]},"4":{"loc":{"start":{"line":55,"column":6},"end":{"line":72,"column":7}},"type":"if","locations":[{"start":{"line":55,"column":6},"end":{"line":72,"column":7}},{"start":{"line":66,"column":13},"end":{"line":72,"column":7}}]},"5":{"loc":{"start":{"line":61,"column":8},"end":{"line":63,"column":9}},"type":"if","locations":[{"start":{"line":61,"column":8},"end":{"line":63,"column":9}}]},"6":{"loc":{"start":{"line":66,"column":13},"end":{"line":72,"column":7}},"type":"if","locations":[{"start":{"line":66,"column":13},"end":{"line":72,"column":7}},{"start":{"line":69,"column":13},"end":{"line":72,"column":7}}]},"7":{"loc":{"start":{"line":69,"column":13},"end":{"line":72,"column":7}},"type":"if","locations":[{"start":{"line":69,"column":13},"end":{"line":72,"column":7}}]},"8":{"loc":{"start":{"line":114,"column":24},"end":{"line":114,"column":55}},"type":"binary-expr","locations":[{"start":{"line":114,"column":24},"end":{"line":114,"column":48}},{"start":{"line":114,"column":52},"end":{"line":114,"column":55}}]},"9":{"loc":{"start":{"line":115,"column":17},"end":{"line":116,"column":null}},"type":"binary-expr","locations":[{"start":{"line":115,"column":17},"end":{"line":115,"column":49}},{"start":{"line":116,"column":18},"end":{"line":116,"column":70}}]}},"s":{"0":0,"1":0,"2":0,"3":0,"4":0,"5":0,"6":0,"7":0,"8":0,"9":0,"10":0,"11":0,"12":0,"13":0,"14":0,"15":0,"16":0,"17":0,"18":0,"19":0,"20":0,"21":0,"22":0,"23":0,"24":0,"25":0,"26":0,"27":0,"28":0,"29":0,"30":0,"31":0,"32":0,"33":0},"f":{"0":0,"1":0,"2":0,"3":0},"b":{"0":[0],"1":[0],"2":[0],"3":[0],"4":[0,0],"5":[0],"6":[0,0],"7":[0],"8":[0,0],"9":[0,0]}}
,"/Users/manuelfittko/github/geo-playground/src/components/FormulaPointInfoTest.tsx": {"path":"/Users/manuelfittko/github/geo-playground/src/components/FormulaPointInfoTest.tsx","statementMap":{"0":{"start":{"line":1,"column":0},"end":{"line":1,"column":51}},"1":{"start":{"line":4,"column":0},"end":{"line":4,"column":42}},"2":{"start":{"line":5,"column":0},"end":{"line":5,"column":50}},"3":{"start":{"line":6,"column":0},"end":{"line":6,"column":46}},"4":{"start":{"line":7,"column":0},"end":{"line":7,"column":49}},"5":{"start":{"line":9,"column":39},"end":{"line":122,"column":1}},"6":{"start":{"line":10,"column":12},"end":{"line":10,"column":26}},"7":{"start":{"line":11,"column":44},"end":{"line":17,"column":17}},"8":{"start":{"line":20,"column":34},"end":{"line":51,"column":4}},"9":{"start":{"line":53,"column":30},"end":{"line":56,"column":4}},"10":{"start":{"line":58,"column":28},"end":{"line":66,"column":3}},"11":{"start":{"line":65,"column":4},"end":{"line":65,"column":28}},"12":{"start":{"line":69,"column":2},"end":{"line":91,"column":9}},"13":{"start":{"line":70,"column":30},"end":{"line":84,"column":5}},"14":{"start":{"line":72,"column":6},"end":{"line":74,"column":7}},"15":{"start":{"line":73,"column":8},"end":{"line":73,"column":15}},"16":{"start":{"line":77,"column":22},"end":{"line":77,"column":63}},"17":{"start":{"line":78,"column":6},"end":{"line":80,"column":7}},"18":{"start":{"line":79,"column":8},"end":{"line":79,"column":15}},"19":{"start":{"line":83,"column":6},"end":{"line":83,"column":29}},"20":{"start":{"line":86,"column":4},"end":{"line":86,"column":58}},"21":{"start":{"line":88,"column":4},"end":{"line":90,"column":6}},"22":{"start":{"line":89,"column":6},"end":{"line":89,"column":63}},"23":{"start":{"line":93,"column":2},"end":{"line":121,"column":4}},"24":{"start":{"line":97,"column":10},"end":{"line":98,"column":null}},"25":{"start":{"line":124,"column":0},"end":{"line":124,"column":36}}},"fnMap":{"0":{"name":"(anonymous_1)","decl":{"start":{"line":9,"column":39},"end":{"line":9,"column":42}},"loc":{"start":{"line":9,"column":44},"end":{"line":122,"column":1}}},"1":{"name":"(anonymous_2)","decl":{"start":{"line":58,"column":28},"end":{"line":58,"column":29}},"loc":{"start":{"line":64,"column":14},"end":{"line":66,"column":3}}},"2":{"name":"(anonymous_3)","decl":{"start":{"line":69,"column":12},"end":{"line":69,"column":15}},"loc":{"start":{"line":69,"column":17},"end":{"line":91,"column":3}}},"3":{"name":"(anonymous_4)","decl":{"start":{"line":70,"column":30},"end":{"line":70,"column":31}},"loc":{"start":{"line":70,"column":48},"end":{"line":84,"column":5}}},"4":{"name":"(anonymous_5)","decl":{"start":{"line":88,"column":11},"end":{"line":88,"column":14}},"loc":{"start":{"line":88,"column":16},"end":{"line":90,"column":5}}},"5":{"name":"(anonymous_6)","decl":{"start":{"line":96,"column":26},"end":{"line":96,"column":27}},"loc":{"start":{"line":97,"column":10},"end":{"line":98,"column":null}}}},"branchMap":{"0":{"loc":{"start":{"line":72,"column":6},"end":{"line":74,"column":7}},"type":"if","locations":[{"start":{"line":72,"column":6},"end":{"line":74,"column":7}}]},"1":{"loc":{"start":{"line":78,"column":6},"end":{"line":80,"column":7}},"type":"if","locations":[{"start":{"line":78,"column":6},"end":{"line":80,"column":7}}]},"2":{"loc":{"start":{"line":78,"column":10},"end":{"line":78,"column":55}},"type":"binary-expr","locations":[{"start":{"line":78,"column":10},"end":{"line":78,"column":17}},{"start":{"line":78,"column":21},"end":{"line":78,"column":55}}]},"3":{"loc":{"start":{"line":107,"column":7},"end":{"line":110,"column":null}},"type":"binary-expr","locations":[{"start":{"line":107,"column":7},"end":{"line":107,"column":20}},{"start":{"line":108,"column":8},"end":{"line":109,"column":null}}]}},"s":{"0":0,"1":0,"2":0,"3":0,"4":0,"5":0,"6":0,"7":0,"8":0,"9":0,"10":0,"11":0,"12":0,"13":0,"14":0,"15":0,"16":0,"17":0,"18":0,"19":0,"20":0,"21":0,"22":0,"23":0,"24":0,"25":0},"f":{"0":0,"1":0,"2":0,"3":0,"4":0,"5":0},"b":{"0":[0],"1":[0],"2":[0,0],"3":[0,0]}}
,"/Users/manuelfittko/github/geo-playground/src/components/GeometryCanvas.tsx": {"path":"/Users/manuelfittko/github/geo-playground/src/components/GeometryCanvas.tsx","statementMap":{"0":{"start":{"line":1,"column":0},"end":{"line":1,"column":52}},"1":{"start":{"line":2,"column":0},"end":{"line":2,"column":30}}},"fnMap":{},"branchMap":{},"s":{"0":0,"1":0},"f":{},"b":{}}
,"/Users/manuelfittko/github/geo-playground/src/components/GeometryHeader.tsx": {"path":"/Users/manuelfittko/github/geo-playground/src/components/GeometryHeader.tsx","statementMap":{"0":{"start":{"line":1,"column":0},"end":{"line":1,"column":40}},"1":{"start":{"line":2,"column":0},"end":{"line":2,"column":50}},"2":{"start":{"line":3,"column":0},"end":{"line":3,"column":49}},"3":{"start":{"line":4,"column":0},"end":{"line":4,"column":37}},"4":{"start":{"line":5,"column":0},"end":{"line":5,"column":60}},"5":{"start":{"line":6,"column":0},"end":{"line":6,"column":64}},"6":{"start":{"line":12,"column":54},"end":{"line":81,"column":1}},"7":{"start":{"line":13,"column":12},"end":{"line":13,"column":26}},"8":{"start":{"line":14,"column":52},"end":{"line":14,"column":74}},"9":{"start":{"line":15,"column":37},"end":{"line":15,"column":57}},"10":{"start":{"line":17,"column":27},"end":{"line":33,"column":3}},"11":{"start":{"line":18,"column":4},"end":{"line":32,"column":5}},"12":{"start":{"line":19,"column":6},"end":{"line":23,"column":9}},"13":{"start":{"line":20,"column":8},"end":{"line":20,"column":35}},"14":{"start":{"line":22,"column":8},"end":{"line":22,"column":79}},"15":{"start":{"line":25,"column":6},"end":{"line":31,"column":7}},"16":{"start":{"line":26,"column":8},"end":{"line":30,"column":11}},"17":{"start":{"line":27,"column":10},"end":{"line":27,"column":38}},"18":{"start":{"line":29,"column":10},"end":{"line":29,"column":79}},"19":{"start":{"line":36,"column":2},"end":{"line":45,"column":9}},"20":{"start":{"line":37,"column":35},"end":{"line":39,"column":5}},"21":{"start":{"line":38,"column":6},"end":{"line":38,"column":57}},"22":{"start":{"line":41,"column":4},"end":{"line":41,"column":74}},"23":{"start":{"line":42,"column":4},"end":{"line":44,"column":6}},"24":{"start":{"line":43,"column":6},"end":{"line":43,"column":79}},"25":{"start":{"line":47,"column":2},"end":{"line":80,"column":4}},"26":{"start":{"line":83,"column":0},"end":{"line":83,"column":30}}},"fnMap":{"0":{"name":"(anonymous_7)","decl":{"start":{"line":12,"column":54},"end":{"line":12,"column":55}},"loc":{"start":{"line":12,"column":75},"end":{"line":81,"column":1}}},"1":{"name":"(anonymous_8)","decl":{"start":{"line":17,"column":27},"end":{"line":17,"column":30}},"loc":{"start":{"line":17,"column":32},"end":{"line":33,"column":3}}},"2":{"name":"(anonymous_9)","decl":{"start":{"line":19,"column":56},"end":{"line":19,"column":59}},"loc":{"start":{"line":19,"column":61},"end":{"line":21,"column":7}}},"3":{"name":"(anonymous_10)","decl":{"start":{"line":21,"column":15},"end":{"line":21,"column":18}},"loc":{"start":{"line":21,"column":21},"end":{"line":23,"column":7}}},"4":{"name":"(anonymous_11)","decl":{"start":{"line":26,"column":39},"end":{"line":26,"column":42}},"loc":{"start":{"line":26,"column":44},"end":{"line":28,"column":9}}},"5":{"name":"(anonymous_12)","decl":{"start":{"line":28,"column":17},"end":{"line":28,"column":20}},"loc":{"start":{"line":28,"column":23},"end":{"line":30,"column":9}}},"6":{"name":"(anonymous_13)","decl":{"start":{"line":36,"column":18},"end":{"line":36,"column":21}},"loc":{"start":{"line":36,"column":23},"end":{"line":45,"column":3}}},"7":{"name":"(anonymous_14)","decl":{"start":{"line":37,"column":35},"end":{"line":37,"column":38}},"loc":{"start":{"line":37,"column":40},"end":{"line":39,"column":5}}},"8":{"name":"(anonymous_15)","decl":{"start":{"line":42,"column":11},"end":{"line":42,"column":14}},"loc":{"start":{"line":42,"column":16},"end":{"line":44,"column":5}}}},"branchMap":{"0":{"loc":{"start":{"line":18,"column":4},"end":{"line":32,"column":5}},"type":"if","locations":[{"start":{"line":18,"column":4},"end":{"line":32,"column":5}},{"start":{"line":24,"column":11},"end":{"line":32,"column":5}}]},"1":{"loc":{"start":{"line":25,"column":6},"end":{"line":31,"column":7}},"type":"if","locations":[{"start":{"line":25,"column":6},"end":{"line":31,"column":7}}]},"2":{"loc":{"start":{"line":48,"column":37},"end":{"line":48,"column":92}},"type":"cond-expr","locations":[{"start":{"line":48,"column":57},"end":{"line":48,"column":73}},{"start":{"line":48,"column":76},"end":{"line":48,"column":92}}]},"3":{"loc":{"start":{"line":50,"column":26},"end":{"line":50,"column":68}},"type":"cond-expr","locations":[{"start":{"line":50,"column":46},"end":{"line":50,"column":55}},{"start":{"line":50,"column":58},"end":{"line":50,"column":68}}]},"4":{"loc":{"start":{"line":67,"column":19},"end":{"line":67,"column":81}},"type":"cond-expr","locations":[{"start":{"line":67,"column":39},"end":{"line":67,"column":58}},{"start":{"line":67,"column":61},"end":{"line":67,"column":81}}]},"5":{"loc":{"start":{"line":69,"column":13},"end":{"line":69,"column":82}},"type":"cond-expr","locations":[{"start":{"line":69,"column":33},"end":{"line":69,"column":56}},{"start":{"line":69,"column":59},"end":{"line":69,"column":82}}]},"6":{"loc":{"start":{"line":74,"column":7},"end":{"line":77,"column":null}},"type":"binary-expr","locations":[{"start":{"line":74,"column":7},"end":{"line":74,"column":25}},{"start":{"line":75,"column":8},"end":{"line":76,"column":null}}]}},"s":{"0":0,"1":0,"2":0,"3":0,"4":0,"5":0,"6":0,"7":0,"8":0,"9":0,"10":0,"11":0,"12":0,"13":0,"14":0,"15":0,"16":0,"17":0,"18":0,"19":0,"20":0,"21":0,"22":0,"23":0,"24":0,"25":0,"26":0},"f":{"0":0,"1":0,"2":0,"3":0,"4":0,"5":0,"6":0,"7":0,"8":0},"b":{"0":[0,0],"1":[0],"2":[0,0],"3":[0,0],"4":[0,0],"5":[0,0],"6":[0,0]}}
[...]
,"column":78}},"43":{"start":{"line":89,"column":6},"end":{"line":89,"column":15}},"44":{"start":{"line":64,"column":13},"end":{"line":64,"column":39}},"45":{"start":{"line":96,"column":30},"end":{"line":163,"column":1}},"46":{"start":{"line":97,"column":2},"end":{"line":162,"column":3}},"47":{"start":{"line":99,"column":21},"end":{"line":99,"column":36}},"48":{"start":{"line":100,"column":23},"end":{"line":100,"column":68}},"49":{"start":{"line":101,"column":6},"end":{"line":101,"column":39}},"50":{"start":{"line":104,"column":19},"end":{"line":104,"column":37}},"51":{"start":{"line":106,"column":6},"end":{"line":110,"column":7}},"52":{"start":{"line":109,"column":8},"end":{"line":109,"column":21}},"53":{"start":{"line":113,"column":6},"end":{"line":118,"column":8}},"54":{"start":{"line":121,"column":18},"end":{"line":121,"column":35}},"55":{"start":{"line":122,"column":27},"end":{"line":122,"column":37}},"56":{"start":{"line":125,"column":27},"end":{"line":125,"column":88}},"57":{"start":{"line":126,"column":16},"end":{"line":126,"column":99}},"58":{"start":{"line":127,"column":16},"end":{"line":127,"column":99}},"59":{"start":{"line":128,"column":16},"end":{"line":128,"column":25}},"60":{"start":{"line":131,"column":6},"end":{"line":131,"column":70}},"61":{"start":{"line":136,"column":19},"end":{"line":136,"column":32}},"62":{"start":{"line":137,"column":39},"end":{"line":137,"column":43}},"63":{"start":{"line":140,"column":25},"end":{"line":140,"column":68}},"64":{"start":{"line":141,"column":6},"end":{"line":141,"column":41}},"65":{"start":{"line":141,"column":28},"end":{"line":141,"column":41}},"66":{"start":{"line":144,"column":19},"end":{"line":149,"column":11}},"67":{"start":{"line":152,"column":23},"end":{"line":152,"column":46}},"68":{"start":{"line":155,"column":24},"end":{"line":155,"column":25}},"69":{"start":{"line":156,"column":6},"end":{"line":156,"column":35}},"70":{"start":{"line":160,"column":6},"end":{"line":160,"column":78}},"71":{"start":{"line":161,"column":6},"end":{"line":161,"column":19}},"72":{"start":{"line":96,"column":13},"end":{"line":96,"column":30}}},"fnMap":{"0":{"name":"(anonymous_0)","decl":{"start":{"line":7,"column":30},"end":{"line":7,"column":31}},"loc":{"start":{"line":7,"column":57},"end":{"line":31,"column":1}}},"1":{"name":"(anonymous_1)","decl":{"start":{"line":36,"column":34},"end":{"line":36,"column":35}},"loc":{"start":{"line":36,"column":62},"end":{"line":59,"column":1}}},"2":{"name":"(anonymous_2)","decl":{"start":{"line":64,"column":39},"end":{"line":64,"column":40}},"loc":{"start":{"line":64,"column":67},"end":{"line":91,"column":1}}},"3":{"name":"(anonymous_3)","decl":{"start":{"line":96,"column":30},"end":{"line":96,"column":31}},"loc":{"start":{"line":96,"column":73},"end":{"line":163,"column":1}}}},"branchMap":{"0":{"loc":{"start":{"line":8,"column":2},"end":{"line":30,"column":3}},"type":"switch","locations":[{"start":{"line":9,"column":4},"end":{"line":9,"column":18}},{"start":{"line":10,"column":4},"end":{"line":11,"column":28}},{"start":{"line":12,"column":4},"end":{"line":18,"column":5}},{"start":{"line":19,"column":4},"end":{"line":25,"column":5}},{"start":{"line":26,"column":4},"end":{"line":29,"column":28}}]},"1":{"loc":{"start":{"line":37,"column":2},"end":{"line":58,"column":3}},"type":"switch","locations":[{"start":{"line":38,"column":4},"end":{"line":41,"column":5}},{"start":{"line":42,"column":4},"end":{"line":45,"column":5}},{"start":{"line":46,"column":4},"end":{"line":51,"column":5}},{"start":{"line":52,"column":4},"end":{"line":53,"column":15}},{"start":{"line":54,"column":4},"end":{"line":57,"column":15}}]},"2":{"loc":{"start":{"line":65,"column":2},"end":{"line":90,"column":3}},"type":"switch","locations":[{"start":{"line":66,"column":4},"end":{"line":69,"column":5}},{"start":{"line":70,"column":4},"end":{"line":73,"column":5}},{"start":{"line":74,"column":4},"end":{"line":81,"column":5}},{"start":{"line":82,"column":4},"end":{"line":85,"column":5}},{"start":{"line":86,"column":4},"end":{"line":89,"column":15}}]},"3":{"loc":{"start":{"line":97,"column":2},"end":{"line":162,"column":3}},"type":"switch","locations":[{"start":{"line":98,"column":4},"end":{"line":102,"column":5}},{"start":{"line":103,"column":4},"end":{"line":119,"column":5}},{"start":{"line":120,"column":4},"end":{"line":132,"column":5}},{"start":{"line":133,"column":4},"end":{"line":157,"column":5}},{"start":{"line":158,"column":4},"end":{"line":161,"column":19}}]},"4":{"loc":{"start":{"line":106,"column":6},"end":{"line":110,"column":7}},"type":"if","locations":[{"start":{"line":106,"column":6},"end":{"line":110,"column":7}}]},"5":{"loc":{"start":{"line":114,"column":8},"end":{"line":117,"column":48}},"type":"binary-expr","locations":[{"start":{"line":114,"column":8},"end":{"line":114,"column":34}},{"start":{"line":115,"column":8},"end":{"line":115,"column":47}},{"start":{"line":116,"column":8},"end":{"line":116,"column":34}},{"start":{"line":117,"column":8},"end":{"line":117,"column":48}}]},"6":{"loc":{"start":{"line":131,"column":13},"end":{"line":131,"column":69}},"type":"binary-expr","locations":[{"start":{"line":131,"column":13},"end":{"line":131,"column":19}},{"start":{"line":131,"column":23},"end":{"line":131,"column":29}},{"start":{"line":131,"column":33},"end":{"line":131,"column":39}},{"start":{"line":131,"column":43},"end":{"line":131,"column":49}},{"start":{"line":131,"column":53},"end":{"line":131,"column":59}},{"start":{"line":131,"column":63},"end":{"line":131,"column":69}}]},"7":{"loc":{"start":{"line":141,"column":6},"end":{"line":141,"column":41}},"type":"if","locations":[{"start":{"line":141,"column":6},"end":{"line":141,"column":41}}]}},"s":{"0":1,"1":1,"2":4,"3":2,"4":1,"5":1,"6":1,"7":1,"8":1,"9":1,"10":1,"11":1,"12":0,"13":0,"14":1,"15":1,"16":4,"17":1,"18":1,"19":1,"20":1,"21":1,"22":1,"23":1,"24":1,"25":0,"26":0,"27":1,"28":1,"29":4,"30":1,"31":1,"32":1,"33":1,"34":1,"35":1,"36":1,"37":1,"38":1,"39":1,"40":1,"41":1,"42":0,"43":0,"44":1,"45":1,"46":8,"47":2,"48":2,"49":2,"50":2,"51":2,"52":0,"53":2,"54":2,"55":2,"56":2,"57":2,"58":2,"59":2,"60":2,"61":2,"62":2,"63":2,"64":2,"65":0,"66":2,"67":2,"68":2,"69":2,"70":0,"71":0,"72":1},"f":{"0":4,"1":4,"2":4,"3":8},"b":{"0":[1,2,1,1,0],"1":[1,1,1,1,0],"2":[1,1,1,1,0],"3":[2,2,2,2,0],"4":[0],"5":[2,1,1,1],"6":[2,1,1,1,1,1],"7":[0]}}
,"/Users/manuelfittko/github/geo-playground/src/utils/geometry/triangle.ts": {"path":"/Users/manuelfittko/github/geo-playground/src/utils/geometry/triangle.ts","statementMap":{"0":{"start":{"line":2,"column":0},"end":{"line":2,"column":49}},"1":{"start":{"line":4,"column":37},"end":{"line":7,"column":1}},"2":{"start":{"line":5,"column":20},"end":{"line":5,"column":26}},"3":{"start":{"line":6,"column":2},"end":{"line":6,"column":85}},"4":{"start":{"line":4,"column":13},"end":{"line":4,"column":37}},"5":{"start":{"line":10,"column":39},"end":{"line":24,"column":1}},"6":{"start":{"line":12,"column":15},"end":{"line":12,"column":44}},"7":{"start":{"line":15,"column":16},"end":{"line":15,"column":59}},"8":{"start":{"line":16,"column":16},"end":{"line":16,"column":59}},"9":{"start":{"line":17,"column":16},"end":{"line":17,"column":59}},"10":{"start":{"line":20,"column":22},"end":{"line":20,"column":51}},"11":{"start":{"line":23,"column":2},"end":{"line":23,"column":34}},"12":{"start":{"line":10,"column":13},"end":{"line":10,"column":39}},"13":{"start":{"line":27,"column":42},"end":{"line":33,"column":1}},"14":{"start":{"line":28,"column":2},"end":{"line":32,"column":4}},"15":{"start":{"line":27,"column":13},"end":{"line":27,"column":42}},"16":{"start":{"line":36,"column":39},"end":{"line":62,"column":1}},"17":{"start":{"line":41,"column":16},"end":{"line":41,"column":71}},"18":{"start":{"line":41,"column":41},"end":{"line":41,"column":71}},"19":{"start":{"line":45,"column":17},"end":{"line":45,"column":90}},"20":{"start":{"line":48,"column":17},"end":{"line":48,"column":90}},"21":{"start":{"line":51,"column":17},"end":{"line":51,"column":90}},"22":{"start":{"line":54,"column":14},"end":{"line":54,"column":38}},"23":{"start":{"line":55,"column":22},"end":{"line":55,"column":31}},"24":{"start":{"line":57,"column":2},"end":{"line":61,"column":4}},"25":{"start":{"line":36,"column":13},"end":{"line":36,"column":39}},"26":{"start":{"line":65,"column":44},"end":{"line":89,"column":1}},"27":{"start":{"line":71,"column":13},"end":{"line":71,"column":36}},"28":{"start":{"line":72,"column":13},"end":{"line":72,"column":46}},"29":{"start":{"line":73,"column":24},"end":{"line":73,"column":53}},"30":{"start":{"line":76,"column":22},"end":{"line":76,"column":47}},"31":{"start":{"line":79,"column":17},"end":{"line":79,"column":31}},"32":{"start":{"line":80,"column":20},"end":{"line":83,"column":30}},"33":{"start":{"line":80,"column":47},"end":{"line":83,"column":4}},"34":{"start":{"line":85,"column":2},"end":{"line":88,"column":4}},"35":{"start":{"line":65,"column":13},"end":{"line":65,"column":44}},"36":{"start":{"line":92,"column":39},"end":{"line":219,"column":1}},"37":{"start":{"line":99,"column":16},"end":{"line":103,"column":4}},"38":{"start":{"line":106,"column":25},"end":{"line":106,"column":61}},"39":{"start":{"line":107,"column":25},"end":{"line":110,"column":4}},"40":{"start":{"line":113,"column":24},"end":{"line":113,"column":60}},"41":{"start":{"line":114,"column":28},"end":{"line":114,"column":58}},"42":{"start":{"line":117,"column":46},"end":{"line":117,"column":64}},"43":{"start":{"line":120,"column":2},"end":{"line":120,"column":42}},"44":{"start":{"line":125,"column":22},"end":{"line":125,"column":42}},"45":{"start":{"line":126,"column":21},"end":{"line":126,"column":41}},"46":{"start":{"line":129,"column":20},"end":{"line":129,"column":63}},"47":{"start":{"line":132,"column":2},"end":{"line":132,"column":94}},"48":{"start":{"line":135,"column":2},"end":{"line":135,"column":79}},"49":{"start":{"line":138,"column":20},"end":{"line":138,"column":59}},"50":{"start":{"line":138,"column":39},"end":{"line":138,"column":58}},"51":{"start":{"line":141,"column":18},"end":{"line":141,"column":32}},"52":{"start":{"line":142,"column":18},"end":{"line":142,"column":32}},"53":{"start":{"line":143,"column":18},"end":{"line":143,"column":32}},"54":{"start":{"line":145,"column":2},"end":{"line":183,"column":3}},"55":{"start":{"line":148,"column":4},"end":{"line":148,"column":24}},"56":{"start":{"line":149,"column":4},"end":{"line":149,"column":36}},"57":{"start":{"line":152,"column":19},"end":{"line":152,"column":31}},"58":{"start":{"line":153,"column":4},"end":{"line":156,"column":6}},"59":{"start":{"line":158,"column":7},"end":{"line":183,"column":3}},"60":{"start":{"line":161,"column":4},"end":{"line":161,"column":24}},"61":{"start":{"line":162,"column":4},"end":{"line":162,"column":36}},"62":{"start":{"line":165,"column":19},"end":{"line":165,"column":31}},"63":{"start":{"line":166,"column":4},"end":{"line":169,"column":6}},"64":{"start":{"line":174,"column":4},"end":{"line":174,"column":24}},"65":{"start":{"line":175,"column":4},"end":{"line":175,"column":36}},"66":{"start":{"line":178,"column":19},"end":{"line":178,"column":31}},"67":{"start":{"line":179,"column":4},"end":{"line":182,"column":6}},"68":{"start":{"line":186,"column":20},"end":{"line":189,"column":4}},"69":{"start":{"line":192,"column":19},"end":{"line":196,"column":4}},"70":{"start":{"line":197,"column":23},"end":{"line":197,"column":62}},"71":{"start":{"line":200,"column":22},"end":{"line":200,"column":54}},"72":{"start":{"line":203,"column":45},"end":{"line":216,"column":4}},"73":{"start":{"line":218,"column":2},"end":{"line":218,"column":21}},"74":{"start":{"line":92,"column":13},"end":{"line":92,"column":39}}},"fnMap":{"0":{"name":"(anonymous_0)","decl":{"start":{"line":4,"column":37},"end":{"line":4,"column":38}},"loc":{"start":{"line":4,"column":79},"end":{"line":7,"column":1}}},"1":{"name":"(anonymous_1)","decl":{"start":{"line":10,"column":39},"end":{"line":10,"column":40}},"loc":{"start":{"line":10,"column":81},"end":{"line":24,"column":1}}},"2":{"name":"(anonymous_2)","decl":{"start":{"line":27,"column":42},"end":{"line":27,"column":43}},"loc":{"start":{"line":27,"column":84},"end":{"line":33,"column":1}}},"3":{"name":"(anonymous_3)","decl":{"start":{"line":36,"column":39},"end":{"line":36,"column":40}},"loc":{"start":{"line":36,"column":101},"end":{"line":62,"column":1}}},"4":{"name":"(anonymous_4)","decl":{"start":{"line":41,"column":16},"end":{"line":41,"column":17}},"loc":{"start":{"line":41,"column":41},"end":{"line":41,"column":71}}},"5":{"name":"(anonymous_5)","decl":{"start":{"line":65,"column":44},"end":{"line":65,"column":null}},"loc":{"start":{"line":69,"column":14},"end":{"line":89,"column":1}}},"6":{"name":"(anonymous_6)","decl":{"start":{"line":80,"column":37},"end":{"line":80,"column":42}},"loc":{"start":{"line":80,"column":47},"end":{"line":83,"column":4}}},"7":{"name":"(anonymous_7)","decl":{"start":{"line":92,"column":39},"end":{"line":92,"column":null}},"loc":{"start":{"line":97,"column":27},"end":{"line":219,"column":1}}},"8":{"name":"(anonymous_8)","decl":{"start":{"line":138,"column":34},"end":{"line":138,"column":35}},"loc":{"start":{"line":138,"column":39},"end":{"line":138,"column":58}}}},"branchMap":{"0":{"loc":{"start":{"line":145,"column":2},"end":{"line":183,"column":3}},"type":"if","locations":[{"start":{"line":145,"column":2},"end":{"line":183,"column":3}},{"start":{"line":158,"column":7},"end":{"line":183,"column":3}}]},"1":{"loc":{"start":{"line":158,"column":7},"end":{"line":183,"column":3}},"type":"if","locations":[{"start":{"line":158,"column":7},"end":{"line":183,"column":3}},{"start":{"line":171,"column":7},"end":{"line":183,"column":3}}]}},"s":{"0":6,"1":6,"2":0,"3":0,"4":6,"5":6,"6":0,"7":0,"8":0,"9":0,"10":0,"11":0,"12":6,"13":6,"14":0,"15":6,"16":6,"17":2,"18":6,"19":2,"20":2,"21":2,"22":2,"23":2,"24":2,"25":6,"26":6,"27":1,"28":1,"29":1,"30":1,"31":1,"32":1,"33":3,"34":1,"35":6,"36":6,"37":1,"38":1,"39":1,"40":1,"41":1,"42":1,"43":1,"44":1,"45":1,"46":1,"47":1,"48":1,"49":1,"50":3,"51":1,"52":1,"53":1,"54":1,"55":1,"56":1,"57":1,"58":1,"59":0,"60":0,"61":0,"62":0,"63":0,"64":0,"65":0,"66":0,"67":0,"68":1,"69":1,"70":1,"71":1,"72":1,"73":1,"74":6},"f":{"0":0,"1":0,"2":0,"3":2,"4":6,"5":1,"6":3,"7":1,"8":3},"b":{"0":[1,0],"1":[0,0]}}
,"/Users/manuelfittko/github/geo-playground/src/utils/grid/gridUtils.ts": {"path":"/Users/manuelfittko/github/geo-playground/src/utils/grid/gridUtils.ts","statementMap":{"0":{"start":{"line":16,"column":26},"end":{"line":51,"column":1}},"1":{"start":{"line":26,"column":19},"end":{"line":28,"column":62}},"2":{"start":{"line":31,"column":2},"end":{"line":33,"column":3}},"3":{"start":{"line":32,"column":4},"end":{"line":32,"column":17}},"4":{"start":{"line":36,"column":17},"end":{"line":36,"column":47}},"5":{"start":{"line":39,"column":18},"end":{"line":39,"column":36}},"6":{"start":{"line":40,"column":18},"end":{"line":40,"column":36}},"7":{"start":{"line":43,"column":25},"end":{"line":43,"column":66}},"8":{"start":{"line":44,"column":25},"end":{"line":44,"column":66}},"9":{"start":{"line":47,"column":2},"end":{"line":50,"column":4}},"10":{"start":{"line":16,"column":13},"end":{"line":16,"column":26}},"11":{"start":{"line":61,"column":39},"end":{"line":70,"column":1}},"12":{"start":{"line":66,"column":2},"end":{"line":66,"column":36}},"13":{"start":{"line":66,"column":24},"end":{"line":66,"column":36}},"14":{"start":{"line":68,"column":2},"end":{"line":69,"column":65}},"15":{"start":{"line":61,"column":13},"end":{"line":61,"column":39}},"16":{"start":{"line":78,"column":32},"end":{"line":85,"column":1}},"17":{"start":{"line":79,"column":2},"end":{"line":79,"column":64}},"18":{"start":{"line":79,"column":14},"end":{"line":79,"column":64}},"19":{"start":{"line":81,"column":2},"end":{"line":84,"column":4}},"20":{"start":{"line":78,"column":13},"end":{"line":78,"column":32}}},"fnMap":{"0":{"name":"(anonymous_0)","decl":{"start":{"line":16,"column":26},"end":{"line":16,"column":null}},"loc":{"start":{"line":24,"column":11},"end":{"line":51,"column":1}}},"1":{"name":"(anonymous_1)","decl":{"start":{"line":61,"column":39},"end":{"line":61,"column":null}},"loc":{"start":{"line":65,"column":13},"end":{"line":70,"column":1}}},"2":{"name":"(anonymous_2)","decl":{"start":{"line":78,"column":32},"end":{"line":78,"column":33}},"loc":{"start":{"line":78,"column":101},"end":{"line":85,"column":1}}}},"branchMap":{"0":{"loc":{"start":{"line":19,"column":2},"end":{"line":19,"column":21}},"type":"default-arg","locations":[{"start":{"line":19,"column":17},"end":{"line":19,"column":21}}]},"1":{"loc":{"start":{"line":20,"column":2},"end":{"line":20,"column":41}},"type":"default-arg","locations":[{"start":{"line":20,"column":37},"end":{"line":20,"column":41}}]},"2":{"loc":{"start":{"line":21,"column":2},"end":{"line":21,"column":25}},"type":"default-arg","locations":[{"start":{"line":21,"column":24},"end":{"line":21,"column":25}}]},"3":{"loc":{"start":{"line":22,"column":2},"end":{"line":22,"column":25}},"type":"default-arg","locations":[{"start":{"line":22,"column":24},"end":{"line":22,"column":25}}]},"4":{"loc":{"start":{"line":23,"column":2},"end":{"line":23,"column":27}},"type":"default-arg","locations":[{"start":{"line":23,"column":26},"end":{"line":23,"column":27}}]},"5":{"loc":{"start":{"line":26,"column":19},"end":{"line":28,"column":62}},"type":"cond-expr","locations":[{"start":{"line":27,"column":6},"end":{"line":27,"column":17}},{"start":{"line":28,"column":7},"end":{"line":28,"column":61}}]},"6":{"loc":{"start":{"line":28,"column":7},"end":{"line":28,"column":61}},"type":"cond-expr","locations":[{"start":{"line":28,"column":34},"end":{"line":28,"column":45}},{"start":{"line":28,"column":48},"end":{"line":28,"column":61}}]},"7":{"loc":{"start":{"line":31,"column":2},"end":{"line":33,"column":3}},"type":"if","locations":[{"start":{"line":31,"column":2},"end":{"line":33,"column":3}}]},"8":{"loc":{"start":{"line":31,"column":6},"end":{"line":31,"column":32}},"type":"binary-expr","locations":[{"start":{"line":31,"column":6},"end":{"line":31,"column":15}},{"start":{"line":31,"column":19},"end":{"line":31,"column":32}}]},"9":{"loc":{"start":{"line":36,"column":17},"end":{"line":36,"column":47}},"type":"binary-expr","locations":[{"start":{"line":36,"column":17},"end":{"line":36,"column":29}},{"start":{"line":36,"column":33},"end":{"line":36,"column":47}}]},"10":{"loc":{"start":{"line":64,"column":2},"end":{"line":64,"column":23}},"type":"default-arg","locations":[{"start":{"line":64,"column":22},"end":{"line":64,"column":23}}]},"11":{"loc":{"start":{"line":66,"column":2},"end":{"line":66,"column":36}},"type":"if","locations":[{"start":{"line":66,"column":2},"end":{"line":66,"column":36}}]},"12":{"loc":{"start":{"line":68,"column":9},"end":{"line":69,"column":64}},"type":"binary-expr","locations":[{"start":{"line":68,"column":9},"end":{"line":68,"column":64}},{"start":{"line":69,"column":9},"end":{"line":69,"column":64}}]},"13":{"loc":{"start":{"line":79,"column":2},"end":{"line":79,"column":64}},"type":"if","locations":[{"start":{"line":79,"column":2},"end":{"line":79,"column":64}}]},"14":{"loc":{"start":{"line":82,"column":18},"end":{"line":82,"column":62}},"type":"cond-expr","locations":[{"start":{"line":82,"column":40},"end":{"line":82,"column":54}},{"start":{"line":82,"column":57},"end":{"line":82,"column":62}}]},"15":{"loc":{"start":{"line":83,"column":16},"end":{"line":83,"column":56}},"type":"cond-expr","locations":[{"start":{"line":83,"column":36},"end":{"line":83,"column":48}},{"start":{"line":83,"column":51},"end":{"line":83,"column":56}}]}},"s":{"0":0,"1":0,"2":0,"3":0,"4":0,"5":0,"6":0,"7":0,"8":0,"9":0,"10":0,"11":0,"12":0,"13":0,"14":0,"15":0,"16":0,"17":0,"18":0,"19":0,"20":0},"f":{"0":0,"1":0,"2":0},"b":{"0":[0],"1":[0],"2":[0],"3":[0],"4":[0],"5":[0,0],"6":[0,0],"7":[0],"8":[0,0],"9":[0,0],"10":[0],"11":[0],"12":[0,0],"13":[0],"14":[0,0],"15":[0,0]}}
}
