TN:
SF:src/App.tsx
FN:17,(anonymous_1)
FN:23,(anonymous_2)
FN:27,(anonymous_3)
FN:31,(anonymous_4)
FN:54,(anonymous_5)
FN:55,(anonymous_6)
FN:60,(anonymous_7)
FN:61,(anonymous_8)
FN:80,(anonymous_9)
FN:81,(anonymous_10)
FNF:10
FNH:0
FNDA:0,(anonymous_1)
FNDA:0,(anonymous_2)
FNDA:0,(anonymous_3)
FNDA:0,(anonymous_4)
FNDA:0,(anonymous_5)
FNDA:0,(anonymous_6)
FNDA:0,(anonymous_7)
FNDA:0,(anonymous_8)
FNDA:0,(anonymous_9)
FNDA:0,(anonymous_10)
DA:1,0
DA:2,0
DA:3,0
DA:4,0
DA:5,0
DA:6,0
DA:7,0
DA:8,0
DA:9,0
DA:10,0
DA:15,0
DA:17,0
DA:18,0
DA:19,0
DA:20,0
DA:21,0
DA:23,0
DA:24,0
DA:27,0
DA:28,0
DA:31,0
DA:33,0
DA:37,0
DA:50,0
DA:51,0
DA:54,0
DA:55,0
DA:56,0
DA:60,0
DA:61,0
DA:62,0
DA:63,0
DA:64,0
DA:69,0
DA:70,0
DA:76,0
DA:80,0
DA:81,0
DA:82,0
DA:86,0
DA:106,0
LF:41
LH:0
BRDA:56,0,0,0
BRDA:56,0,1,0
BRDA:62,1,0,0
BRDA:63,2,0,0
BRDA:63,2,1,0
BRDA:63,3,0,0
BRDA:63,3,1,0
BRDA:69,4,0,0
BRDA:82,5,0,0
BRDA:82,5,1,0
BRF:10
BRH:0
end_of_record
TN:
SF:src/__tests__/utils/testUtils.ts
FN:6,(anonymous_0)
FN:26,(anonymous_1)
FN:47,(anonymous_2)
FN:73,(anonymous_3)
FN:95,(anonymous_4)
FN:107,(anonymous_5)
FN:121,(anonymous_6)
FNF:7
FNH:6
FNDA:20,(anonymous_0)
FNDA:17,(anonymous_1)
FNDA:10,(anonymous_2)
FNDA:12,(anonymous_3)
FNDA:3,(anonymous_4)
FNDA:10,(anonymous_5)
FNDA:0,(anonymous_6)
DA:6,6
DA:9,20
DA:26,6
DA:29,17
DA:47,6
DA:50,10
DA:56,10
DA:73,6
DA:76,12
DA:95,6
DA:96,3
DA:107,6
DA:112,10
DA:121,6
DA:126,0
DA:127,0
DA:130,0
DA:131,0
DA:134,0
DA:136,0
DA:139,0
DA:145,0
DA:146,0
DA:147,0
DA:155,0
DA:156,0
DA:157,0
DA:165,0
LF:28
LH:14
BRDA:7,0,0,9
BRDA:27,1,0,6
BRDA:48,2,0,6
BRDA:74,3,0,5
BRDA:110,4,0,10
BRDA:113,5,0,10
BRDA:113,5,1,10
BRDA:124,6,0,0
BRDA:126,7,0,0
BRDA:127,8,0,0
BRDA:130,9,0,0
BRDA:131,10,0,0
BRDA:134,11,0,0
BRDA:134,11,1,0
BRDA:134,11,2,0
BRDA:134,11,3,0
BRDA:134,11,4,0
BRDA:140,12,0,0
BRDA:140,12,1,0
BRDA:148,13,0,0
BRDA:148,13,1,0
BRDA:148,13,2,0
BRDA:158,14,0,0
BRDA:158,14,1,0
BRDA:158,14,2,0
BRF:25
BRH:7
end_of_record
TN:
SF:src/components/CalibrationTool.tsx
FN:14,(anonymous_0)
FN:26,(anonymous_1)
FN:32,(anonymous_2)
FN:38,(anonymous_3)
FN:44,(anonymous_4)
FN:50,(anonymous_5)
FN:55,(anonymous_6)
FN:86,(anonymous_7)
FN:118,(anonymous_8)
FN:125,(anonymous_9)
FN:138,(anonymous_10)
FN:145,(anonymous_11)
FNF:12
FNH:0
FNDA:0,(anonymous_0)
FNDA:0,(anonymous_1)
FNDA:0,(anonymous_2)
FNDA:0,(anonymous_3)
FNDA:0,(anonymous_4)
FNDA:0,(anonymous_5)
FNDA:0,(anonymous_6)
FNDA:0,(anonymous_7)
FNDA:0,(anonymous_8)
FNDA:0,(anonymous_9)
FNDA:0,(anonymous_10)
FNDA:0,(anonymous_11)
DA:1,0
DA:2,0
DA:3,0
DA:4,0
DA:5,0
DA:14,0
DA:19,0
DA:20,0
DA:21,0
DA:22,0
DA:23,0
DA:26,0
DA:27,0
DA:28,0
DA:32,0
DA:33,0
DA:35,0
DA:38,0
DA:39,0
DA:40,0
DA:41,0
DA:44,0
DA:45,0
DA:46,0
DA:47,0
DA:50,0
DA:51,0
DA:52,0
DA:55,0
DA:56,0
DA:57,0
DA:60,0
DA:61,0
DA:63,0
DA:86,0
DA:118,0
DA:125,0
DA:138,0
DA:145,0
DA:170,0
LF:40
LH:0
BRDA:27,0,0,0
BRDA:39,1,0,0
BRDA:39,1,1,0
BRDA:45,2,0,0
BRDA:45,2,1,0
BRDA:60,3,0,0
BRDA:60,3,1,0
BRDA:72,4,0,0
BRDA:72,4,1,0
BRDA:86,5,0,0
BRDA:86,5,1,0
BRDA:160,6,0,0
BRDA:160,6,1,0
BRF:13
BRH:0
end_of_record
TN:
SF:src/components/CanvasGrid.tsx
FN:12,(anonymous_1)
FNF:1
FNH:0
FNDA:0,(anonymous_1)
DA:3,0
DA:12,0
DA:18,0
DA:20,0
DA:32,0
LF:5
LH:0
BRF:0
BRH:0
end_of_record
TN:
SF:src/components/FormulaEditor.tsx
FN:23,(anonymous_0)
FN:37,(anonymous_1)
FN:38,(anonymous_2)
FN:42,(anonymous_3)
FN:55,(anonymous_4)
FN:62,(anonymous_5)
FN:78,(anonymous_6)
FN:85,(anonymous_7)
FN:95,(anonymous_8)
FN:119,(anonymous_9)
FN:125,(anonymous_10)
FN:137,(anonymous_11)
FN:141,(anonymous_12)
FN:174,(anonymous_13)
FN:190,(anonymous_14)
FN:194,(anonymous_15)
FN:198,(anonymous_16)
FN:232,(anonymous_17)
FN:240,(anonymous_18)
FNF:19
FNH:0
FNDA:0,(anonymous_0)
FNDA:0,(anonymous_1)
FNDA:0,(anonymous_2)
FNDA:0,(anonymous_3)
FNDA:0,(anonymous_4)
FNDA:0,(anonymous_5)
FNDA:0,(anonymous_6)
FNDA:0,(anonymous_7)
FNDA:0,(anonymous_8)
FNDA:0,(anonymous_9)
FNDA:0,(anonymous_10)
FNDA:0,(anonymous_11)
FNDA:0,(anonymous_12)
FNDA:0,(anonymous_13)
FNDA:0,(anonymous_14)
FNDA:0,(anonymous_15)
FNDA:0,(anonymous_16)
FNDA:0,(anonymous_17)
FNDA:0,(anonymous_18)
DA:1,0
DA:3,0
DA:4,0
DA:5,0
DA:6,0
DA:7,0
DA:8,0
DA:10,0
DA:11,0
DA:12,0
DA:23,0
DA:31,0
DA:33,0
DA:34,0
DA:37,0
DA:38,0
DA:42,0
DA:44,0
DA:46,0
DA:47,0
DA:49,0
DA:50,0
DA:51,0
DA:55,0
DA:56,0
DA:57,0
DA:62,0
DA:63,0
DA:69,0
DA:70,0
DA:72,0
DA:73,0
DA:74,0
DA:78,0
DA:79,0
DA:80,0
DA:85,0
DA:86,0
DA:89,0
DA:90,0
DA:95,0
DA:96,0
DA:97,0
DA:99,0
DA:100,0
DA:103,0
DA:104,0
DA:108,0
DA:111,0
DA:113,0
DA:120,0
DA:125,0
DA:138,0
DA:139,0
DA:141,0
DA:142,0
DA:174,0
DA:191,0
DA:195,0
DA:199,0
DA:201,0
DA:203,0
DA:232,0
DA:240,0
DA:289,0
LF:65
LH:0
BRDA:46,0,0,0
BRDA:56,1,0,0
BRDA:69,2,0,0
BRDA:79,3,0,0
BRDA:79,4,0,0
BRDA:79,4,1,0
BRDA:86,5,0,0
BRDA:96,6,0,0
BRDA:103,7,0,0
BRDA:108,8,0,0
BRDA:108,8,1,0
BRDA:122,9,0,0
BRDA:122,9,1,0
BRDA:132,10,0,0
BRDA:132,10,1,0
BRDA:134,11,0,0
BRDA:134,11,1,0
BRDA:142,12,0,0
BRDA:142,12,1,0
BRDA:165,13,0,0
BRDA:165,13,1,0
BRDA:173,14,0,0
BRDA:173,14,1,0
BRDA:199,15,0,0
BRDA:199,15,1,0
BRDA:231,16,0,0
BRDA:231,16,1,0
BRDA:239,17,0,0
BRDA:239,17,1,0
BRDA:254,18,0,0
BRDA:254,18,1,0
BRF:31
BRH:0
end_of_record
TN:
SF:src/components/FormulaGraph.tsx
FN:23,(anonymous_0)
FN:38,(anonymous_1)
FN:46,(anonymous_2)
FN:68,(anonymous_3)
FN:81,(anonymous_4)
FN:101,(anonymous_5)
FN:147,(anonymous_6)
FN:153,(anonymous_7)
FN:170,(anonymous_8)
FN:180,(anonymous_9)
FN:191,(anonymous_10)
FN:198,(anonymous_11)
FN:241,(anonymous_12)
FN:266,(anonymous_13)
FN:308,(anonymous_14)
FN:387,(anonymous_15)
FN:394,(anonymous_16)
FN:401,(anonymous_17)
FNF:18
FNH:0
FNDA:0,(anonymous_0)
FNDA:0,(anonymous_1)
FNDA:0,(anonymous_2)
FNDA:0,(anonymous_3)
FNDA:0,(anonymous_4)
FNDA:0,(anonymous_5)
FNDA:0,(anonymous_6)
FNDA:0,(anonymous_7)
FNDA:0,(anonymous_8)
FNDA:0,(anonymous_9)
FNDA:0,(anonymous_10)
FNDA:0,(anonymous_11)
FNDA:0,(anonymous_12)
FNDA:0,(anonymous_13)
FNDA:0,(anonymous_14)
FNDA:0,(anonymous_15)
FNDA:0,(anonymous_16)
FNDA:0,(anonymous_17)
DA:1,0
DA:4,0
DA:5,0
DA:23,0
DA:31,0
DA:32,0
DA:33,0
DA:34,0
DA:35,0
DA:38,0
DA:40,0
DA:41,0
DA:42,0
DA:46,0
DA:47,0
DA:50,0
DA:51,0
DA:54,0
DA:58,0
DA:59,0
DA:63,0
DA:68,0
DA:70,0
DA:72,0
DA:75,0
DA:78,0
DA:81,0
DA:82,0
DA:83,0
DA:84,0
DA:88,0
DA:89,0
DA:91,0
DA:94,0
DA:95,0
DA:96,0
DA:101,0
DA:102,0
DA:103,0
DA:106,0
DA:107,0
DA:108,0
DA:109,0
DA:112,0
DA:115,0
DA:116,0
DA:118,0
DA:119,0
DA:120,0
DA:121,0
DA:126,0
DA:128,0
DA:129,0
DA:131,0
DA:132,0
DA:133,0
DA:134,0
DA:139,0
DA:142,0
DA:147,0
DA:148,0
DA:150,0
DA:151,0
DA:153,0
DA:154,0
DA:156,0
DA:157,0
DA:158,0
DA:160,0
DA:161,0
DA:162,0
DA:166,0
DA:170,0
DA:171,0
DA:172,0
DA:176,0
DA:180,0
DA:181,0
DA:183,0
DA:184,0
DA:187,0
DA:188,0
DA:191,0
DA:192,0
DA:193,0
DA:198,0
DA:199,0
DA:202,0
DA:203,0
DA:207,0
DA:208,0
DA:209,0
DA:210,0
DA:212,0
DA:214,0
DA:216,0
DA:219,0
DA:221,0
DA:222,0
DA:225,0
DA:229,0
DA:232,0
DA:235,0
DA:238,0
DA:241,0
DA:242,0
DA:245,0
DA:246,0
DA:250,0
DA:253,0
DA:254,0
DA:256,0
DA:257,0
DA:258,0
DA:261,0
DA:263,0
DA:264,0
DA:266,0
DA:267,0
DA:269,0
DA:270,0
DA:271,0
DA:273,0
DA:274,0
DA:275,0
DA:280,0
DA:281,0
DA:284,0
DA:287,0
DA:288,0
DA:291,0
DA:302,0
DA:303,0
DA:308,0
DA:310,0
DA:311,0
DA:315,0
DA:317,0
DA:320,0
DA:323,0
DA:328,0
DA:329,0
DA:355,0
DA:356,0
DA:361,0
DA:365,0
DA:389,0
DA:390,0
DA:391,0
DA:396,0
DA:397,0
DA:398,0
DA:403,0
DA:404,0
DA:405,0
DA:406,0
DA:408,0
DA:430,0
LF:158
LH:0
BRDA:50,0,0,0
BRDA:50,0,1,0
BRDA:50,1,0,0
BRDA:50,1,1,0
BRDA:63,2,0,0
BRDA:63,2,1,0
BRDA:63,2,2,0
BRDA:75,3,0,0
BRDA:75,3,1,0
BRDA:88,4,0,0
BRDA:88,4,1,0
BRDA:106,5,0,0
BRDA:106,6,0,0
BRDA:106,6,1,0
BRDA:115,7,0,0
BRDA:115,7,1,0
BRDA:115,8,0,0
BRDA:115,8,1,0
BRDA:119,9,0,0
BRDA:119,9,1,0
BRDA:119,10,0,0
BRDA:119,10,1,0
BRDA:128,11,0,0
BRDA:128,11,1,0
BRDA:132,12,0,0
BRDA:132,12,1,0
BRDA:148,13,0,0
BRDA:148,14,0,0
BRDA:148,14,1,0
BRDA:154,15,0,0
BRDA:160,16,0,0
BRDA:171,17,0,0
BRDA:181,18,0,0
BRDA:193,19,0,0
BRDA:193,19,1,0
BRDA:193,19,2,0
BRDA:193,19,3,0
BRDA:199,20,0,0
BRDA:199,21,0,0
BRDA:199,21,1,0
BRDA:202,22,0,0
BRDA:202,22,1,0
BRDA:212,23,0,0
BRDA:212,23,1,0
BRDA:212,24,0,0
BRDA:212,24,1,0
BRDA:214,25,0,0
BRDA:214,26,0,0
BRDA:214,26,1,0
BRDA:219,27,0,0
BRDA:219,27,1,0
BRDA:242,28,0,0
BRDA:245,29,0,0
BRDA:254,30,0,0
BRDA:261,31,0,0
BRDA:261,32,0,0
BRDA:261,32,1,0
BRDA:267,33,0,0
BRDA:273,34,0,0
BRDA:280,35,0,0
BRDA:280,35,1,0
BRDA:280,36,0,0
BRDA:280,36,1,0
BRDA:310,37,0,0
BRDA:315,38,0,0
BRDA:315,39,0,0
BRDA:315,39,1,0
BRDA:328,40,0,0
BRDA:328,41,0,0
BRDA:328,41,1,0
BRDA:355,42,0,0
BRDA:361,43,0,0
BRDA:361,43,1,0
BRDA:367,44,0,0
BRDA:367,44,1,0
BRDA:373,45,0,0
BRDA:373,45,1,0
BRDA:382,46,0,0
BRDA:382,46,1,0
BRDA:384,47,0,0
BRDA:384,47,1,0
BRDA:385,48,0,0
BRDA:385,48,1,0
BRDA:389,49,0,0
BRDA:396,50,0,0
BRDA:403,51,0,0
BRDA:414,52,0,0
BRDA:414,52,1,0
BRDA:414,52,2,0
BRF:89
BRH:0
end_of_record
TN:
SF:src/components/FormulaPointInfo.tsx
FN:17,(anonymous_0)
FN:25,(anonymous_1)
FN:34,(anonymous_2)
FN:49,(anonymous_3)
FNF:4
FNH:0
FNDA:0,(anonymous_0)
FNDA:0,(anonymous_1)
FNDA:0,(anonymous_2)
FNDA:0,(anonymous_3)
DA:3,0
DA:4,0
DA:17,0
DA:18,0
DA:20,0
DA:22,0
DA:25,0
DA:27,0
DA:28,0
DA:29,0
DA:30,0
DA:34,0
DA:35,0
DA:49,0
DA:50,0
DA:52,0
DA:55,0
DA:57,0
DA:58,0
DA:61,0
DA:62,0
DA:65,0
DA:66,0
DA:68,0
DA:69,0
DA:71,0
DA:74,0
DA:76,0
DA:80,0
DA:147,0
LF:30
LH:0
BRDA:20,0,0,0
BRDA:27,1,0,0
BRDA:28,2,0,0
BRDA:29,3,0,0
BRDA:55,4,0,0
BRDA:55,4,1,0
BRDA:61,5,0,0
BRDA:66,6,0,0
BRDA:66,6,1,0
BRDA:69,7,0,0
BRDA:114,8,0,0
BRDA:114,8,1,0
BRDA:115,9,0,0
BRDA:115,9,1,0
BRF:14
BRH:0
end_of_record
TN:
SF:src/components/FormulaPointInfoTest.tsx
FN:9,(anonymous_1)
FN:58,(anonymous_2)
FN:69,(anonymous_3)
FN:70,(anonymous_4)
FN:88,(anonymous_5)
FN:96,(anonymous_6)
FNF:6
FNH:0
FNDA:0,(anonymous_1)
FNDA:0,(anonymous_2)
FNDA:0,(anonymous_3)
FNDA:0,(anonymous_4)
FNDA:0,(anonymous_5)
FNDA:0,(anonymous_6)
DA:1,0
DA:4,0
DA:5,0
DA:6,0
DA:7,0
DA:9,0
DA:10,0
DA:11,0
DA:20,0
DA:53,0
DA:58,0
DA:65,0
DA:69,0
DA:70,0
DA:72,0
DA:73,0
DA:77,0
DA:78,0
DA:79,0
DA:83,0
DA:86,0
DA:88,0
DA:89,0
DA:93,0
DA:97,0
DA:124,0
LF:26
LH:0
BRDA:72,0,0,0
BRDA:78,1,0,0
BRDA:78,2,0,0
BRDA:78,2,1,0
BRDA:107,3,0,0
BRDA:107,3,1,0
BRF:6
BRH:0
end_of_record
TN:
SF:src/components/GeometryCanvas.tsx
FNF:0
FNH:0
DA:1,0
DA:2,0
LF:2
LH:0
BRF:0
BRH:0
end_of_record
TN:
SF:src/components/GeometryHeader.tsx
FN:12,(anonymous_7)
FN:17,(anonymous_8)
FN:19,(anonymous_9)
FN:21,(anonymous_10)
FN:26,(anonymous_11)
FN:28,(anonymous_12)
FN:36,(anonymous_13)
FN:37,(anonymous_14)
FN:42,(anonymous_15)
FNF:9
FNH:0
FNDA:0,(anonymous_7)
FNDA:0,(anonymous_8)
FNDA:0,(anonymous_9)
FNDA:0,(anonymous_10)
FNDA:0,(anonymous_11)
FNDA:0,(anonymous_12)
FNDA:0,(anonymous_13)
FNDA:0,(anonymous_14)
FNDA:0,(anonymous_15)
DA:1,0
DA:2,0
DA:3,0
DA:4,0
DA:5,0
DA:6,0
DA:12,0
DA:13,0
DA:14,0
DA:15,0
DA:17,0
DA:18,0
DA:19,0
DA:20,0
DA:22,0
DA:25,0
DA:26,0
DA:27,0
DA:29,0
DA:36,0
DA:37,0
DA:38,0
DA:41,0
DA:42,0
DA:43,0
DA:47,0
DA:83,0
LF:27
LH:0
BRDA:18,0,0,0
BRDA:18,0,1,0
BRDA:25,1,0,0
BRDA:48,2,0,0
BRDA:48,2,1,0
BRDA:50,3,0,0
BRDA:50,3,1,0
BRDA:67,4,0,0
BRDA:67,4,1,0
BRDA:69,5,0,0
BRDA:69,5,1,0
BRDA:74,6,0,0
BRDA:74,6,1,0
BRF:13
BRH:0
end_of_record
TN:
SF:src/components/LanguageSelector.tsx
FN:8,(anonymous_0)
FN:12,(anonymous_1)
FN:31,(anonymous_2)
FN:34,(anonymous_3)
FNF:4
FNH:0
FNDA:0,(anonymous_0)
FNDA:0,(anonymous_1)
FNDA:0,(anonymous_2)
FNDA:0,(anonymous_3)
DA:2,0
DA:3,0
DA:4,0
DA:5,0
DA:6,0
DA:8,0
DA:9,0
DA:12,0
DA:13,0
DA:14,0
DA:15,0
DA:16,0
DA:17,0
DA:18,0
DA:22,0
DA:32,0
DA:34,0
DA:45,0
LF:18
LH:0
BRDA:13,0,0,0
BRDA:13,0,1,0
BRDA:13,0,2,0
BRDA:13,0,3,0
BRDA:13,0,4,0
BRDA:35,1,0,0
BRDA:35,1,1,0
BRF:7
BRH:0
end_of_record
TN:
SF:src/components/MeasurementPanel.tsx
FNF:0
FNH:0
DA:1,0
DA:2,0
LF:2
LH:0
BRF:0
BRH:0
end_of_record
TN:
SF:src/components/ShapeControls.tsx
FN:12,(anonymous_0)
FN:35,(anonymous_1)
FN:87,(anonymous_2)
FN:91,(anonymous_3)
FN:132,(anonymous_4)
FNF:5
FNH:0
FNDA:0,(anonymous_0)
FNDA:0,(anonymous_1)
FNDA:0,(anonymous_2)
FNDA:0,(anonymous_3)
FNDA:0,(anonymous_4)
DA:12,0
DA:13,0
DA:15,0
DA:35,0
DA:41,0
DA:42,0
DA:45,0
DA:47,0
DA:49,0
DA:51,0
DA:64,0
DA:67,0
DA:69,0
DA:76,0
DA:79,0
DA:82,0
DA:83,0
DA:86,0
DA:87,0
DA:90,0
DA:91,0
DA:93,0
DA:106,0
DA:109,0
DA:112,0
DA:125,0
DA:130,0
DA:133,0
DA:145,0
LF:29
LH:0
BRDA:18,0,0,0
BRDA:18,0,1,0
BRDA:20,1,0,0
BRDA:20,1,1,0
BRDA:42,2,0,0
BRDA:47,3,0,0
BRDA:47,3,1,0
BRDA:47,3,2,0
BRDA:47,3,3,0
BRDA:138,4,0,0
BRDA:138,4,1,0
BRF:11
BRH:0
end_of_record
TN:
SF:src/components/Toolbar.tsx
FN:27,(anonymous_0)
FN:46,(anonymous_1)
FN:56,(anonymous_2)
FN:69,(anonymous_3)
FN:82,(anonymous_4)
FN:95,(anonymous_5)
FN:125,(anonymous_6)
FN:157,(anonymous_7)
FNF:8
FNH:0
FNDA:0,(anonymous_0)
FNDA:0,(anonymous_1)
FNDA:0,(anonymous_2)
FNDA:0,(anonymous_3)
FNDA:0,(anonymous_4)
FNDA:0,(anonymous_5)
FNDA:0,(anonymous_6)
FNDA:0,(anonymous_7)
DA:3,0
DA:4,0
DA:5,0
DA:6,0
DA:7,0
DA:8,0
DA:10,0
DA:11,0
DA:12,0
DA:27,0
DA:39,0
DA:40,0
DA:42,0
DA:46,0
DA:57,0
DA:58,0
DA:70,0
DA:71,0
DA:83,0
DA:84,0
DA:96,0
DA:97,0
DA:125,0
DA:157,0
DA:167,0
DA:169,0
DA:206,0
LF:27
LH:0
BRDA:37,0,0,0
BRDA:55,1,0,0
BRDA:55,1,1,0
BRDA:68,2,0,0
BRDA:68,2,1,0
BRDA:81,3,0,0
BRDA:81,3,1,0
BRDA:94,4,0,0
BRDA:94,4,1,0
BRDA:101,5,0,0
BRDA:101,5,1,0
BRDA:108,6,0,0
BRDA:108,6,1,0
BRDA:160,7,0,0
BRDA:161,8,0,0
BRDA:165,9,0,0
BRDA:174,10,0,0
BRDA:174,10,1,0
BRDA:174,11,0,0
BRDA:174,11,1,0
BRDA:178,12,0,0
BRDA:178,12,1,0
BRDA:179,13,0,0
BRDA:179,13,1,0
BRDA:184,14,0,0
BRDA:184,14,1,0
BRDA:185,15,0,0
BRDA:185,15,1,0
BRDA:191,16,0,0
BRDA:191,16,1,0
BRF:30
BRH:0
end_of_record
TN:
SF:src/components/UnitSelector.tsx
FN:19,(anonymous_0)
FN:35,(anonymous_1)
FN:46,(anonymous_2)
FNF:3
FNH:0
FNDA:0,(anonymous_0)
FNDA:0,(anonymous_1)
FNDA:0,(anonymous_2)
DA:2,0
DA:9,0
DA:11,0
DA:19,0
DA:20,0
DA:23,0
DA:28,0
DA:36,0
DA:37,0
DA:38,0
DA:47,0
DA:57,0
LF:12
LH:0
BRDA:37,0,0,0
BRF:1
BRH:0
end_of_record
TN:
SF:src/components/CanvasGrid/GridDragHandler.tsx
FN:17,(anonymous_0)
FN:36,(anonymous_1)
FN:41,(anonymous_2)
FN:50,(anonymous_3)
FN:66,(anonymous_4)
FN:113,(anonymous_5)
FN:170,(anonymous_6)
FN:228,(anonymous_7)
FN:229,(anonymous_8)
FN:233,(anonymous_9)
FN:243,(anonymous_10)
FNF:11
FNH:0
FNDA:0,(anonymous_0)
FNDA:0,(anonymous_1)
FNDA:0,(anonymous_2)
FNDA:0,(anonymous_3)
FNDA:0,(anonymous_4)
FNDA:0,(anonymous_5)
FNDA:0,(anonymous_6)
FNDA:0,(anonymous_7)
FNDA:0,(anonymous_8)
FNDA:0,(anonymous_9)
FNDA:0,(anonymous_10)
DA:1,0
DA:3,0
DA:7,0
DA:17,0
DA:24,0
DA:25,0
DA:26,0
DA:27,0
DA:28,0
DA:29,0
DA:30,0
DA:33,0
DA:36,0
DA:37,0
DA:41,0
DA:42,0
DA:45,0
DA:46,0
DA:50,0
DA:51,0
DA:52,0
DA:56,0
DA:66,0
DA:68,0
DA:69,0
DA:71,0
DA:72,0
DA:73,0
DA:74,0
DA:77,0
DA:80,0
DA:81,0
DA:84,0
DA:87,0
DA:88,0
DA:89,0
DA:92,0
DA:98,0
DA:101,0
DA:104,0
DA:105,0
DA:106,0
DA:109,0
DA:113,0
DA:114,0
DA:115,0
DA:116,0
DA:117,0
DA:121,0
DA:122,0
DA:125,0
DA:126,0
DA:129,0
DA:130,0
DA:134,0
DA:135,0
DA:138,0
DA:143,0
DA:146,0
DA:149,0
DA:150,0
DA:152,0
DA:156,0
DA:157,0
DA:160,0
DA:163,0
DA:164,0
DA:165,0
DA:170,0
DA:171,0
DA:172,0
DA:173,0
DA:174,0
DA:175,0
DA:179,0
DA:182,0
DA:183,0
DA:186,0
DA:192,0
DA:195,0
DA:196,0
DA:199,0
DA:201,0
DA:207,0
DA:209,0
DA:213,0
DA:214,0
DA:215,0
DA:216,0
DA:218,0
DA:219,0
DA:221,0
DA:224,0
DA:228,0
DA:229,0
DA:230,0
DA:233,0
DA:234,0
DA:237,0
DA:238,0
DA:239,0
DA:240,0
DA:243,0
DA:246,0
DA:247,0
DA:250,0
DA:251,0
DA:252,0
DA:257,0
DA:276,0
LF:110
LH:0
BRDA:51,0,0,0
BRDA:51,1,0,0
BRDA:51,1,1,0
BRDA:68,2,0,0
BRDA:68,2,1,0
BRDA:69,3,0,0
BRDA:69,3,1,0
BRDA:69,4,0,0
BRDA:69,4,1,0
BRDA:71,5,0,0
BRDA:71,6,0,0
BRDA:71,6,1,0
BRDA:73,7,0,0
BRDA:93,8,0,0
BRDA:93,8,1,0
BRDA:94,9,0,0
BRDA:94,9,1,0
BRDA:105,10,0,0
BRDA:114,11,0,0
BRDA:116,12,0,0
BRDA:121,13,0,0
BRDA:121,13,1,0
BRDA:122,14,0,0
BRDA:122,14,1,0
BRDA:129,15,0,0
BRDA:129,16,0,0
BRDA:129,16,1,0
BRDA:149,17,0,0
BRDA:149,18,0,0
BRDA:149,18,1,0
BRDA:149,18,2,0
BRDA:149,18,3,0
BRDA:149,18,4,0
BRDA:171,19,0,0
BRDA:172,20,0,0
BRDA:174,21,0,0
BRDA:187,22,0,0
BRDA:187,22,1,0
BRDA:188,23,0,0
BRDA:188,23,1,0
BRDA:199,24,0,0
BRDA:199,24,1,0
BRDA:199,25,0,0
BRDA:199,25,1,0
BRDA:237,26,0,0
BRDA:250,27,0,0
BRDA:265,28,0,0
BRDA:265,28,1,0
BRDA:265,29,0,0
BRDA:265,29,1,0
BRF:50
BRH:0
end_of_record
TN:
SF:src/components/CanvasGrid/GridLines.tsx
FN:12,(anonymous_0)
FNF:1
FNH:0
FNDA:0,(anonymous_0)
DA:12,0
DA:20,0
DA:23,0
DA:29,0
DA:30,0
DA:34,0
DA:35,0
DA:36,0
DA:37,0
DA:39,0
DA:40,0
DA:41,0
DA:44,0
DA:45,0
DA:46,0
DA:58,0
DA:60,0
DA:61,0
DA:62,0
DA:63,0
DA:78,0
DA:81,0
DA:84,0
DA:85,0
DA:102,0
DA:103,0
DA:104,0
DA:116,0
DA:118,0
DA:119,0
DA:120,0
DA:121,0
DA:136,0
DA:138,0
DA:139,0
DA:156,0
DA:167,0
DA:176,0
LF:38
LH:0
BRDA:20,0,0,0
BRDA:20,0,1,0
BRDA:54,1,0,0
BRDA:54,1,1,0
BRDA:55,2,0,0
BRDA:55,2,1,0
BRDA:58,3,0,0
BRDA:62,4,0,0
BRDA:62,5,0,0
BRDA:62,5,1,0
BRDA:78,6,0,0
BRDA:78,7,0,0
BRDA:78,7,1,0
BRDA:84,8,0,0
BRDA:84,9,0,0
BRDA:84,9,1,0
BRDA:112,10,0,0
BRDA:112,10,1,0
BRDA:113,11,0,0
BRDA:113,11,1,0
BRDA:116,12,0,0
BRDA:120,13,0,0
BRDA:120,14,0,0
BRDA:120,14,1,0
BRDA:136,15,0,0
BRDA:136,16,0,0
BRDA:136,16,1,0
BRDA:138,17,0,0
BRDA:138,18,0,0
BRDA:138,18,1,0
BRDA:156,19,0,0
BRDA:157,20,0,0
BRDA:157,20,1,0
BRDA:157,20,2,0
BRDA:157,20,3,0
BRF:35
BRH:0
end_of_record
TN:
SF:src/components/CanvasGrid/OriginIndicator.tsx
FN:8,(anonymous_0)
FNF:1
FNH:0
FNDA:0,(anonymous_0)
DA:8,0
DA:10,0
DA:17,0
DA:22,0
DA:26,0
DA:27,0
DA:29,0
DA:76,0
LF:8
LH:0
BRDA:17,0,0,0
BRDA:17,0,1,0
BRDA:17,0,2,0
BRDA:17,0,3,0
BRDA:22,1,0,0
BRF:5
BRH:0
end_of_record
TN:
SF:src/components/CanvasGrid/ResponsiveGrid.tsx
FN:13,(anonymous_1)
FN:27,(anonymous_2)
FNF:2
FNH:0
FNDA:0,(anonymous_1)
FNDA:0,(anonymous_2)
DA:1,0
DA:3,0
DA:13,0
DA:21,0
DA:27,0
DA:28,0
DA:29,0
DA:36,0
DA:47,0
LF:9
LH:0
BRDA:21,0,0,0
BRDA:21,0,1,0
BRDA:28,1,0,0
BRDA:42,2,0,0
BRDA:42,2,1,0
BRF:5
BRH:0
end_of_record
TN:
SF:src/components/CanvasGrid/index.tsx
FN:20,(anonymous_1)
FN:45,(anonymous_2)
FN:70,(anonymous_3)
FN:95,(anonymous_4)
FN:118,(anonymous_5)
FN:131,(anonymous_6)
FN:163,(anonymous_7)
FN:176,(anonymous_8)
FN:177,(anonymous_9)
FN:185,(anonymous_10)
FN:200,(anonymous_11)
FNF:11
FNH:0
FNDA:0,(anonymous_1)
FNDA:0,(anonymous_2)
FNDA:0,(anonymous_3)
FNDA:0,(anonymous_4)
FNDA:0,(anonymous_5)
FNDA:0,(anonymous_6)
FNDA:0,(anonymous_7)
FNDA:0,(anonymous_8)
FNDA:0,(anonymous_9)
FNDA:0,(anonymous_10)
FNDA:0,(anonymous_11)
DA:1,0
DA:3,0
DA:4,0
DA:5,0
DA:20,0
DA:30,0
DA:33,0
DA:36,0
DA:39,0
DA:42,0
DA:45,0
DA:47,0
DA:49,0
DA:52,0
DA:53,0
DA:54,0
DA:55,0
DA:56,0
DA:60,0
DA:61,0
DA:65,0
DA:70,0
DA:72,0
DA:75,0
DA:76,0
DA:79,0
DA:80,0
DA:86,0
DA:89,0
DA:92,0
DA:95,0
DA:96,0
DA:100,0
DA:104,0
DA:105,0
DA:106,0
DA:109,0
DA:112,0
DA:115,0
DA:118,0
DA:119,0
DA:124,0
DA:125,0
DA:128,0
DA:131,0
DA:133,0
DA:134,0
DA:135,0
DA:138,0
DA:141,0
DA:145,0
DA:146,0
DA:149,0
DA:152,0
DA:156,0
DA:158,0
DA:159,0
DA:163,0
DA:164,0
DA:166,0
DA:167,0
DA:171,0
DA:176,0
DA:177,0
DA:178,0
DA:179,0
DA:185,0
DA:186,0
DA:191,0
DA:192,0
DA:193,0
DA:195,0
DA:200,0
DA:201,0
DA:202,0
DA:206,0
DA:209,0
DA:210,0
DA:213,0
DA:216,0
DA:217,0
DA:222,0
DA:225,0
DA:226,0
DA:232,0
DA:267,0
LF:86
LH:0
BRDA:24,0,0,0
BRDA:47,1,0,0
BRDA:52,2,0,0
BRDA:52,2,1,0
BRDA:55,3,0,0
BRDA:55,4,0,0
BRDA:55,4,1,0
BRDA:72,5,0,0
BRDA:75,6,0,0
BRDA:79,7,0,0
BRDA:79,8,0,0
BRDA:79,8,1,0
BRDA:104,9,0,0
BRDA:133,10,0,0
BRDA:141,11,0,0
BRDA:141,11,1,0
BRDA:141,11,2,0
BRDA:145,12,0,0
BRDA:145,12,1,0
BRDA:156,13,0,0
BRDA:158,14,0,0
BRDA:178,15,0,0
BRDA:186,16,0,0
BRDA:186,16,1,0
BRDA:193,17,0,0
BRDA:206,18,0,0
BRDA:206,18,1,0
BRDA:209,19,0,0
BRDA:209,20,0,0
BRDA:209,20,1,0
BRDA:209,20,2,0
BRDA:216,21,0,0
BRDA:225,22,0,0
BRF:33
BRH:0
end_of_record
TN:
SF:src/components/GeometryCanvas/CalibrationButton.tsx
FN:13,(anonymous_1)
FN:21,(anonymous_2)
FN:38,(anonymous_3)
FNF:3
FNH:0
FNDA:0,(anonymous_1)
FNDA:0,(anonymous_2)
FNDA:0,(anonymous_3)
DA:2,0
DA:13,0
DA:21,0
DA:22,0
DA:25,0
DA:39,0
DA:40,0
DA:72,0
LF:8
LH:0
BRDA:52,0,0,0
BRDA:52,0,1,0
BRF:2
BRH:0
end_of_record
TN:
SF:src/components/GeometryCanvas/CanvasEventHandlers.ts
FN:42,(anonymous_0)
FN:60,(anonymous_1)
FN:71,(anonymous_2)
FN:98,(anonymous_3)
FN:116,(anonymous_4)
FN:139,(anonymous_5)
FN:150,(anonymous_6)
FN:174,(anonymous_7)
FN:232,(anonymous_8)
FN:263,(anonymous_9)
FN:300,(anonymous_10)
FN:323,(anonymous_11)
FN:334,(anonymous_12)
FN:387,(anonymous_13)
FN:396,(anonymous_14)
FN:400,(anonymous_15)
FN:426,(anonymous_16)
FN:435,(anonymous_17)
FN:439,(anonymous_18)
FN:448,(anonymous_19)
FN:458,(anonymous_20)
FN:463,(anonymous_21)
FNF:22
FNH:0
FNDA:0,(anonymous_0)
FNDA:0,(anonymous_1)
FNDA:0,(anonymous_2)
FNDA:0,(anonymous_3)
FNDA:0,(anonymous_4)
FNDA:0,(anonymous_5)
FNDA:0,(anonymous_6)
FNDA:0,(anonymous_7)
FNDA:0,(anonymous_8)
FNDA:0,(anonymous_9)
FNDA:0,(anonymous_10)
FNDA:0,(anonymous_11)
FNDA:0,(anonymous_12)
FNDA:0,(anonymous_13)
FNDA:0,(anonymous_14)
FNDA:0,(anonymous_15)
FNDA:0,(anonymous_16)
FNDA:0,(anonymous_17)
FNDA:0,(anonymous_18)
FNDA:0,(anonymous_19)
FNDA:0,(anonymous_20)
FNDA:0,(anonymous_21)
DA:3,0
DA:4,0
DA:42,0
DA:57,0
DA:60,0
DA:61,0
DA:71,0
DA:73,0
DA:75,0
DA:78,0
DA:81,0
DA:84,0
DA:88,0
DA:89,0
DA:91,0
DA:93,0
DA:94,0
DA:98,0
DA:99,0
DA:102,0
DA:104,0
DA:106,0
DA:108,0
DA:109,0
DA:110,0
DA:111,0
DA:116,0
DA:136,0
DA:139,0
DA:140,0
DA:150,0
DA:151,0
DA:154,0
DA:156,0
DA:158,0
DA:159,0
DA:160,0
DA:163,0
DA:165,0
DA:167,0
DA:168,0
DA:171,0
DA:172,0
DA:174,0
DA:175,0
DA:178,0
DA:184,0
DA:186,0
DA:188,0
DA:189,0
DA:192,0
DA:193,0
DA:196,0
DA:200,0
DA:202,0
DA:208,0
DA:211,0
DA:217,0
DA:224,0
DA:229,0
DA:231,0
DA:232,0
DA:233,0
DA:236,0
DA:242,0
DA:248,0
DA:251,0
DA:253,0
DA:255,0
DA:257,0
DA:261,0
DA:262,0
DA:263,0
DA:264,0
DA:267,0
DA:270,0
DA:276,0
DA:282,0
DA:285,0
DA:287,0
DA:289,0
DA:291,0
DA:295,0
DA:300,0
DA:320,0
DA:323,0
DA:324,0
DA:334,0
DA:335,0
DA:338,0
DA:342,0
DA:344,0
DA:349,0
DA:351,0
DA:354,0
DA:359,0
DA:362,0
DA:363,0
DA:368,0
DA:369,0
DA:370,0
DA:371,0
DA:373,0
DA:374,0
DA:375,0
DA:377,0
DA:378,0
DA:379,0
DA:381,0
DA:382,0
DA:387,0
DA:394,0
DA:396,0
DA:397,0
DA:399,0
DA:400,0
DA:402,0
DA:403,0
DA:406,0
DA:407,0
DA:408,0
DA:410,0
DA:411,0
DA:412,0
DA:414,0
DA:415,0
DA:416,0
DA:420,0
DA:426,0
DA:433,0
DA:435,0
DA:436,0
DA:438,0
DA:439,0
DA:441,0
DA:442,0
DA:443,0
DA:448,0
DA:456,0
DA:458,0
DA:460,0
DA:463,0
DA:464,0
DA:467,0
DA:468,0
DA:473,0
DA:474,0
DA:477,0
DA:480,0
DA:482,0
DA:483,0
DA:484,0
DA:486,0
DA:487,0
DA:488,0
DA:490,0
DA:491,0
DA:492,0
DA:494,0
DA:495,0
DA:496,0
DA:498,0
DA:502,0
LF:163
LH:0
BRDA:84,0,0,0
BRDA:84,0,1,0
BRDA:84,1,0,0
BRDA:84,1,1,0
BRDA:84,1,2,0
BRDA:84,1,3,0
BRDA:88,2,0,0
BRDA:88,2,1,0
BRDA:88,3,0,0
BRDA:88,3,1,0
BRDA:91,4,0,0
BRDA:91,4,1,0
BRDA:93,5,0,0
BRDA:99,6,0,0
BRDA:104,7,0,0
BRDA:108,8,0,0
BRDA:156,9,0,0
BRDA:156,9,1,0
BRDA:156,10,0,0
BRDA:156,10,1,0
BRDA:156,10,2,0
BRDA:158,11,0,0
BRDA:158,11,1,0
BRDA:158,12,0,0
BRDA:158,12,1,0
BRDA:158,12,2,0
BRDA:165,13,0,0
BRDA:165,13,1,0
BRDA:165,14,0,0
BRDA:165,14,1,0
BRDA:165,14,2,0
BRDA:165,14,3,0
BRDA:165,14,4,0
BRDA:172,15,0,0
BRDA:172,16,0,0
BRDA:172,16,1,0
BRDA:175,17,0,0
BRDA:184,18,0,0
BRDA:184,19,0,0
BRDA:184,19,1,0
BRDA:184,19,2,0
BRDA:184,19,3,0
BRDA:186,20,0,0
BRDA:186,20,1,0
BRDA:200,21,0,0
BRDA:200,21,1,0
BRDA:231,22,0,0
BRDA:231,22,1,0
BRDA:231,23,0,0
BRDA:231,23,1,0
BRDA:231,23,2,0
BRDA:231,23,3,0
BRDA:233,24,0,0
BRDA:251,25,0,0
BRDA:251,26,0,0
BRDA:251,26,1,0
BRDA:251,26,2,0
BRDA:262,27,0,0
BRDA:262,28,0,0
BRDA:262,28,1,0
BRDA:262,28,2,0
BRDA:264,29,0,0
BRDA:285,30,0,0
BRDA:338,31,0,0
BRDA:338,31,1,0
BRDA:338,32,0,0
BRDA:338,32,1,0
BRDA:338,32,2,0
BRDA:342,33,0,0
BRDA:342,33,1,0
BRDA:342,34,0,0
BRDA:342,34,1,0
BRDA:342,34,2,0
BRDA:342,34,3,0
BRDA:349,35,0,0
BRDA:351,36,0,0
BRDA:351,36,1,0
BRDA:351,37,0,0
BRDA:351,37,1,0
BRDA:351,37,2,0
BRDA:354,38,0,0
BRDA:354,38,1,0
BRDA:354,39,0,0
BRDA:354,39,1,0
BRDA:354,39,2,0
BRDA:362,40,0,0
BRDA:371,41,0,0
BRDA:371,41,1,0
BRDA:371,42,0,0
BRDA:371,42,1,0
BRDA:375,43,0,0
BRDA:375,43,1,0
BRDA:379,44,0,0
BRDA:397,45,0,0
BRDA:402,46,0,0
BRDA:406,47,0,0
BRDA:406,47,1,0
BRDA:408,48,0,0
BRDA:408,48,1,0
BRDA:412,49,0,0
BRDA:436,50,0,0
BRDA:441,51,0,0
BRDA:460,52,0,0
BRDA:464,53,0,0
BRDA:477,54,0,0
BRDA:477,54,1,0
BRDA:480,55,0,0
BRDA:480,55,1,0
BRDA:480,55,2,0
BRDA:480,55,3,0
BRDA:480,55,4,0
BRF:111
BRH:0
end_of_record
TN:
SF:src/components/GeometryCanvas/CanvasUtils.ts
FN:11,(anonymous_0)
FN:20,(anonymous_1)
FN:32,(anonymous_2)
FN:107,(anonymous_3)
FN:128,(anonymous_4)
FN:134,(anonymous_5)
FN:141,(anonymous_6)
FN:152,(anonymous_7)
FNF:8
FNH:0
FNDA:0,(anonymous_0)
FNDA:0,(anonymous_1)
FNDA:0,(anonymous_2)
FNDA:0,(anonymous_3)
FNDA:0,(anonymous_4)
FNDA:0,(anonymous_5)
FNDA:0,(anonymous_6)
FNDA:0,(anonymous_7)
DA:6,0
DA:7,0
DA:8,0
DA:11,0
DA:12,0
DA:13,0
DA:14,0
DA:16,0
DA:20,0
DA:21,0
DA:22,0
DA:24,0
DA:25,0
DA:32,0
DA:34,0
DA:35,0
DA:37,0
DA:39,0
DA:40,0
DA:44,0
DA:45,0
DA:47,0
DA:50,0
DA:52,0
DA:58,0
DA:64,0
DA:66,0
DA:69,0
DA:71,0
DA:78,0
DA:79,0
DA:81,0
DA:84,0
DA:87,0
DA:94,0
DA:96,0
DA:97,0
DA:99,0
DA:103,0
DA:107,0
DA:108,0
DA:109,0
DA:110,0
DA:113,0
DA:114,0
DA:117,0
DA:118,0
DA:121,0
DA:128,0
DA:130,0
DA:133,0
DA:134,0
DA:137,0
DA:141,0
DA:142,0
DA:143,0
DA:144,0
DA:145,0
DA:148,0
DA:152,0
DA:154,0
DA:157,0
DA:158,0
DA:163,0
DA:167,0
DA:170,0
DA:176,0
LF:67
LH:0
BRDA:13,0,0,0
BRDA:16,1,0,0
BRDA:16,1,1,0
BRDA:22,2,0,0
BRDA:37,3,0,0
BRDA:37,3,1,0
BRDA:37,3,2,0
BRDA:37,3,3,0
BRDA:44,4,0,0
BRDA:58,5,0,0
BRDA:59,6,0,0
BRDA:59,6,1,0
BRDA:59,6,2,0
BRDA:59,6,3,0
BRDA:78,7,0,0
BRDA:96,8,0,0
BRDA:133,9,0,0
BRDA:157,10,0,0
BRF:18
BRH:0
end_of_record
TN:
SF:src/components/GeometryCanvas/GeometryCanvas.tsx
FN:49,(anonymous_1)
FN:85,(anonymous_2)
FN:86,(anonymous_3)
FN:94,(anonymous_4)
FN:127,(anonymous_5)
FN:128,(anonymous_6)
FN:137,(anonymous_7)
FN:149,(anonymous_8)
FN:156,(anonymous_9)
FN:177,(anonymous_10)
FN:199,(anonymous_11)
FN:209,(anonymous_12)
FN:222,(anonymous_13)
FN:223,(anonymous_14)
FN:232,(anonymous_15)
FN:247,(anonymous_16)
FN:427,(anonymous_17)
FN:432,(anonymous_18)
FN:440,(anonymous_19)
FN:454,(anonymous_20)
FN:468,(anonymous_21)
FN:469,(anonymous_22)
FN:477,(anonymous_23)
FN:534,(anonymous_24)
FN:539,(anonymous_25)
FN:545,(anonymous_26)
FN:550,(anonymous_27)
FN:558,(anonymous_28)
FN:606,(anonymous_29)
FN:628,(anonymous_30)
FNF:30
FNH:0
FNDA:0,(anonymous_1)
FNDA:0,(anonymous_2)
FNDA:0,(anonymous_3)
FNDA:0,(anonymous_4)
FNDA:0,(anonymous_5)
FNDA:0,(anonymous_6)
FNDA:0,(anonymous_7)
FNDA:0,(anonymous_8)
FNDA:0,(anonymous_9)
FNDA:0,(anonymous_10)
FNDA:0,(anonymous_11)
FNDA:0,(anonymous_12)
FNDA:0,(anonymous_13)
FNDA:0,(anonymous_14)
FNDA:0,(anonymous_15)
FNDA:0,(anonymous_16)
FNDA:0,(anonymous_17)
FNDA:0,(anonymous_18)
FNDA:0,(anonymous_19)
FNDA:0,(anonymous_20)
FNDA:0,(anonymous_21)
FNDA:0,(anonymous_22)
FNDA:0,(anonymous_23)
FNDA:0,(anonymous_24)
FNDA:0,(anonymous_25)
FNDA:0,(anonymous_26)
FNDA:0,(anonymous_27)
FNDA:0,(anonymous_28)
FNDA:0,(anonymous_29)
FNDA:0,(anonymous_30)
DA:1,0
DA:2,0
DA:3,0
DA:4,0
DA:5,0
DA:6,0
DA:8,0
DA:14,0
DA:22,0
DA:49,0
DA:68,0
DA:69,0
DA:70,0
DA:71,0
DA:72,0
DA:73,0
DA:74,0
DA:75,0
DA:76,0
DA:77,0
DA:78,0
DA:79,0
DA:82,0
DA:85,0
DA:86,0
DA:87,0
DA:91,0
DA:94,0
DA:95,0
DA:98,0
DA:99,0
DA:100,0
DA:101,0
DA:104,0
DA:106,0
DA:109,0
DA:110,0
DA:112,0
DA:118,0
DA:121,0
DA:124,0
DA:127,0
DA:128,0
DA:129,0
DA:130,0
DA:132,0
DA:133,0
DA:137,0
DA:138,0
DA:139,0
DA:141,0
DA:142,0
DA:146,0
DA:147,0
DA:149,0
DA:150,0
DA:151,0
DA:156,0
DA:158,0
DA:161,0
DA:164,0
DA:165,0
DA:168,0
DA:169,0
DA:173,0
DA:177,0
DA:179,0
DA:182,0
DA:185,0
DA:186,0
DA:187,0
DA:189,0
DA:190,0
DA:199,0
DA:201,0
DA:203,0
DA:204,0
DA:209,0
DA:210,0
DA:211,0
DA:212,0
DA:213,0
DA:214,0
DA:215,0
DA:216,0
DA:217,0
DA:218,0
DA:222,0
DA:223,0
DA:224,0
DA:225,0
DA:226,0
DA:232,0
DA:233,0
DA:234,0
DA:238,0
DA:241,0
DA:244,0
DA:247,0
DA:248,0
DA:249,0
DA:250,0
DA:255,0
DA:289,0
DA:323,0
DA:358,0
DA:392,0
DA:427,0
DA:428,0
DA:432,0
DA:433,0
DA:436,0
DA:440,0
DA:441,0
DA:444,0
DA:446,0
DA:447,0
DA:451,0
DA:454,0
DA:456,0
DA:457,0
DA:458,0
DA:460,0
DA:463,0
DA:468,0
DA:469,0
DA:470,0
DA:471,0
DA:477,0
DA:478,0
DA:479,0
DA:482,0
DA:483,0
DA:484,0
DA:488,0
DA:490,0
DA:494,0
DA:499,0
DA:534,0
DA:536,0
DA:539,0
DA:540,0
DA:545,0
DA:546,0
DA:550,0
DA:551,0
DA:554,0
DA:556,0
DA:559,0
DA:570,0
DA:607,0
DA:628,0
DA:641,0
LF:153
LH:0
BRDA:50,0,0,0
BRDA:51,1,0,0
BRDA:57,2,0,0
BRDA:85,3,0,0
BRDA:85,3,1,0
BRDA:87,4,0,0
BRDA:87,4,1,0
BRDA:91,5,0,0
BRDA:91,5,1,0
BRDA:98,6,0,0
BRDA:104,7,0,0
BRDA:106,8,0,0
BRDA:106,8,1,0
BRDA:106,9,0,0
BRDA:106,9,1,0
BRDA:106,9,2,0
BRDA:129,10,0,0
BRDA:132,11,0,0
BRDA:138,12,0,0
BRDA:141,13,0,0
BRDA:164,14,0,0
BRDA:164,14,1,0
BRDA:179,15,0,0
BRDA:179,15,1,0
BRDA:185,16,0,0
BRDA:185,16,1,0
BRDA:201,17,0,0
BRDA:201,18,0,0
BRDA:201,18,1,0
BRDA:203,19,0,0
BRDA:203,19,1,0
BRDA:204,20,0,0
BRDA:204,20,1,0
BRDA:224,21,0,0
BRDA:433,22,0,0
BRDA:444,23,0,0
BRDA:444,23,1,0
BRDA:444,24,0,0
BRDA:444,24,1,0
BRDA:444,24,2,0
BRDA:446,25,0,0
BRDA:456,26,0,0
BRDA:470,27,0,0
BRDA:478,28,0,0
BRDA:478,29,0,0
BRDA:478,29,1,0
BRDA:478,29,2,0
BRDA:482,30,0,0
BRDA:482,30,1,0
BRDA:551,31,0,0
BRDA:551,32,0,0
BRDA:551,32,1,0
BRDA:551,32,2,0
BRDA:554,33,0,0
BRDA:554,33,1,0
BRDA:583,34,0,0
BRDA:583,34,1,0
BRDA:585,35,0,0
BRDA:585,35,1,0
BRDA:599,36,0,0
BRDA:599,36,1,0
BRDA:595,37,0,0
BRDA:595,37,1,0
BRDA:595,38,0,0
BRDA:595,38,1,0
BRDA:621,39,0,0
BRDA:621,39,1,0
BRDA:626,40,0,0
BRDA:626,40,1,0
BRF:69
BRH:0
end_of_record
TN:
SF:src/components/GeometryCanvas/PreviewShape.tsx
FN:13,(anonymous_0)
FN:61,(anonymous_1)
FN:83,(anonymous_2)
FN:105,(anonymous_3)
FN:172,(anonymous_4)
FNF:5
FNH:0
FNDA:0,(anonymous_0)
FNDA:0,(anonymous_1)
FNDA:0,(anonymous_2)
FNDA:0,(anonymous_3)
FNDA:0,(anonymous_4)
DA:13,0
DA:21,0
DA:24,0
DA:26,0
DA:27,0
DA:34,0
DA:35,0
DA:36,0
DA:43,0
DA:44,0
DA:45,0
DA:47,0
DA:49,0
DA:51,0
DA:53,0
DA:55,0
DA:57,0
DA:61,0
DA:62,0
DA:67,0
DA:83,0
DA:84,0
DA:85,0
DA:86,0
DA:87,0
DA:89,0
DA:105,0
DA:108,0
DA:114,0
DA:120,0
DA:126,0
DA:127,0
DA:128,0
DA:129,0
DA:131,0
DA:132,0
DA:135,0
DA:143,0
DA:145,0
DA:172,0
DA:176,0
DA:177,0
DA:178,0
DA:179,0
DA:180,0
DA:182,0
DA:183,0
DA:186,0
DA:187,0
DA:188,0
DA:189,0
DA:192,0
DA:194,0
DA:228,0
LF:54
LH:0
BRDA:18,0,0,0
BRDA:21,1,0,0
BRDA:21,2,0,0
BRDA:21,2,1,0
BRDA:21,2,2,0
BRDA:26,3,0,0
BRDA:26,4,0,0
BRDA:26,4,1,0
BRDA:35,5,0,0
BRDA:35,6,0,0
BRDA:35,6,1,0
BRDA:43,7,0,0
BRDA:43,7,1,0
BRDA:44,8,0,0
BRDA:44,8,1,0
BRDA:45,9,0,0
BRDA:45,9,1,0
BRDA:47,10,0,0
BRDA:47,10,1,0
BRDA:47,10,2,0
BRDA:47,10,3,0
BRDA:47,10,4,0
BRDA:143,11,0,0
BRDA:143,11,1,0
BRDA:192,12,0,0
BRDA:192,12,1,0
BRF:26
BRH:0
end_of_record
TN:
SF:src/components/GeometryCanvas/ShapeRenderer.tsx
FN:10,(anonymous_0)
FN:25,(anonymous_1)
FN:47,(anonymous_2)
FN:70,(anonymous_3)
FN:121,(anonymous_4)
FNF:5
FNH:0
FNDA:0,(anonymous_0)
FNDA:0,(anonymous_1)
FNDA:0,(anonymous_2)
FNDA:0,(anonymous_3)
FNDA:0,(anonymous_4)
DA:10,0
DA:11,0
DA:13,0
DA:15,0
DA:17,0
DA:19,0
DA:21,0
DA:25,0
DA:26,0
DA:47,0
DA:48,0
DA:70,0
DA:72,0
DA:73,0
DA:74,0
DA:75,0
DA:77,0
DA:78,0
DA:81,0
DA:88,0
DA:121,0
DA:125,0
DA:126,0
DA:127,0
DA:128,0
DA:129,0
DA:131,0
DA:132,0
DA:135,0
DA:136,0
DA:137,0
DA:138,0
DA:140,0
DA:191,0
LF:34
LH:0
BRDA:11,0,0,0
BRDA:11,0,1,0
BRDA:11,0,2,0
BRDA:11,0,3,0
BRDA:11,0,4,0
BRDA:30,1,0,0
BRDA:30,1,1,0
BRDA:40,2,0,0
BRDA:40,2,1,0
BRDA:52,3,0,0
BRDA:52,3,1,0
BRDA:63,4,0,0
BRDA:63,4,1,0
BRDA:97,5,0,0
BRDA:97,5,1,0
BRDA:113,6,0,0
BRDA:113,6,1,0
BRDA:149,7,0,0
BRDA:149,7,1,0
BRDA:179,8,0,0
BRDA:179,8,1,0
BRF:21
BRH:0
end_of_record
TN:
SF:src/components/GeometryCanvas/index.tsx
FN:51,(anonymous_1)
FN:90,(anonymous_2)
FN:91,(anonymous_3)
FN:121,(anonymous_4)
FN:133,(anonymous_5)
FN:237,(anonymous_6)
FN:270,(anonymous_7)
FN:271,(anonymous_8)
FN:284,(anonymous_9)
FN:298,(anonymous_10)
FN:305,(anonymous_11)
FN:326,(anonymous_12)
FN:348,(anonymous_13)
FN:358,(anonymous_14)
FN:371,(anonymous_15)
FN:372,(anonymous_16)
FN:389,(anonymous_17)
FN:396,(anonymous_18)
FN:404,(anonymous_19)
FN:411,(anonymous_20)
FN:450,(anonymous_21)
FN:457,(anonymous_22)
FN:601,(anonymous_23)
FN:606,(anonymous_24)
FN:614,(anonymous_25)
FN:619,(anonymous_26)
FN:626,(anonymous_27)
FN:640,(anonymous_28)
FN:654,(anonymous_29)
FN:655,(anonymous_30)
FN:663,(anonymous_31)
FN:685,(anonymous_32)
FN:690,(anonymous_33)
FN:699,(anonymous_34)
FN:709,(anonymous_35)
FN:717,(anonymous_36)
FN:769,(anonymous_37)
FN:779,(anonymous_38)
FN:790,(anonymous_39)
FN:803,(anonymous_40)
FN:813,(anonymous_41)
FN:823,(anonymous_42)
FN:833,(anonymous_43)
FN:844,(anonymous_44)
FN:888,(anonymous_45)
FN:895,(anonymous_46)
FN:901,(anonymous_47)
FN:926,(anonymous_48)
FN:971,(anonymous_49)
FN:1007,(anonymous_50)
FN:1010,(anonymous_51)
FNF:51
FNH:0
FNDA:0,(anonymous_1)
FNDA:0,(anonymous_2)
FNDA:0,(anonymous_3)
FNDA:0,(anonymous_4)
FNDA:0,(anonymous_5)
FNDA:0,(anonymous_6)
FNDA:0,(anonymous_7)
FNDA:0,(anonymous_8)
FNDA:0,(anonymous_9)
FNDA:0,(anonymous_10)
FNDA:0,(anonymous_11)
FNDA:0,(anonymous_12)
FNDA:0,(anonymous_13)
FNDA:0,(anonymous_14)
FNDA:0,(anonymous_15)
FNDA:0,(anonymous_16)
FNDA:0,(anonymous_17)
FNDA:0,(anonymous_18)
FNDA:0,(anonymous_19)
FNDA:0,(anonymous_20)
FNDA:0,(anonymous_21)
FNDA:0,(anonymous_22)
FNDA:0,(anonymous_23)
FNDA:0,(anonymous_24)
FNDA:0,(anonymous_25)
FNDA:0,(anonymous_26)
FNDA:0,(anonymous_27)
FNDA:0,(anonymous_28)
FNDA:0,(anonymous_29)
FNDA:0,(anonymous_30)
FNDA:0,(anonymous_31)
FNDA:0,(anonymous_32)
FNDA:0,(anonymous_33)
FNDA:0,(anonymous_34)
FNDA:0,(anonymous_35)
FNDA:0,(anonymous_36)
FNDA:0,(anonymous_37)
FNDA:0,(anonymous_38)
FNDA:0,(anonymous_39)
FNDA:0,(anonymous_40)
FNDA:0,(anonymous_41)
FNDA:0,(anonymous_42)
FNDA:0,(anonymous_43)
FNDA:0,(anonymous_44)
FNDA:0,(anonymous_45)
FNDA:0,(anonymous_46)
FNDA:0,(anonymous_47)
FNDA:0,(anonymous_48)
FNDA:0,(anonymous_49)
FNDA:0,(anonymous_50)
FNDA:0,(anonymous_51)
DA:1,0
DA:3,0
DA:4,0
DA:5,0
DA:6,0
DA:7,0
DA:8,0
DA:11,0
DA:12,0
DA:18,0
DA:51,0
DA:70,0
DA:71,0
DA:72,0
DA:73,0
DA:74,0
DA:75,0
DA:76,0
DA:77,0
DA:78,0
DA:79,0
DA:80,0
DA:84,0
DA:87,0
DA:90,0
DA:91,0
DA:92,0
DA:96,0
DA:99,0
DA:111,0
DA:118,0
DA:121,0
DA:123,0
DA:126,0
DA:129,0
DA:133,0
DA:134,0
DA:136,0
DA:137,0
DA:138,0
DA:142,0
DA:145,0
DA:146,0
DA:150,0
DA:151,0
DA:152,0
DA:157,0
DA:159,0
DA:160,0
DA:161,0
DA:165,0
DA:166,0
DA:167,0
DA:172,0
DA:175,0
DA:177,0
DA:180,0
DA:181,0
DA:183,0
DA:185,0
DA:195,0
DA:198,0
DA:199,0
DA:200,0
DA:204,0
DA:207,0
DA:208,0
DA:210,0
DA:211,0
DA:212,0
DA:215,0
DA:225,0
DA:228,0
DA:229,0
DA:232,0
DA:237,0
DA:238,0
DA:241,0
DA:242,0
DA:243,0
DA:244,0
DA:247,0
DA:249,0
DA:252,0
DA:253,0
DA:255,0
DA:261,0
DA:264,0
DA:267,0
DA:270,0
DA:271,0
DA:272,0
DA:274,0
DA:275,0
DA:277,0
DA:278,0
DA:284,0
DA:285,0
DA:286,0
DA:288,0
DA:289,0
DA:294,0
DA:295,0
DA:298,0
DA:299,0
DA:300,0
DA:305,0
DA:307,0
DA:310,0
DA:313,0
DA:314,0
DA:317,0
DA:318,0
DA:322,0
DA:326,0
DA:328,0
DA:331,0
DA:334,0
DA:335,0
DA:336,0
DA:338,0
DA:339,0
DA:348,0
DA:350,0
DA:352,0
DA:353,0
DA:358,0
DA:359,0
DA:360,0
DA:361,0
DA:362,0
DA:363,0
DA:364,0
DA:365,0
DA:366,0
DA:367,0
DA:371,0
DA:372,0
DA:373,0
DA:374,0
DA:375,0
DA:380,0
DA:383,0
DA:386,0
DA:389,0
DA:390,0
DA:391,0
DA:396,0
DA:398,0
DA:399,0
DA:400,0
DA:404,0
DA:405,0
DA:406,0
DA:407,0
DA:411,0
DA:415,0
DA:450,0
DA:451,0
DA:452,0
DA:457,0
DA:459,0
DA:494,0
DA:497,0
DA:532,0
DA:566,0
DA:601,0
DA:602,0
DA:606,0
DA:607,0
DA:610,0
DA:614,0
DA:615,0
DA:619,0
DA:620,0
DA:621,0
DA:626,0
DA:627,0
DA:630,0
DA:632,0
DA:633,0
DA:637,0
DA:640,0
DA:642,0
DA:643,0
DA:644,0
DA:646,0
DA:649,0
DA:654,0
DA:655,0
DA:656,0
DA:657,0
DA:663,0
DA:664,0
DA:665,0
DA:668,0
DA:669,0
DA:670,0
DA:674,0
DA:676,0
DA:680,0
DA:685,0
DA:687,0
DA:690,0
DA:692,0
DA:696,0
DA:699,0
DA:700,0
DA:704,0
DA:706,0
DA:709,0
DA:711,0
DA:717,0
DA:727,0
DA:730,0
DA:733,0
DA:735,0
DA:738,0
DA:743,0
DA:746,0
DA:747,0
DA:753,0
DA:757,0
DA:758,0
DA:759,0
DA:761,0
DA:764,0
DA:769,0
DA:770,0
DA:771,0
DA:775,0
DA:779,0
DA:780,0
DA:781,0
DA:785,0
DA:788,0
DA:790,0
DA:791,0
DA:803,0
DA:804,0
DA:806,0
DA:808,0
DA:810,0
DA:813,0
DA:814,0
DA:817,0
DA:819,0
DA:823,0
DA:824,0
DA:826,0
DA:828,0
DA:830,0
DA:833,0
DA:834,0
DA:837,0
DA:839,0
DA:844,0
DA:846,0
DA:847,0
DA:848,0
DA:852,0
DA:855,0
DA:858,0
DA:860,0
DA:862,0
DA:863,0
DA:867,0
DA:868,0
DA:869,0
DA:873,0
DA:874,0
DA:875,0
DA:880,0
DA:883,0
DA:888,0
DA:895,0
DA:901,0
DA:902,0
DA:903,0
DA:904,0
DA:908,0
DA:927,0
DA:930,0
DA:931,0
DA:932,0
DA:933,0
DA:934,0
DA:935,0
DA:936,0
DA:937,0
DA:938,0
DA:939,0
DA:941,0
DA:944,0
DA:947,0
DA:948,0
DA:950,0
DA:953,0
DA:956,0
DA:959,0
DA:973,0
DA:974,0
DA:978,0
DA:979,0
DA:980,0
DA:984,0
DA:985,0
DA:986,0
DA:991,0
DA:1008,0
DA:1010,0
DA:1095,0
LF:312
LH:0
BRDA:52,0,0,0
BRDA:53,1,0,0
BRDA:59,2,0,0
BRDA:90,3,0,0
BRDA:90,3,1,0
BRDA:92,4,0,0
BRDA:92,4,1,0
BRDA:96,5,0,0
BRDA:96,5,1,0
BRDA:133,6,0,0
BRDA:136,7,0,0
BRDA:150,8,0,0
BRDA:150,8,1,0
BRDA:151,9,0,0
BRDA:151,9,1,0
BRDA:152,10,0,0
BRDA:152,10,1,0
BRDA:157,11,0,0
BRDA:157,11,1,0
BRDA:160,12,0,0
BRDA:166,13,0,0
BRDA:198,14,0,0
BRDA:198,15,0,0
BRDA:198,15,1,0
BRDA:207,16,0,0
BRDA:207,16,1,0
BRDA:208,17,0,0
BRDA:208,17,1,0
BRDA:228,18,0,0
BRDA:241,19,0,0
BRDA:247,20,0,0
BRDA:249,21,0,0
BRDA:249,21,1,0
BRDA:249,22,0,0
BRDA:249,22,1,0
BRDA:249,22,2,0
BRDA:274,23,0,0
BRDA:277,24,0,0
BRDA:285,25,0,0
BRDA:288,26,0,0
BRDA:313,27,0,0
BRDA:313,27,1,0
BRDA:328,28,0,0
BRDA:328,28,1,0
BRDA:334,29,0,0
BRDA:334,29,1,0
BRDA:350,30,0,0
BRDA:350,31,0,0
BRDA:350,31,1,0
BRDA:352,32,0,0
BRDA:352,32,1,0
BRDA:353,33,0,0
BRDA:353,33,1,0
BRDA:373,34,0,0
BRDA:398,35,0,0
BRDA:405,36,0,0
BRDA:451,37,0,0
BRDA:607,38,0,0
BRDA:620,39,0,0
BRDA:630,40,0,0
BRDA:630,40,1,0
BRDA:630,41,0,0
BRDA:630,41,1,0
BRDA:630,41,2,0
BRDA:632,42,0,0
BRDA:642,43,0,0
BRDA:656,44,0,0
BRDA:664,45,0,0
BRDA:664,46,0,0
BRDA:664,46,1,0
BRDA:664,46,2,0
BRDA:668,47,0,0
BRDA:668,47,1,0
BRDA:704,48,0,0
BRDA:704,49,0,0
BRDA:704,49,1,0
BRDA:704,49,2,0
BRDA:704,49,3,0
BRDA:733,50,0,0
BRDA:733,50,1,0
BRDA:740,51,0,0
BRDA:740,51,1,0
BRDA:746,52,0,0
BRDA:746,52,1,0
BRDA:746,53,0,0
BRDA:746,53,1,0
BRDA:757,54,0,0
BRDA:757,54,1,0
BRDA:770,55,0,0
BRDA:780,56,0,0
BRDA:780,57,0,0
BRDA:780,57,1,0
BRDA:780,57,2,0
BRDA:785,58,0,0
BRDA:785,58,1,0
BRDA:806,59,0,0
BRDA:806,59,1,0
BRDA:806,59,2,0
BRDA:806,59,3,0
BRDA:806,59,4,0
BRDA:826,60,0,0
BRDA:826,60,1,0
BRDA:826,60,2,0
BRDA:826,60,3,0
BRDA:826,60,4,0
BRDA:846,61,0,0
BRDA:858,62,0,0
BRDA:860,63,0,0
BRDA:868,64,0,0
BRDA:868,65,0,0
BRDA:868,65,1,0
BRDA:874,66,0,0
BRDA:874,67,0,0
BRDA:874,67,1,0
BRDA:874,67,2,0
BRDA:902,68,0,0
BRDA:902,69,0,0
BRDA:902,69,1,0
BRDA:923,70,0,0
BRDA:923,70,1,0
BRDA:930,71,0,0
BRDA:931,72,0,0
BRDA:931,72,1,0
BRDA:935,73,0,0
BRDA:935,73,1,0
BRDA:939,74,0,0
BRDA:939,75,0,0
BRDA:939,75,1,0
BRDA:944,76,0,0
BRDA:944,76,1,0
BRDA:948,77,0,0
BRDA:948,77,1,0
BRDA:973,78,0,0
BRDA:979,79,0,0
BRDA:979,80,0,0
BRDA:979,80,1,0
BRDA:985,81,0,0
BRDA:985,82,0,0
BRDA:985,82,1,0
BRDA:985,82,2,0
BRDA:1000,83,0,0
BRDA:1000,83,1,0
BRDA:996,84,0,0
BRDA:996,84,1,0
BRDA:996,85,0,0
BRDA:996,85,1,0
BRDA:996,86,0,0
BRDA:996,86,1,0
BRDA:1011,87,0,0
BRDA:1011,87,1,0
BRDA:1020,88,0,0
BRDA:1020,88,1,0
BRDA:1027,89,0,0
BRDA:1027,89,1,0
BRDA:1027,90,0,0
BRDA:1027,90,1,0
BRDA:1038,91,0,0
BRDA:1038,91,1,0
BRDA:1038,92,0,0
BRDA:1038,92,1,0
BRDA:1056,93,0,0
BRDA:1056,93,1,0
BRDA:1072,94,0,0
BRDA:1072,94,1,0
BRDA:1077,95,0,0
BRDA:1077,95,1,0
BRDA:1085,96,0,0
BRDA:1085,96,1,0
BRF:168
BRH:0
end_of_record
TN:
SF:src/components/MeasurementPanel/MeasurementItem.tsx
FN:25,(anonymous_0)
FN:42,(anonymous_1)
FN:52,(anonymous_2)
FN:69,(anonymous_3)
FN:169,(anonymous_4)
FNF:5
FNH:0
FNDA:0,(anonymous_0)
FNDA:0,(anonymous_1)
FNDA:0,(anonymous_2)
FNDA:0,(anonymous_3)
FNDA:0,(anonymous_4)
DA:2,0
DA:3,0
DA:4,0
DA:5,0
DA:7,0
DA:8,0
DA:9,0
DA:25,0
DA:38,0
DA:39,0
DA:42,0
DA:44,0
DA:45,0
DA:48,0
DA:52,0
DA:54,0
DA:57,0
DA:60,0
DA:63,0
DA:65,0
DA:69,0
DA:70,0
DA:71,0
DA:77,0
DA:85,0
DA:97,0
DA:99,0
DA:169,0
DA:184,0
LF:29
LH:0
BRDA:44,0,0,0
BRDA:54,1,0,0
BRDA:54,2,0,0
BRDA:54,2,1,0
BRDA:57,3,0,0
BRDA:57,4,0,0
BRDA:57,4,1,0
BRDA:60,5,0,0
BRDA:60,6,0,0
BRDA:60,6,1,0
BRDA:63,7,0,0
BRDA:63,8,0,0
BRDA:63,8,1,0
BRDA:63,8,2,0
BRDA:63,8,3,0
BRDA:70,9,0,0
BRDA:85,10,0,0
BRDA:85,10,1,0
BRDA:85,10,2,0
BRDA:85,10,3,0
BRDA:85,10,4,0
BRDA:85,10,5,0
BRDA:85,10,6,0
BRDA:85,10,7,0
BRDA:85,10,8,0
BRDA:106,11,0,0
BRDA:106,11,1,0
BRDA:115,12,0,0
BRDA:115,12,1,0
BRDA:131,13,0,0
BRDA:131,13,1,0
BRDA:168,14,0,0
BRDA:168,14,1,0
BRDA:169,15,0,0
BRDA:169,15,1,0
BRDA:172,16,0,0
BRDA:172,16,1,0
BRF:37
BRH:0
end_of_record
TN:
SF:src/components/MeasurementPanel/ShapeIcon.tsx
FN:9,(anonymous_0)
FNF:1
FNH:0
FNDA:0,(anonymous_0)
DA:2,0
DA:9,0
DA:10,0
DA:12,0
DA:14,0
DA:16,0
DA:18,0
DA:22,0
LF:8
LH:0
BRDA:10,0,0,0
BRDA:10,0,1,0
BRDA:10,0,2,0
BRDA:10,0,3,0
BRF:4
BRH:0
end_of_record
TN:
SF:src/components/MeasurementPanel/index.tsx
FN:15,(anonymous_1)
FN:28,(anonymous_2)
FN:34,(anonymous_3)
FN:48,(anonymous_4)
FN:53,(anonymous_5)
FN:59,(anonymous_6)
FN:97,(anonymous_7)
FNF:7
FNH:0
FNDA:0,(anonymous_1)
FNDA:0,(anonymous_2)
FNDA:0,(anonymous_3)
FNDA:0,(anonymous_4)
FNDA:0,(anonymous_5)
FNDA:0,(anonymous_6)
FNDA:0,(anonymous_7)
DA:1,0
DA:2,0
DA:4,0
DA:5,0
DA:6,0
DA:15,0
DA:21,0
DA:24,0
DA:25,0
DA:28,0
DA:29,0
DA:30,0
DA:34,0
DA:35,0
DA:37,0
DA:38,0
DA:39,0
DA:41,0
DA:43,0
DA:48,0
DA:49,0
DA:53,0
DA:54,0
DA:55,0
DA:59,0
DA:60,0
DA:61,0
DA:62,0
DA:63,0
DA:68,0
DA:69,0
DA:85,0
DA:87,0
DA:98,0
DA:119,0
LF:35
LH:0
BRDA:35,0,0,0
BRDA:37,1,0,0
BRDA:37,1,1,0
BRDA:60,2,0,0
BRDA:60,2,1,0
BRDA:62,3,0,0
BRDA:68,4,0,0
BRF:7
BRH:0
end_of_record
TN:
SF:src/components/utils/snapToGrid.ts
FN:12,(anonymous_0)
FNF:1
FNH:0
FNDA:0,(anonymous_0)
DA:12,0
DA:17,0
DA:18,0
DA:22,0
DA:23,0
DA:26,0
DA:27,0
DA:30,0
LF:8
LH:0
BRDA:17,0,0,0
BRDA:17,1,0,0
BRDA:17,1,1,0
BRF:3
BRH:0
end_of_record
TN:
SF:src/config/ConfigContext.tsx
FN:20,(anonymous_0)
FN:36,(anonymous_1)
FNF:2
FNH:0
FNDA:0,(anonymous_0)
FNDA:0,(anonymous_1)
DA:2,0
DA:14,0
DA:20,0
DA:21,0
DA:22,0
DA:24,0
DA:36,0
DA:37,0
DA:38,0
DA:39,0
DA:41,0
LF:11
LH:0
BRDA:38,0,0,0
BRF:1
BRH:0
end_of_record
TN:
SF:src/context/ConfigContext.tsx
FN:10,(anonymous_0)
FN:20,(anonymous_1)
FNF:2
FNH:0
FNDA:0,(anonymous_0)
FNDA:0,(anonymous_1)
DA:1,0
DA:8,0
DA:10,0
DA:11,0
DA:13,0
DA:20,0
DA:21,0
DA:22,0
DA:23,0
DA:25,0
DA:28,0
LF:11
LH:0
BRDA:22,0,0,0
BRF:1
BRH:0
end_of_record
TN:
SF:src/hooks/use-mobile.tsx
FN:5,useIsMobile
FN:8,(anonymous_7)
FN:10,(anonymous_8)
FN:15,(anonymous_9)
FNF:4
FNH:0
FNDA:0,useIsMobile
FNDA:0,(anonymous_7)
FNDA:0,(anonymous_8)
FNDA:0,(anonymous_9)
DA:1,0
DA:3,0
DA:5,0
DA:6,0
DA:8,0
DA:9,0
DA:10,0
DA:11,0
DA:13,0
DA:14,0
DA:15,0
DA:18,0
LF:12
LH:0
BRF:0
BRH:0
end_of_record
TN:
SF:src/hooks/use-toast.ts
FN:27,genId
FN:58,(anonymous_7)
FN:63,(anonymous_8)
FN:74,(anonymous_9)
FN:85,(anonymous_10)
FN:98,(anonymous_11)
FN:105,(anonymous_12)
FN:124,(anonymous_13)
FN:133,dispatch
FN:135,(anonymous_15)
FN:142,toast
FN:145,(anonymous_17)
FN:150,(anonymous_18)
FN:158,(anonymous_19)
FN:171,useToast
FN:174,(anonymous_21)
FN:176,(anonymous_22)
FN:187,(anonymous_23)
FNF:18
FNH:0
FNDA:0,genId
FNDA:0,(anonymous_7)
FNDA:0,(anonymous_8)
FNDA:0,(anonymous_9)
FNDA:0,(anonymous_10)
FNDA:0,(anonymous_11)
FNDA:0,(anonymous_12)
FNDA:0,(anonymous_13)
FNDA:0,dispatch
FNDA:0,(anonymous_15)
FNDA:0,toast
FNDA:0,(anonymous_17)
FNDA:0,(anonymous_18)
FNDA:0,(anonymous_19)
FNDA:0,useToast
FNDA:0,(anonymous_21)
FNDA:0,(anonymous_22)
FNDA:0,(anonymous_23)
DA:1,0
DA:8,0
DA:9,0
DA:18,0
DA:25,0
DA:28,0
DA:29,0
DA:56,0
DA:58,0
DA:59,0
DA:60,0
DA:63,0
DA:64,0
DA:65,0
DA:71,0
DA:74,0
DA:75,0
DA:77,0
DA:83,0
DA:86,0
DA:91,0
DA:95,0
DA:96,0
DA:98,0
DA:99,0
DA:103,0
DA:106,0
DA:116,0
DA:117,0
DA:122,0
DA:124,0
DA:129,0
DA:131,0
DA:134,0
DA:135,0
DA:136,0
DA:143,0
DA:145,0
DA:146,0
DA:150,0
DA:152,0
DA:159,0
DA:164,0
DA:172,0
DA:174,0
DA:175,0
DA:176,0
DA:177,0
DA:178,0
DA:179,0
DA:184,0
DA:187,0
DA:191,0
LF:53
LH:0
BRDA:59,0,0,0
BRDA:75,1,0,0
BRDA:75,1,1,0
BRDA:75,1,2,0
BRDA:75,1,3,0
BRDA:86,2,0,0
BRDA:86,2,1,0
BRDA:95,3,0,0
BRDA:95,3,1,0
BRDA:106,4,0,0
BRDA:106,4,1,0
BRDA:106,5,0,0
BRDA:106,5,1,0
BRDA:116,6,0,0
BRDA:159,7,0,0
BRDA:178,8,0,0
BRF:16
BRH:0
end_of_record
TN:
SF:src/hooks/useShapeOperations.ts
FN:21,useShapeOperations
FN:47,(anonymous_1)
FN:84,(anonymous_2)
FN:98,(anonymous_3)
FN:105,(anonymous_4)
FN:113,(anonymous_5)
FN:114,(anonymous_6)
FN:118,(anonymous_7)
FN:119,(anonymous_8)
FN:123,(anonymous_9)
FN:125,(anonymous_10)
FN:127,(anonymous_11)
FN:130,(anonymous_12)
FN:134,(anonymous_13)
FN:139,(anonymous_14)
FN:201,(anonymous_15)
FN:214,(anonymous_16)
FN:215,(anonymous_17)
FN:216,(anonymous_18)
FN:225,(anonymous_19)
FN:238,(anonymous_20)
FN:244,(anonymous_21)
FN:280,(anonymous_22)
FN:281,(anonymous_23)
FN:298,(anonymous_24)
FN:299,(anonymous_25)
FN:311,(anonymous_26)
FN:312,(anonymous_27)
FN:313,(anonymous_28)
FN:330,(anonymous_29)
FN:331,(anonymous_30)
FN:332,(anonymous_31)
FN:349,(anonymous_32)
FN:350,(anonymous_33)
FN:351,(anonymous_34)
FN:363,(anonymous_35)
FN:374,(anonymous_36)
FN:386,(anonymous_37)
FN:391,(anonymous_38)
FN:396,(anonymous_39)
FN:405,(anonymous_40)
FN:407,(anonymous_41)
FN:411,(anonymous_42)
FN:431,(anonymous_43)
FN:432,(anonymous_44)
FN:454,(anonymous_45)
FN:460,(anonymous_46)
FN:463,(anonymous_47)
FNF:48
FNH:0
FNDA:0,useShapeOperations
FNDA:0,(anonymous_1)
FNDA:0,(anonymous_2)
FNDA:0,(anonymous_3)
FNDA:0,(anonymous_4)
FNDA:0,(anonymous_5)
FNDA:0,(anonymous_6)
FNDA:0,(anonymous_7)
FNDA:0,(anonymous_8)
FNDA:0,(anonymous_9)
FNDA:0,(anonymous_10)
FNDA:0,(anonymous_11)
FNDA:0,(anonymous_12)
FNDA:0,(anonymous_13)
FNDA:0,(anonymous_14)
FNDA:0,(anonymous_15)
FNDA:0,(anonymous_16)
FNDA:0,(anonymous_17)
FNDA:0,(anonymous_18)
FNDA:0,(anonymous_19)
FNDA:0,(anonymous_20)
FNDA:0,(anonymous_21)
FNDA:0,(anonymous_22)
FNDA:0,(anonymous_23)
FNDA:0,(anonymous_24)
FNDA:0,(anonymous_25)
FNDA:0,(anonymous_26)
FNDA:0,(anonymous_27)
FNDA:0,(anonymous_28)
FNDA:0,(anonymous_29)
FNDA:0,(anonymous_30)
FNDA:0,(anonymous_31)
FNDA:0,(anonymous_32)
FNDA:0,(anonymous_33)
FNDA:0,(anonymous_34)
FNDA:0,(anonymous_35)
FNDA:0,(anonymous_36)
FNDA:0,(anonymous_37)
FNDA:0,(anonymous_38)
FNDA:0,(anonymous_39)
FNDA:0,(anonymous_40)
FNDA:0,(anonymous_41)
FNDA:0,(anonymous_42)
FNDA:0,(anonymous_43)
FNDA:0,(anonymous_44)
FNDA:0,(anonymous_45)
FNDA:0,(anonymous_46)
FNDA:0,(anonymous_47)
DA:1,0
DA:5,0
DA:8,0
DA:9,0
DA:11,0
DA:16,0
DA:19,0
DA:21,0
DA:22,0
DA:23,0
DA:24,0
DA:25,0
DA:26,0
DA:27,0
DA:30,0
DA:33,0
DA:36,0
DA:39,0
DA:41,0
DA:44,0
DA:47,0
DA:48,0
DA:49,0
DA:50,0
DA:53,0
DA:56,0
DA:57,0
DA:58,0
DA:59,0
DA:60,0
DA:62,0
DA:66,0
DA:67,0
DA:68,0
DA:70,0
DA:75,0
DA:80,0
DA:84,0
DA:86,0
DA:87,0
DA:88,0
DA:92,0
DA:94,0
DA:95,0
DA:98,0
DA:99,0
DA:100,0
DA:101,0
DA:105,0
DA:106,0
DA:107,0
DA:113,0
DA:114,0
DA:118,0
DA:119,0
DA:123,0
DA:125,0
DA:127,0
DA:130,0
DA:131,0
DA:134,0
DA:135,0
DA:139,0
DA:141,0
DA:146,0
DA:149,0
DA:150,0
DA:154,0
DA:155,0
DA:159,0
DA:163,0
DA:164,0
DA:165,0
DA:166,0
DA:170,0
DA:175,0
DA:179,0
DA:180,0
DA:184,0
DA:192,0
DA:195,0
DA:199,0
DA:201,0
DA:202,0
DA:204,0
DA:205,0
DA:208,0
DA:209,0
DA:210,0
DA:214,0
DA:215,0
DA:216,0
DA:221,0
DA:225,0
DA:226,0
DA:238,0
DA:240,0
DA:241,0
DA:244,0
DA:245,0
DA:248,0
DA:251,0
DA:252,0
DA:255,0
DA:258,0
DA:259,0
DA:262,0
DA:263,0
DA:266,0
DA:272,0
DA:276,0
DA:277,0
DA:280,0
DA:281,0
DA:282,0
DA:283,0
DA:287,0
DA:288,0
DA:291,0
DA:295,0
DA:296,0
DA:298,0
DA:299,0
DA:300,0
DA:301,0
DA:305,0
DA:306,0
DA:311,0
DA:312,0
DA:313,0
DA:314,0
DA:317,0
DA:320,0
DA:324,0
DA:325,0
DA:330,0
DA:331,0
DA:332,0
DA:333,0
DA:336,0
DA:339,0
DA:343,0
DA:344,0
DA:349,0
DA:350,0
DA:351,0
DA:353,0
DA:354,0
DA:356,0
DA:357,0
DA:359,0
DA:363,0
DA:364,0
DA:365,0
DA:367,0
DA:369,0
DA:370,0
DA:374,0
DA:375,0
DA:378,0
DA:379,0
DA:381,0
DA:386,0
DA:387,0
DA:391,0
DA:392,0
DA:396,0
DA:398,0
DA:401,0
DA:405,0
DA:406,0
DA:407,0
DA:411,0
DA:412,0
DA:415,0
DA:416,0
DA:417,0
DA:418,0
DA:421,0
DA:422,0
DA:425,0
DA:428,0
DA:429,0
DA:431,0
DA:432,0
DA:433,0
DA:436,0
DA:446,0
DA:447,0
DA:450,0
DA:454,0
DA:456,0
DA:459,0
DA:461,0
DA:464,0
DA:468,0
LF:196
LH:0
BRDA:48,0,0,0
BRDA:57,1,0,0
BRDA:57,1,1,0
BRDA:57,2,0,0
BRDA:57,2,1,0
BRDA:67,3,0,0
BRDA:67,3,1,0
BRDA:86,4,0,0
BRDA:92,5,0,0
BRDA:92,6,0,0
BRDA:92,6,1,0
BRDA:94,7,0,0
BRDA:106,8,0,0
BRDA:146,9,0,0
BRDA:146,9,1,0
BRDA:146,9,2,0
BRDA:146,9,3,0
BRDA:146,9,4,0
BRDA:225,10,0,0
BRDA:245,11,0,0
BRDA:251,12,0,0
BRDA:251,13,0,0
BRDA:251,13,1,0
BRDA:255,14,0,0
BRDA:255,14,1,0
BRDA:282,15,0,0
BRDA:300,16,0,0
BRDA:314,17,0,0
BRDA:333,18,0,0
BRDA:356,19,0,0
BRDA:378,20,0,0
BRDA:378,20,1,0
BRDA:406,21,0,0
BRDA:407,22,0,0
BRDA:407,22,1,0
BRDA:412,23,0,0
BRDA:416,24,0,0
BRDA:416,25,0,0
BRDA:416,25,1,0
BRDA:422,26,0,0
BRDA:429,27,0,0
BRDA:429,27,1,0
BRDA:433,28,0,0
BRF:43
BRH:0
end_of_record
TN:
SF:src/i18n/translations.ts
FNF:0
FNH:0
DA:1,0
LF:1
LH:0
BRF:0
BRH:0
end_of_record
TN:
SF:src/i18n/useTranslation.ts
FN:5,useTranslation
FN:8,(anonymous_1)
FNF:2
FNH:0
FNDA:0,useTranslation
FNDA:0,(anonymous_1)
DA:2,0
DA:3,0
DA:5,0
DA:6,0
DA:8,0
DA:10,0
DA:11,0
DA:14,0
DA:15,0
DA:16,0
DA:19,0
DA:20,0
DA:21,0
DA:22,0
DA:23,0
DA:25,0
DA:28,0
DA:32,0
DA:35,0
LF:19
LH:0
BRDA:11,0,0,0
BRDA:11,0,1,0
BRDA:15,1,0,0
BRDA:15,1,1,0
BRDA:15,2,0,0
BRDA:15,2,1,0
BRDA:15,2,2,0
BRDA:22,3,0,0
BRDA:22,3,1,0
BRDA:22,4,0,0
BRDA:22,4,1,0
BRDA:22,4,2,0
BRDA:28,5,0,0
BRDA:28,5,1,0
BRDA:32,6,0,0
BRDA:32,6,1,0
BRF:16
BRH:0
end_of_record
TN:
SF:src/lib/utils.ts
FN:4,cn
FNF:1
FNH:0
FNDA:0,cn
DA:1,0
DA:2,0
DA:4,0
DA:5,0
LF:4
LH:0
BRF:0
BRH:0
end_of_record
TN:
SF:src/pages/Index.tsx
FN:18,(anonymous_1)
FN:48,(anonymous_2)
FN:53,(anonymous_3)
FN:54,(anonymous_4)
FN:59,(anonymous_5)
FN:65,(anonymous_6)
FN:67,(anonymous_7)
FN:70,(anonymous_8)
FN:71,(anonymous_9)
FN:72,(anonymous_10)
FN:78,(anonymous_11)
FN:79,(anonymous_12)
FN:80,(anonymous_13)
FN:93,(anonymous_14)
FN:94,(anonymous_15)
FN:116,(anonymous_16)
FN:129,(anonymous_17)
FN:131,(anonymous_18)
FN:141,(anonymous_19)
FN:161,(anonymous_20)
FNF:20
FNH:0
FNDA:0,(anonymous_1)
FNDA:0,(anonymous_2)
FNDA:0,(anonymous_3)
FNDA:0,(anonymous_4)
FNDA:0,(anonymous_5)
FNDA:0,(anonymous_6)
FNDA:0,(anonymous_7)
FNDA:0,(anonymous_8)
FNDA:0,(anonymous_9)
FNDA:0,(anonymous_10)
FNDA:0,(anonymous_11)
FNDA:0,(anonymous_12)
FNDA:0,(anonymous_13)
FNDA:0,(anonymous_14)
FNDA:0,(anonymous_15)
FNDA:0,(anonymous_16)
FNDA:0,(anonymous_17)
FNDA:0,(anonymous_18)
FNDA:0,(anonymous_19)
FNDA:0,(anonymous_20)
DA:1,0
DA:2,0
DA:3,0
DA:4,0
DA:5,0
DA:6,0
DA:7,0
DA:8,0
DA:9,0
DA:10,0
DA:11,0
DA:12,0
DA:15,0
DA:16,0
DA:18,0
DA:40,0
DA:42,0
DA:43,0
DA:44,0
DA:45,0
DA:48,0
DA:49,0
DA:53,0
DA:54,0
DA:55,0
DA:58,0
DA:59,0
DA:60,0
DA:65,0
DA:66,0
DA:67,0
DA:70,0
DA:71,0
DA:72,0
DA:73,0
DA:78,0
DA:79,0
DA:80,0
DA:84,0
DA:85,0
DA:88,0
DA:93,0
DA:94,0
DA:95,0
DA:98,0
DA:99,0
DA:101,0
DA:102,0
DA:105,0
DA:109,0
DA:112,0
DA:113,0
DA:116,0
DA:118,0
DA:119,0
DA:122,0
DA:126,0
DA:129,0
DA:131,0
DA:132,0
DA:136,0
DA:141,0
DA:142,0
DA:143,0
DA:146,0
DA:161,0
DA:256,0
LF:67
LH:0
BRDA:73,0,0,0
BRDA:73,0,1,0
BRDA:84,1,0,0
BRDA:84,2,0,0
BRDA:84,2,1,0
BRDA:98,3,0,0
BRDA:98,4,0,0
BRDA:98,4,1,0
BRDA:112,5,0,0
BRDA:112,5,1,0
BRDA:118,6,0,0
BRDA:118,6,1,0
BRDA:147,7,0,0
BRDA:147,7,1,0
BRDA:148,8,0,0
BRDA:148,8,1,0
BRDA:151,9,0,0
BRDA:151,9,1,0
BRDA:152,10,0,0
BRDA:152,10,1,0
BRDA:154,11,0,0
BRDA:154,11,1,0
BRDA:161,12,0,0
BRDA:161,12,1,0
BRDA:178,13,0,0
BRDA:178,13,1,0
BRDA:213,14,0,0
BRDA:213,14,1,0
BRDA:214,15,0,0
BRDA:214,15,1,0
BRDA:215,16,0,0
BRDA:215,16,1,0
BRDA:229,17,0,0
BRDA:229,17,1,0
BRF:34
BRH:0
end_of_record
TN:
SF:src/pages/NotFound.tsx
FN:4,(anonymous_0)
FN:7,(anonymous_1)
FNF:2
FNH:0
FNDA:0,(anonymous_0)
FNDA:0,(anonymous_1)
DA:1,0
DA:2,0
DA:4,0
DA:5,0
DA:7,0
DA:8,0
DA:14,0
DA:27,0
LF:8
LH:0
BRF:0
BRH:0
end_of_record
TN:
SF:src/providers/ServiceProvider.tsx
FN:13,(anonymous_0)
FN:29,(anonymous_1)
FNF:2
FNH:0
FNDA:0,(anonymous_0)
FNDA:0,(anonymous_1)
DA:1,0
DA:3,0
DA:4,0
DA:5,0
DA:6,0
DA:7,0
DA:10,0
DA:13,0
DA:14,0
DA:15,0
DA:16,0
DA:18,0
DA:29,0
DA:31,0
DA:32,0
DA:33,0
DA:34,0
DA:37,0
DA:44,0
LF:19
LH:0
BRDA:15,0,0,0
BRF:1
BRH:0
end_of_record
TN:
SF:src/services/ShapeServiceFactory.ts
FN:25,(anonymous_0)
FN:43,(anonymous_1)
FN:64,(anonymous_2)
FNF:3
FNH:0
FNDA:0,(anonymous_0)
FNDA:0,(anonymous_1)
FNDA:0,(anonymous_2)
DA:1,0
DA:12,0
DA:31,0
DA:32,0
DA:33,0
DA:34,0
DA:44,0
DA:46,0
DA:48,0
DA:50,0
DA:52,0
DA:54,0
DA:65,0
DA:66,0
DA:67,0
DA:68,0
DA:69,0
DA:70,0
DA:71,0
DA:72,0
DA:74,0
DA:75,0
LF:22
LH:0
BRDA:44,0,0,0
BRDA:44,0,1,0
BRDA:44,0,2,0
BRDA:44,0,3,0
BRDA:44,0,4,0
BRDA:65,1,0,0
BRDA:65,1,1,0
BRDA:67,2,0,0
BRDA:67,2,1,0
BRDA:69,3,0,0
BRDA:69,3,1,0
BRDA:71,4,0,0
BRDA:71,4,1,0
BRF:13
BRH:0
end_of_record
TN:
SF:src/services/implementations/CircleServiceImpl.ts
FN:18,(anonymous_0)
FN:35,(anonymous_1)
FN:55,(anonymous_2)
FN:71,(anonymous_3)
FN:83,(anonymous_4)
FN:99,(anonymous_5)
FN:105,(anonymous_6)
FN:110,(anonymous_7)
FN:146,(anonymous_8)
FN:192,(anonymous_9)
FN:201,(anonymous_10)
FN:211,(anonymous_11)
FN:224,(anonymous_12)
FN:241,(anonymous_13)
FN:250,(anonymous_14)
FN:259,(anonymous_15)
FNF:16
FNH:16
FNDA:2,(anonymous_0)
FNDA:4,(anonymous_1)
FNDA:2,(anonymous_2)
FNDA:1,(anonymous_3)
FNDA:1,(anonymous_4)
FNDA:1,(anonymous_5)
FNDA:3,(anonymous_6)
FNDA:1,(anonymous_7)
FNDA:5,(anonymous_8)
FNDA:3,(anonymous_9)
FNDA:1,(anonymous_10)
FNDA:2,(anonymous_11)
FNDA:7,(anonymous_12)
FNDA:1,(anonymous_13)
FNDA:1,(anonymous_14)
FNDA:1,(anonymous_15)
DA:3,1
DA:4,1
DA:5,1
DA:6,1
DA:12,1
DA:19,2
DA:20,2
DA:21,2
DA:22,2
DA:24,2
DA:36,4
DA:56,2
DA:57,1
DA:59,1
DA:60,1
DA:62,0
DA:73,1
DA:84,1
DA:101,1
DA:102,1
DA:105,1
DA:106,3
DA:110,1
DA:111,1
DA:112,0
DA:114,1
DA:118,1
DA:119,1
DA:120,1
DA:121,1
DA:124,1
DA:125,1
DA:126,1
DA:127,1
DA:129,1
DA:154,5
DA:160,5
DA:163,1
DA:164,1
DA:167,1
DA:168,1
DA:172,1
DA:173,1
DA:177,1
DA:178,1
DA:179,1
DA:181,1
DA:182,1
DA:193,3
DA:194,3
DA:202,1
DA:212,2
DA:225,7
DA:226,1
DA:227,1
DA:230,7
DA:242,1
DA:251,1
DA:260,1
LF:59
LH:57
BRDA:19,0,0,2
BRDA:19,0,1,1
BRDA:20,1,0,2
BRDA:20,1,1,1
BRDA:21,2,0,2
BRDA:21,2,1,1
BRDA:22,3,0,2
BRDA:22,3,1,2
BRDA:37,4,0,4
BRDA:37,4,1,2
BRDA:43,5,0,4
BRDA:43,5,1,1
BRDA:56,6,0,1
BRDA:59,7,0,1
BRDA:111,8,0,0
BRDA:151,9,0,5
BRDA:160,10,0,1
BRDA:160,10,1,1
BRDA:160,10,2,1
BRDA:160,10,3,1
BRDA:160,10,4,1
BRDA:225,11,0,1
BRF:22
BRH:21
end_of_record
TN:
SF:src/services/implementations/LineServiceImpl.ts
FN:17,(anonymous_0)
FN:34,(anonymous_1)
FN:58,(anonymous_2)
FN:74,(anonymous_3)
FN:99,(anonymous_4)
FN:125,(anonymous_5)
FN:149,(anonymous_6)
FN:155,(anonymous_7)
FN:181,(anonymous_8)
FN:218,(anonymous_9)
FN:231,(anonymous_10)
FN:242,(anonymous_11)
FN:273,(anonymous_12)
FN:290,(anonymous_13)
FN:306,(anonymous_14)
FN:316,(anonymous_15)
FN:328,(anonymous_16)
FN:338,(anonymous_17)
FN:347,(anonymous_18)
FN:357,(anonymous_19)
FN:371,(anonymous_20)
FN:398,(anonymous_21)
FN:416,(anonymous_22)
FNF:23
FNH:19
FNDA:2,(anonymous_0)
FNDA:22,(anonymous_1)
FNDA:1,(anonymous_2)
FNDA:2,(anonymous_3)
FNDA:4,(anonymous_4)
FNDA:1,(anonymous_5)
FNDA:1,(anonymous_6)
FNDA:1,(anonymous_7)
FNDA:3,(anonymous_8)
FNDA:2,(anonymous_9)
FNDA:1,(anonymous_10)
FNDA:3,(anonymous_11)
FNDA:0,(anonymous_12)
FNDA:0,(anonymous_13)
FNDA:9,(anonymous_14)
FNDA:27,(anonymous_15)
FNDA:6,(anonymous_16)
FNDA:28,(anonymous_17)
FNDA:1,(anonymous_18)
FNDA:28,(anonymous_19)
FNDA:0,(anonymous_20)
FNDA:0,(anonymous_21)
FNDA:2,(anonymous_22)
DA:3,1
DA:4,1
DA:5,1
DA:11,1
DA:18,2
DA:19,2
DA:20,2
DA:21,2
DA:23,2
DA:35,22
DA:37,22
DA:59,1
DA:60,1
DA:64,0
DA:75,2
DA:78,2
DA:79,2
DA:80,2
DA:82,2
DA:100,4
DA:101,4
DA:104,4
DA:105,4
DA:108,4
DA:109,4
DA:112,4
DA:126,1
DA:151,1
DA:152,1
DA:155,1
DA:156,1
DA:160,1
DA:161,1
DA:164,1
DA:166,1
DA:189,3
DA:191,3
DA:194,1
DA:195,1
DA:196,1
DA:197,1
DA:202,1
DA:203,1
DA:204,1
DA:207,1
DA:208,1
DA:220,2
DA:223,2
DA:224,2
DA:232,1
DA:243,3
DA:246,3
DA:251,3
DA:256,3
DA:258,3
DA:274,0
DA:276,0
DA:291,0
DA:293,0
DA:307,9
DA:317,27
DA:318,27
DA:320,27
DA:329,6
DA:339,28
DA:348,1
DA:358,28
DA:372,0
DA:374,0
DA:376,0
DA:381,0
DA:384,0
DA:389,0
DA:399,0
DA:402,0
DA:403,0
DA:406,0
DA:407,0
DA:417,2
DA:420,2
DA:423,2
DA:424,0
DA:428,2
DA:434,2
DA:440,2
LF:85
LH:68
BRDA:18,0,0,2
BRDA:18,0,1,1
BRDA:19,1,0,2
BRDA:19,1,1,1
BRDA:20,2,0,2
BRDA:20,2,1,1
BRDA:21,3,0,2
BRDA:21,3,1,2
BRDA:38,4,0,22
BRDA:38,4,1,20
BRDA:45,5,0,22
BRDA:45,5,1,1
BRDA:59,6,0,1
BRDA:75,7,0,2
BRDA:75,7,1,2
BRDA:186,8,0,3
BRDA:191,9,0,1
BRDA:191,9,1,1
BRDA:191,9,2,1
BRDA:243,10,0,3
BRDA:243,10,1,3
BRDA:374,11,0,0
BRDA:374,11,1,0
BRDA:402,12,0,0
BRDA:423,13,0,0
BRF:25
BRH:21
end_of_record
TN:
SF:src/services/implementations/RectangleServiceImpl.ts
FN:17,(anonymous_0)
FN:38,(anonymous_1)
FN:66,(anonymous_2)
FN:87,(anonymous_3)
FN:103,(anonymous_4)
FN:119,(anonymous_5)
FN:125,(anonymous_6)
FN:130,(anonymous_7)
FN:169,(anonymous_8)
FN:233,(anonymous_9)
FN:248,(anonymous_10)
FN:266,(anonymous_11)
FN:278,(anonymous_12)
FN:300,(anonymous_13)
FN:333,(anonymous_14)
FN:364,(anonymous_15)
FN:373,(anonymous_16)
FN:382,(anonymous_17)
FN:391,(anonymous_18)
FNF:19
FNH:16
FNDA:1,(anonymous_0)
FNDA:1,(anonymous_1)
FNDA:1,(anonymous_2)
FNDA:1,(anonymous_3)
FNDA:1,(anonymous_4)
FNDA:1,(anonymous_5)
FNDA:4,(anonymous_6)
FNDA:1,(anonymous_7)
FNDA:5,(anonymous_8)
FNDA:0,(anonymous_9)
FNDA:2,(anonymous_10)
FNDA:1,(anonymous_11)
FNDA:2,(anonymous_12)
FNDA:4,(anonymous_13)
FNDA:4,(anonymous_14)
FNDA:1,(anonymous_15)
FNDA:1,(anonymous_16)
FNDA:0,(anonymous_17)
FNDA:0,(anonymous_18)
DA:3,1
DA:4,1
DA:5,1
DA:11,1
DA:18,1
DA:19,1
DA:20,1
DA:21,1
DA:22,1
DA:23,1
DA:25,1
DA:46,1
DA:67,1
DA:69,1
DA:70,1
DA:73,1
DA:74,1
DA:77,1
DA:90,1
DA:104,1
DA:121,1
DA:122,1
DA:125,1
DA:126,4
DA:130,1
DA:131,1
DA:132,0
DA:134,1
DA:138,1
DA:139,1
DA:140,1
DA:141,1
DA:142,1
DA:145,1
DA:146,1
DA:147,1
DA:148,1
DA:149,1
DA:151,1
DA:177,5
DA:179,5
DA:182,1
DA:183,1
DA:187,1
DA:188,1
DA:192,1
DA:193,1
DA:196,1
DA:199,1
DA:203,1
DA:204,1
DA:207,1
DA:210,1
DA:214,0
DA:215,0
DA:218,0
DA:221,0
DA:224,1
DA:225,1
DA:236,0
DA:239,0
DA:251,2
DA:252,2
DA:254,2
DA:267,1
DA:286,2
DA:305,4
DA:306,1
DA:307,1
DA:310,4
DA:311,0
DA:312,0
DA:313,0
DA:320,4
DA:338,4
DA:339,1
DA:340,1
DA:343,4
DA:344,0
DA:345,0
DA:346,0
DA:353,4
DA:365,1
DA:374,1
DA:383,0
DA:392,0
LF:86
LH:71
BRDA:18,0,0,1
BRDA:18,0,1,0
BRDA:19,1,0,1
BRDA:19,1,1,0
BRDA:20,2,0,1
BRDA:20,2,1,0
BRDA:21,3,0,1
BRDA:21,3,1,1
BRDA:22,4,0,1
BRDA:22,4,1,1
BRDA:23,5,0,1
BRDA:23,5,1,0
BRDA:47,6,0,1
BRDA:47,6,1,0
BRDA:52,7,0,1
BRDA:52,7,1,0
BRDA:54,8,0,1
BRDA:54,8,1,0
BRDA:69,9,0,1
BRDA:73,10,0,1
BRDA:131,11,0,0
BRDA:174,12,0,5
BRDA:179,13,0,1
BRDA:179,13,1,1
BRDA:179,13,2,1
BRDA:179,13,3,1
BRDA:179,13,4,0
BRDA:179,13,5,1
BRDA:255,14,0,2
BRDA:255,14,1,2
BRDA:255,14,2,1
BRDA:255,14,3,1
BRDA:303,15,0,4
BRDA:305,16,0,1
BRDA:310,17,0,0
BRDA:336,18,0,4
BRDA:338,19,0,1
BRDA:343,20,0,0
BRF:38
BRH:27
end_of_record
TN:
SF:src/services/implementations/TriangleServiceImpl.ts
FN:18,(anonymous_0)
FN:34,(anonymous_1)
FN:53,(anonymous_2)
FN:67,(anonymous_3)
FN:93,(anonymous_4)
FN:95,(anonymous_5)
FN:111,(anonymous_6)
FN:137,(anonymous_7)
FN:138,(anonymous_8)
FN:159,(anonymous_9)
FN:165,(anonymous_10)
FN:170,(anonymous_11)
FN:187,(anonymous_12)
FN:212,(anonymous_13)
FN:284,(anonymous_14)
FN:307,(anonymous_15)
FN:318,(anonymous_16)
FN:334,(anonymous_17)
FN:342,(anonymous_18)
FN:359,(anonymous_19)
FN:373,(anonymous_20)
FN:383,(anonymous_21)
FN:398,(anonymous_22)
FN:419,(anonymous_23)
FN:431,(anonymous_24)
FN:446,(anonymous_25)
FN:472,(anonymous_26)
FN:497,(anonymous_27)
FN:525,(anonymous_28)
FN:546,(anonymous_29)
FN:555,(anonymous_30)
FN:573,(anonymous_31)
FN:590,(anonymous_32)
FN:594,(anonymous_33)
FNF:34
FNH:26
FNDA:2,(anonymous_0)
FNDA:24,(anonymous_1)
FNDA:1,(anonymous_2)
FNDA:1,(anonymous_3)
FNDA:1,(anonymous_4)
FNDA:3,(anonymous_5)
FNDA:3,(anonymous_6)
FNDA:1,(anonymous_7)
FNDA:3,(anonymous_8)
FNDA:1,(anonymous_9)
FNDA:5,(anonymous_10)
FNDA:1,(anonymous_11)
FNDA:3,(anonymous_12)
FNDA:2,(anonymous_13)
FNDA:2,(anonymous_14)
FNDA:1,(anonymous_15)
FNDA:3,(anonymous_16)
FNDA:3,(anonymous_17)
FNDA:9,(anonymous_18)
FNDA:12,(anonymous_19)
FNDA:2,(anonymous_20)
FNDA:10,(anonymous_21)
FNDA:4,(anonymous_22)
FNDA:2,(anonymous_23)
FNDA:28,(anonymous_24)
FNDA:0,(anonymous_25)
FNDA:0,(anonymous_26)
FNDA:0,(anonymous_27)
FNDA:0,(anonymous_28)
FNDA:1,(anonymous_29)
FNDA:0,(anonymous_30)
FNDA:0,(anonymous_31)
FNDA:0,(anonymous_32)
FNDA:0,(anonymous_33)
DA:3,1
DA:5,1
DA:6,1
DA:12,1
DA:19,2
DA:20,2
DA:21,2
DA:22,2
DA:24,2
DA:35,24
DA:54,1
DA:68,1
DA:70,1
DA:71,1
DA:73,0
DA:74,0
DA:76,0
DA:79,0
DA:83,1
DA:94,1
DA:95,3
DA:97,1
DA:112,3
DA:113,3
DA:116,3
DA:117,3
DA:120,3
DA:121,3
DA:124,3
DA:138,3
DA:143,1
DA:161,1
DA:162,1
DA:165,1
DA:166,5
DA:170,1
DA:171,1
DA:172,0
DA:174,1
DA:178,1
DA:179,1
DA:180,1
DA:181,1
DA:182,1
DA:185,1
DA:186,1
DA:187,3
DA:188,1
DA:190,1
DA:220,2
DA:222,2
DA:226,1
DA:227,1
DA:229,1
DA:230,1
DA:235,0
DA:236,0
DA:238,0
DA:239,0
DA:245,0
DA:246,0
DA:249,0
DA:250,0
DA:254,0
DA:259,0
DA:260,0
DA:261,0
DA:263,0
DA:270,0
DA:271,0
DA:273,1
DA:274,1
DA:285,2
DA:288,2
DA:291,2
DA:292,0
DA:295,2
DA:296,2
DA:297,2
DA:300,2
DA:308,1
DA:323,3
DA:340,3
DA:342,9
DA:347,3
DA:360,12
DA:363,12
DA:374,2
DA:375,2
DA:384,10
DA:386,10
DA:387,10
DA:388,10
DA:390,10
DA:399,4
DA:402,4
DA:403,4
DA:404,4
DA:407,4
DA:408,4
DA:409,4
DA:411,4
DA:420,2
DA:421,2
DA:423,2
DA:432,28
DA:452,0
DA:454,0
DA:460,0
DA:479,0
DA:485,0
DA:505,0
DA:506,0
DA:509,0
DA:515,0
DA:526,0
DA:527,0
DA:528,0
DA:531,0
DA:532,0
DA:534,0
DA:547,1
DA:556,0
DA:560,0
DA:561,0
DA:574,0
DA:577,0
DA:578,0
DA:591,0
DA:594,0
DA:595,0
DA:599,0
DA:600,0
LF:133
LH:86
BRDA:19,0,0,2
BRDA:19,0,1,2
BRDA:20,1,0,2
BRDA:20,1,1,1
BRDA:21,2,0,2
BRDA:21,2,1,1
BRDA:22,3,0,2
BRDA:22,3,1,2
BRDA:36,4,0,24
BRDA:36,4,1,22
BRDA:42,5,0,24
BRDA:42,5,1,0
BRDA:70,6,0,1
BRDA:70,6,1,0
BRDA:73,7,0,0
BRDA:73,7,1,0
BRDA:74,8,0,0
BRDA:74,8,1,0
BRDA:76,9,0,0
BRDA:76,10,0,0
BRDA:76,10,1,0
BRDA:94,11,0,1
BRDA:94,11,1,1
BRDA:171,12,0,0
BRDA:217,13,0,2
BRDA:222,14,0,1
BRDA:222,14,1,0
BRDA:222,14,2,0
BRDA:222,14,3,0
BRDA:222,14,4,0
BRDA:222,14,5,0
BRDA:222,14,6,0
BRDA:222,14,7,0
BRDA:222,14,8,0
BRDA:222,14,9,1
BRDA:245,15,0,0
BRDA:245,15,1,0
BRDA:245,16,0,0
BRDA:245,16,1,0
BRDA:291,17,0,0
BRDA:300,18,0,2
BRDA:300,18,1,2
BRDA:300,18,2,2
BRDA:300,18,3,1
BRDA:300,18,4,1
BRDA:300,18,5,1
BRDA:340,19,0,3
BRDA:340,19,1,3
BRDA:526,20,0,0
BRDA:526,21,0,0
BRDA:526,21,1,0
BRDA:562,22,0,0
BRDA:562,22,1,0
BRDA:562,22,2,0
BRDA:579,23,0,0
BRDA:579,23,1,0
BRDA:579,23,2,0
BRF:57
BRH:25
end_of_record
TN:
SF:src/types/shapes.ts
FN:81,isCircle
FN:90,isRectangle
FN:99,isTriangle
FN:108,isLine
FN:122,hasWidthAndHeight
FN:136,hasPoints
FN:150,hasEndpoints
FN:164,hasRadius
FN:184,castShape
FNF:9
FNH:9
FNDA:23,isCircle
FNDA:17,isRectangle
FNDA:12,isTriangle
FNDA:8,isLine
FNDA:4,hasWidthAndHeight
FNDA:4,hasPoints
FNDA:4,hasEndpoints
FNDA:4,hasRadius
FNDA:10,castShape
DA:81,2
DA:82,23
DA:90,2
DA:91,17
DA:99,2
DA:100,12
DA:108,2
DA:109,8
DA:122,2
DA:123,4
DA:136,2
DA:137,4
DA:150,2
DA:151,4
DA:164,2
DA:165,4
DA:184,2
DA:188,10
DA:189,8
DA:190,4
LF:20
LH:20
BRDA:123,0,0,4
BRDA:123,0,1,1
BRDA:151,1,0,4
BRDA:151,1,1,1
BRDA:188,2,0,2
BRDA:189,3,0,4
BRF:6
BRH:6
end_of_record
TN:
SF:src/utils/formulaUtils.ts
FN:11,(anonymous_0)
FN:119,(anonymous_1)
FN:140,(anonymous_2)
FN:188,(anonymous_3)
FN:253,(anonymous_4)
FN:280,(anonymous_5)
FN:404,(anonymous_6)
FN:411,(anonymous_7)
FNF:8
FNH:0
FNDA:0,(anonymous_0)
FNDA:0,(anonymous_1)
FNDA:0,(anonymous_2)
FNDA:0,(anonymous_3)
FNDA:0,(anonymous_4)
FNDA:0,(anonymous_5)
FNDA:0,(anonymous_6)
FNDA:0,(anonymous_7)
DA:5,0
DA:6,0
DA:11,0
DA:17,0
DA:18,0
DA:23,0
DA:24,0
DA:29,0
DA:30,0
DA:31,0
DA:34,0
DA:41,0
DA:44,0
DA:48,0
DA:49,0
DA:51,0
DA:52,0
DA:55,0
DA:62,0
DA:65,0
DA:67,0
DA:72,0
DA:73,0
DA:84,0
DA:85,0
DA:88,0
DA:89,0
DA:91,0
DA:95,0
DA:98,0
DA:99,0
DA:101,0
DA:108,0
DA:110,0
DA:113,0
DA:119,0
DA:124,0
DA:126,0
DA:127,0
DA:130,0
DA:134,0
DA:135,0
DA:136,0
DA:138,0
DA:140,0
DA:142,0
DA:143,0
DA:148,0
DA:150,0
DA:155,0
DA:156,0
DA:160,0
DA:161,0
DA:162,0
DA:164,0
DA:165,0
DA:169,0
DA:172,0
DA:173,0
DA:175,0
DA:178,0
DA:180,0
DA:181,0
DA:188,0
DA:193,0
DA:195,0
DA:196,0
DA:199,0
DA:202,0
DA:203,0
DA:204,0
DA:206,0
DA:209,0
DA:214,0
DA:215,0
DA:218,0
DA:219,0
DA:221,0
DA:225,0
DA:227,0
DA:229,0
DA:230,0
DA:233,0
DA:234,0
DA:236,0
DA:239,0
DA:243,0
DA:245,0
DA:246,0
DA:253,0
DA:260,0
DA:263,0
DA:269,0
DA:280,0
DA:282,0
DA:284,0
DA:404,0
DA:405,0
DA:411,0
DA:413,0
DA:417,0
DA:419,0
LF:102
LH:0
BRDA:18,0,0,0
BRDA:18,0,1,0
BRDA:29,1,0,0
BRDA:29,1,1,0
BRDA:34,2,0,0
BRDA:34,2,1,0
BRDA:34,2,2,0
BRDA:41,3,0,0
BRDA:41,3,1,0
BRDA:95,4,0,0
BRDA:95,4,1,0
BRDA:126,5,0,0
BRDA:142,6,0,0
BRDA:142,7,0,0
BRDA:142,7,1,0
BRDA:169,8,0,0
BRDA:169,8,1,0
BRDA:169,8,2,0
BRDA:169,8,3,0
BRDA:195,9,0,0
BRDA:225,10,0,0
BRDA:225,10,1,0
BRDA:227,11,0,0
BRDA:227,11,1,0
BRDA:257,12,0,0
BRDA:260,13,0,0
BRDA:260,13,1,0
BRDA:263,14,0,0
BRDA:263,14,1,0
BRDA:263,14,2,0
BRDA:411,15,0,0
BRF:31
BRH:0
end_of_record
TN:
SF:src/utils/geometryUtils.ts
FN:114,(anonymous_1)
FN:124,(anonymous_2)
FNF:2
FNH:0
FNDA:0,(anonymous_1)
FNDA:0,(anonymous_2)
DA:2,0
DA:3,0
DA:4,0
DA:5,0
DA:8,0
DA:16,0
DA:114,0
DA:115,0
DA:116,0
DA:118,0
DA:124,0
DA:126,0
DA:127,0
DA:130,0
DA:131,0
DA:135,0
LF:16
LH:0
BRDA:114,0,0,0
BRDA:115,1,0,0
BRDA:115,2,0,0
BRDA:115,2,1,0
BRDA:118,3,0,0
BRDA:118,3,1,0
BRDA:124,4,0,0
BRDA:130,5,0,0
BRDA:135,6,0,0
BRDA:135,6,1,0
BRF:10
BRH:0
end_of_record
TN:
SF:src/utils/translate.ts
FN:33,(anonymous_1)
FN:34,(anonymous_2)
FN:39,(anonymous_3)
FN:41,(anonymous_4)
FN:44,(anonymous_5)
FNF:5
FNH:0
FNDA:0,(anonymous_1)
FNDA:0,(anonymous_2)
FNDA:0,(anonymous_3)
FNDA:0,(anonymous_4)
FNDA:0,(anonymous_5)
DA:1,0
DA:2,0
DA:3,0
DA:4,0
DA:5,0
DA:6,0
DA:9,0
DA:17,0
DA:20,0
DA:33,0
DA:34,0
DA:35,0
DA:39,0
DA:40,0
DA:41,0
DA:42,0
DA:43,0
DA:44,0
DA:45,0
DA:48,0
LF:20
LH:0
BRDA:35,0,0,0
BRDA:35,0,1,0
BRDA:35,1,0,0
BRDA:35,1,1,0
BRDA:43,2,0,0
BRDA:43,3,0,0
BRDA:43,3,1,0
BRDA:43,3,2,0
BRDA:48,4,0,0
BRDA:48,4,1,0
BRF:10
BRH:0
end_of_record
TN:
SF:src/utils/urlEncoding.ts
FN:8,encodeShapesToString
FN:19,(anonymous_1)
FN:59,(anonymous_2)
FN:86,decodeStringToShapes
FN:92,(anonymous_4)
FN:167,encodeGridPosition
FN:174,decodeGridPosition
FN:189,updateUrlWithShapes
FN:235,getShapesFromUrl
FN:254,getGridPositionFromUrl
FNF:10
FNH:0
FNDA:0,encodeShapesToString
FNDA:0,(anonymous_1)
FNDA:0,(anonymous_2)
FNDA:0,decodeStringToShapes
FNDA:0,(anonymous_4)
FNDA:0,encodeGridPosition
FNDA:0,decodeGridPosition
FNDA:0,updateUrlWithShapes
FNDA:0,getShapesFromUrl
FNDA:0,getGridPositionFromUrl
DA:8,0
DA:9,0
DA:12,0
DA:13,0
DA:15,0
DA:16,0
DA:19,0
DA:21,0
DA:33,0
DA:41,0
DA:43,0
DA:44,0
DA:45,0
DA:48,0
DA:49,0
DA:53,0
DA:56,0
DA:58,0
DA:59,0
DA:64,0
DA:67,0
DA:68,0
DA:75,0
DA:79,0
DA:86,0
DA:87,0
DA:89,0
DA:90,0
DA:92,0
DA:93,0
DA:96,0
DA:97,0
DA:98,0
DA:99,0
DA:100,0
DA:101,0
DA:102,0
DA:103,0
DA:106,0
DA:118,0
DA:120,0
DA:127,0
DA:135,0
DA:146,0
DA:155,0
DA:159,0
DA:160,0
DA:167,0
DA:168,0
DA:174,0
DA:175,0
DA:177,0
DA:178,0
DA:179,0
DA:181,0
DA:182,0
DA:189,0
DA:190,0
DA:192,0
DA:193,0
DA:196,0
DA:199,0
DA:201,0
DA:202,0
DA:203,0
DA:205,0
DA:206,0
DA:207,0
DA:208,0
DA:210,0
DA:213,0
DA:217,0
DA:218,0
DA:219,0
DA:220,0
DA:223,0
DA:224,0
DA:228,0
DA:229,0
DA:235,0
DA:236,0
DA:237,0
DA:239,0
DA:240,0
DA:241,0
DA:244,0
DA:246,0
DA:247,0
DA:248,0
DA:254,0
DA:255,0
DA:256,0
DA:258,0
DA:260,0
DA:262,0
DA:263,0
DA:264,0
LF:97
LH:0
BRDA:9,0,0,0
BRDA:13,1,0,0
BRDA:13,1,1,0
BRDA:15,2,0,0
BRDA:41,3,0,0
BRDA:41,3,1,0
BRDA:41,3,2,0
BRDA:41,3,3,0
BRDA:87,4,0,0
BRDA:118,5,0,0
BRDA:118,5,1,0
BRDA:118,5,2,0
BRDA:118,5,3,0
BRDA:118,5,4,0
BRDA:175,6,0,0
BRDA:199,7,0,0
BRDA:199,7,1,0
BRDA:202,8,0,0
BRDA:202,8,1,0
BRDA:217,9,0,0
BRDA:217,9,1,0
BRDA:240,10,0,0
BRDA:244,11,0,0
BRDA:260,12,0,0
BRF:24
BRH:0
end_of_record
TN:
SF:src/utils/geometry/common.ts
FN:8,(anonymous_0)
FN:5,(anonymous_1)
FN:21,(anonymous_2)
FN:30,(anonymous_3)
FN:31,(anonymous_4)
FNF:5
FNH:1
FNDA:23,(anonymous_0)
FNDA:0,(anonymous_1)
FNDA:0,(anonymous_2)
FNDA:0,(anonymous_3)
FNDA:0,(anonymous_4)
DA:2,7
DA:5,7
DA:8,30
DA:11,7
DA:12,7
DA:13,7
DA:16,7
DA:18,7
DA:21,7
DA:22,0
DA:23,0
DA:24,0
DA:26,0
DA:30,7
DA:31,7
LF:15
LH:11
BRDA:23,0,0,0
BRDA:26,1,0,0
BRDA:26,1,1,0
BRF:3
BRH:0
end_of_record
TN:
SF:src/utils/geometry/measurements.ts
FN:6,(anonymous_0)
FN:19,(anonymous_1)
FN:32,(anonymous_2)
FNF:3
FNH:3
FNDA:4,(anonymous_0)
FNDA:17,(anonymous_1)
FNDA:7,(anonymous_2)
DA:2,5
DA:3,5
DA:6,5
DA:12,4
DA:13,2
DA:15,2
DA:19,5
DA:25,17
DA:26,2
DA:28,15
DA:32,5
DA:36,7
DA:38,7
DA:40,1
DA:41,1
DA:42,1
DA:43,1
DA:44,1
DA:46,1
DA:47,1
DA:48,1
DA:49,1
DA:50,1
DA:53,1
DA:54,1
DA:55,1
DA:56,1
DA:57,1
DA:59,1
DA:60,1
DA:61,1
DA:62,1
DA:63,1
DA:66,1
DA:69,1
DA:70,1
DA:71,1
DA:74,1
DA:75,1
DA:76,1
DA:79,1
DA:82,1
DA:83,1
DA:86,1
DA:89,1
DA:92,1
DA:94,1
DA:95,1
DA:96,1
DA:97,1
DA:98,1
DA:99,1
DA:100,1
DA:101,1
DA:102,1
DA:103,1
DA:106,4
DA:109,4
DA:112,4
DA:115,4
DA:116,4
DA:117,4
DA:120,4
DA:122,4
DA:123,4
DA:127,7
LF:66
LH:66
BRDA:12,0,0,2
BRDA:25,1,0,2
BRDA:38,2,0,1
BRDA:38,2,1,1
BRDA:38,2,2,1
BRDA:38,2,3,4
BRDA:120,3,0,0
BRF:7
BRH:6
end_of_record
TN:
SF:src/utils/geometry/pointOperations.ts
FN:6,(anonymous_0)
FN:13,(anonymous_1)
FN:23,(anonymous_2)
FN:42,(anonymous_3)
FN:64,(anonymous_4)
FN:74,(anonymous_5)
FNF:6
FNH:6
FNDA:31,(anonymous_0)
FNDA:2,(anonymous_1)
FNDA:3,(anonymous_2)
FNDA:3,(anonymous_3)
FNDA:1,(anonymous_4)
FNDA:4,(anonymous_5)
DA:6,9
DA:7,31
DA:13,9
DA:14,2
DA:23,9
DA:25,3
DA:26,3
DA:29,3
DA:30,3
DA:33,3
DA:42,9
DA:44,3
DA:47,3
DA:48,3
DA:51,3
DA:52,3
DA:55,3
DA:64,9
DA:65,1
DA:74,9
DA:75,4
DA:76,4
DA:79,4
DA:82,4
DA:83,1
DA:86,4
LF:26
LH:26
BRDA:82,0,0,1
BRF:1
BRH:1
end_of_record
TN:
SF:src/utils/geometry/shapeCreation.ts
FN:10,(anonymous_0)
FN:28,(anonymous_1)
FN:55,(anonymous_2)
FN:89,(anonymous_3)
FN:151,(anonymous_4)
FN:188,(anonymous_5)
FNF:6
FNH:6
FNDA:8,(anonymous_0)
FNDA:2,(anonymous_1)
FNDA:3,(anonymous_2)
FNDA:2,(anonymous_3)
FNDA:2,(anonymous_4)
FNDA:8,(anonymous_5)
DA:2,1
DA:10,1
DA:11,8
DA:12,1
DA:15,7
DA:17,1
DA:28,1
DA:29,2
DA:31,2
DA:32,1
DA:35,1
DA:55,1
DA:56,3
DA:57,3
DA:59,3
DA:60,1
DA:63,2
DA:68,2
DA:89,1
DA:91,2
DA:93,2
DA:94,1
DA:98,1
DA:101,1
DA:102,1
DA:105,1
DA:114,1
DA:120,1
DA:126,1
DA:131,1
DA:151,1
DA:153,2
DA:159,2
DA:161,2
DA:162,1
DA:165,1
DA:188,1
DA:194,8
DA:195,8
DA:198,2
DA:199,2
DA:201,0
DA:205,6
DA:207,6
DA:208,6
DA:210,1
DA:212,2
DA:214,1
DA:216,1
DA:218,1
DA:222,1
DA:223,1
DA:225,0
LF:53
LH:51
BRDA:11,0,0,1
BRDA:11,1,0,8
BRDA:11,1,1,8
BRDA:15,2,0,1
BRDA:15,3,0,7
BRDA:15,3,1,7
BRDA:15,3,2,7
BRDA:15,3,3,6
BRDA:31,4,0,1
BRDA:59,5,0,1
BRDA:59,6,0,3
BRDA:59,6,1,2
BRDA:93,7,0,1
BRDA:121,8,0,1
BRDA:121,8,1,0
BRDA:161,9,0,1
BRDA:198,10,0,2
BRDA:208,11,0,1
BRDA:208,11,1,2
BRDA:208,11,2,1
BRDA:208,11,3,1
BRDA:208,11,4,1
BRDA:222,12,0,1
BRF:23
BRH:22
end_of_record
TN:
SF:src/utils/geometry/shapeOperations.ts
FN:17,(anonymous_0)
FN:26,(anonymous_1)
FN:35,(anonymous_2)
FN:40,(anonymous_3)
FN:51,(anonymous_4)
FN:83,(anonymous_5)
FN:97,(anonymous_6)
FN:159,(anonymous_7)
FN:181,(anonymous_8)
FN:204,(anonymous_9)
FN:274,(anonymous_10)
FN:288,(anonymous_11)
FNF:12
FNH:12
FNDA:21,(anonymous_0)
FNDA:21,(anonymous_1)
FNDA:4,(anonymous_2)
FNDA:12,(anonymous_3)
FNDA:3,(anonymous_4)
FNDA:7,(anonymous_5)
FNDA:6,(anonymous_6)
FNDA:9,(anonymous_7)
FNDA:7,(anonymous_8)
FNDA:3,(anonymous_9)
FNDA:9,(anonymous_10)
FNDA:8,(anonymous_11)
DA:17,5
DA:18,21
DA:19,0
DA:22,21
DA:23,0
DA:26,21
DA:35,5
DA:36,4
DA:37,1
DA:40,12
DA:51,5
DA:52,3
DA:55,0
DA:58,1
DA:59,1
DA:60,1
DA:61,1
DA:65,2
DA:66,2
DA:67,2
DA:68,2
DA:72,0
DA:83,5
DA:84,7
DA:85,1
DA:88,6
DA:89,0
DA:92,6
DA:93,6
DA:94,1
DA:97,5
DA:98,6
DA:99,1
DA:103,5
DA:104,5
DA:106,5
DA:108,2
DA:113,1
DA:119,1
DA:125,1
DA:133,1
DA:147,0
DA:159,5
DA:160,9
DA:161,1
DA:164,8
DA:165,0
DA:169,8
DA:172,8
DA:173,1
DA:176,7
DA:177,7
DA:178,1
DA:181,6
DA:182,7
DA:183,1
DA:186,6
DA:188,3
DA:194,1
DA:201,1
DA:204,1
DA:206,3
DA:207,3
DA:210,3
DA:211,3
DA:214,3
DA:220,1
DA:226,1
DA:229,1
DA:234,1
DA:239,1
DA:244,1
DA:250,1
DA:251,1
DA:252,1
DA:254,1
DA:262,0
DA:274,5
DA:275,9
DA:276,1
DA:279,8
DA:280,0
DA:283,8
DA:284,8
DA:285,1
DA:288,7
DA:289,8
DA:290,1
DA:294,7
DA:300,7
DA:301,1
DA:302,1
DA:305,1
DA:306,1
DA:307,1
DA:308,1
DA:311,1
DA:312,1
DA:313,1
DA:314,1
DA:316,1
DA:323,6
LF:102
LH:93
BRDA:18,0,0,0
BRDA:18,1,0,21
BRDA:18,1,1,21
BRDA:22,2,0,0
BRDA:36,3,0,1
BRDA:36,4,0,4
BRDA:36,4,1,4
BRDA:36,4,2,4
BRDA:52,5,0,0
BRDA:52,5,1,0
BRDA:52,5,2,1
BRDA:52,5,3,2
BRDA:52,5,4,0
BRDA:84,6,0,1
BRDA:84,7,0,7
BRDA:84,7,1,7
BRDA:84,7,2,7
BRDA:88,8,0,0
BRDA:88,9,0,6
BRDA:88,9,1,6
BRDA:88,9,2,6
BRDA:93,10,0,1
BRDA:98,11,0,1
BRDA:106,12,0,2
BRDA:106,12,1,1
BRDA:106,12,2,1
BRDA:106,12,3,1
BRDA:106,12,4,0
BRDA:160,13,0,1
BRDA:160,14,0,9
BRDA:160,14,1,9
BRDA:160,14,2,9
BRDA:164,15,0,0
BRDA:164,16,0,8
BRDA:164,16,1,8
BRDA:172,17,0,1
BRDA:177,18,0,1
BRDA:182,19,0,1
BRDA:186,20,0,3
BRDA:186,20,1,1
BRDA:186,20,2,1
BRDA:186,20,3,1
BRDA:186,20,4,0
BRDA:275,21,0,1
BRDA:275,22,0,9
BRDA:275,22,1,9
BRDA:275,22,2,9
BRDA:279,23,0,0
BRDA:279,24,0,8
BRDA:279,24,1,8
BRDA:284,25,0,1
BRDA:289,26,0,1
BRDA:300,27,0,1
BRF:53
BRH:43
end_of_record
TN:
SF:src/utils/geometry/shapeUpdates.ts
FN:29,(anonymous_0)
FN:77,(anonymous_1)
FN:95,(anonymous_2)
FN:113,(anonymous_3)
FN:132,(anonymous_4)
FN:152,(anonymous_5)
FN:180,(anonymous_6)
FN:198,(anonymous_7)
FN:216,(anonymous_8)
FN:239,(anonymous_9)
FN:265,(anonymous_10)
FN:292,(anonymous_11)
FN:323,(anonymous_12)
FN:349,(anonymous_13)
FN:382,(anonymous_14)
FN:404,(anonymous_15)
FN:420,(anonymous_16)
FN:437,(anonymous_17)
FN:453,(anonymous_18)
FN:472,(anonymous_19)
FN:507,(anonymous_20)
FN:547,(anonymous_21)
FN:592,(anonymous_22)
FN:613,(anonymous_23)
FN:623,(anonymous_24)
FNF:25
FNH:21
FNDA:15,(anonymous_0)
FNDA:1,(anonymous_1)
FNDA:1,(anonymous_2)
FNDA:1,(anonymous_3)
FNDA:1,(anonymous_4)
FNDA:5,(anonymous_5)
FNDA:1,(anonymous_6)
FNDA:1,(anonymous_7)
FNDA:1,(anonymous_8)
FNDA:1,(anonymous_9)
FNDA:0,(anonymous_10)
FNDA:4,(anonymous_11)
FNDA:1,(anonymous_12)
FNDA:1,(anonymous_13)
FNDA:3,(anonymous_14)
FNDA:1,(anonymous_15)
FNDA:3,(anonymous_16)
FNDA:0,(anonymous_17)
FNDA:0,(anonymous_18)
FNDA:3,(anonymous_19)
FNDA:1,(anonymous_20)
FNDA:1,(anonymous_21)
FNDA:2,(anonymous_22)
FNDA:1,(anonymous_23)
FNDA:0,(anonymous_24)
DA:12,1
DA:13,1
DA:14,1
DA:15,1
DA:29,1
DA:36,15
DA:37,0
DA:40,15
DA:41,0
DA:44,15
DA:45,0
DA:48,15
DA:49,0
DA:53,15
DA:54,5
DA:55,10
DA:56,4
DA:57,6
DA:58,3
DA:59,3
DA:60,2
DA:63,1
DA:64,1
DA:65,1
DA:77,1
DA:78,1
DA:79,0
DA:80,0
DA:83,1
DA:95,1
DA:96,1
DA:97,0
DA:98,0
DA:101,1
DA:113,1
DA:114,1
DA:115,0
DA:116,0
DA:120,1
DA:132,1
DA:133,1
DA:134,0
DA:135,0
DA:139,1
DA:152,1
DA:157,5
DA:159,1
DA:161,1
DA:163,1
DA:165,1
DA:167,1
DA:168,1
DA:180,1
DA:181,1
DA:182,0
DA:183,0
DA:186,1
DA:198,1
DA:199,1
DA:200,0
DA:201,0
DA:204,1
DA:216,1
DA:217,1
DA:218,0
DA:219,0
DA:222,1
DA:223,1
DA:224,1
DA:226,1
DA:239,1
DA:240,1
DA:241,0
DA:242,0
DA:245,1
DA:249,1
DA:250,1
DA:252,1
DA:265,1
DA:266,0
DA:267,0
DA:268,0
DA:271,0
DA:275,0
DA:276,0
DA:278,0
DA:292,1
DA:297,4
DA:299,1
DA:301,1
DA:303,1
DA:305,1
DA:307,0
DA:309,0
DA:310,0
DA:323,1
DA:328,1
DA:329,0
DA:330,0
DA:333,1
DA:334,1
DA:335,0
DA:336,0
DA:339,1
DA:349,1
DA:355,1
DA:358,1
DA:359,0
DA:360,0
DA:364,1
DA:365,1
DA:366,0
DA:367,0
DA:371,1
DA:378,1
DA:382,3
DA:385,1
DA:392,1
DA:404,1
DA:408,1
DA:409,0
DA:410,0
DA:414,1
DA:415,1
DA:418,1
DA:420,3
DA:425,1
DA:437,1
DA:441,0
DA:442,0
DA:443,0
DA:447,0
DA:448,0
DA:451,0
DA:453,0
DA:458,0
DA:472,1
DA:479,3
DA:480,1
DA:483,2
DA:484,1
DA:487,1
DA:488,1
DA:491,0
DA:492,0
DA:495,0
DA:496,0
DA:507,1
DA:511,1
DA:512,0
DA:513,0
DA:516,1
DA:517,1
DA:520,1
DA:523,1
DA:528,1
DA:533,1
DA:547,1
DA:551,1
DA:554,1
DA:557,1
DA:560,1
DA:563,1
DA:566,1
DA:571,1
DA:576,1
DA:592,1
DA:598,2
DA:599,1
DA:600,1
DA:601,1
DA:604,0
DA:605,0
DA:613,1
DA:614,1
DA:615,1
DA:623,1
DA:624,0
LF:178
LH:121
BRDA:36,0,0,0
BRDA:40,1,0,0
BRDA:44,2,0,0
BRDA:44,3,0,15
BRDA:44,3,1,15
BRDA:48,4,0,0
BRDA:48,5,0,15
BRDA:48,5,1,15
BRDA:53,6,0,5
BRDA:53,6,1,10
BRDA:55,7,0,4
BRDA:55,7,1,6
BRDA:57,8,0,3
BRDA:57,8,1,3
BRDA:59,9,0,2
BRDA:59,9,1,1
BRDA:78,10,0,0
BRDA:96,11,0,0
BRDA:114,12,0,0
BRDA:133,13,0,0
BRDA:157,14,0,1
BRDA:157,14,1,1
BRDA:157,14,2,1
BRDA:157,14,3,1
BRDA:157,14,4,1
BRDA:181,15,0,0
BRDA:199,16,0,0
BRDA:217,17,0,0
BRDA:240,18,0,0
BRDA:266,19,0,0
BRDA:297,20,0,1
BRDA:297,20,1,1
BRDA:297,20,2,1
BRDA:297,20,3,1
BRDA:297,20,4,0
BRDA:297,20,5,0
BRDA:328,21,0,0
BRDA:334,22,0,0
BRDA:334,23,0,1
BRDA:334,23,1,1
BRDA:358,24,0,0
BRDA:358,25,0,1
BRDA:358,25,1,1
BRDA:365,26,0,0
BRDA:365,27,0,1
BRDA:365,27,1,1
BRDA:408,28,0,0
BRDA:441,29,0,0
BRDA:479,30,0,1
BRDA:479,30,1,2
BRDA:479,31,0,3
BRDA:479,31,1,2
BRDA:479,31,2,2
BRDA:483,32,0,1
BRDA:483,32,1,1
BRDA:483,33,0,2
BRDA:483,33,1,1
BRDA:483,33,2,1
BRDA:487,34,0,1
BRDA:487,34,1,0
BRDA:491,35,0,0
BRDA:511,36,0,0
BRDA:598,37,0,1
BRDA:598,37,1,1
BRDA:600,38,0,1
BRF:65
BRH:41
end_of_record
TN:
SF:src/utils/geometry/shapeUtils.ts
FN:7,(anonymous_0)
FN:36,(anonymous_1)
FN:64,(anonymous_2)
FN:96,(anonymous_3)
FNF:4
FNH:4
FNDA:4,(anonymous_0)
FNDA:4,(anonymous_1)
FNDA:4,(anonymous_2)
FNDA:8,(anonymous_3)
DA:2,1
DA:7,1
DA:8,4
DA:11,2
DA:13,1
DA:15,1
DA:16,1
DA:17,1
DA:20,1
DA:22,1
DA:23,1
DA:24,1
DA:28,0
DA:29,0
DA:36,1
DA:37,4
DA:39,1
DA:40,1
DA:43,1
DA:44,1
DA:47,1
DA:49,1
DA:50,1
DA:53,1
DA:56,0
DA:57,0
DA:64,1
DA:65,4
DA:67,1
DA:68,1
DA:71,1
DA:72,1
DA:75,1
DA:76,1
DA:77,1
DA:78,1
DA:79,1
DA:80,1
DA:83,1
DA:84,1
DA:88,0
DA:89,0
DA:96,1
DA:97,8
DA:99,2
DA:100,2
DA:101,2
DA:104,2
DA:106,2
DA:109,0
DA:113,2
DA:121,2
DA:122,2
DA:125,2
DA:126,2
DA:127,2
DA:128,2
DA:131,2
DA:136,2
DA:137,2
DA:140,2
DA:141,2
DA:144,2
DA:152,2
DA:155,2
DA:156,2
DA:160,0
DA:161,0
LF:68
LH:59
BRDA:8,0,0,1
BRDA:8,0,1,2
BRDA:8,0,2,1
BRDA:8,0,3,1
BRDA:8,0,4,0
BRDA:37,1,0,1
BRDA:37,1,1,1
BRDA:37,1,2,1
BRDA:37,1,3,1
BRDA:37,1,4,0
BRDA:65,2,0,1
BRDA:65,2,1,1
BRDA:65,2,2,1
BRDA:65,2,3,1
BRDA:65,2,4,0
BRDA:97,3,0,2
BRDA:97,3,1,2
BRDA:97,3,2,2
BRDA:97,3,3,2
BRDA:97,3,4,0
BRDA:106,4,0,0
BRDA:114,5,0,2
BRDA:114,5,1,1
BRDA:114,5,2,1
BRDA:114,5,3,1
BRDA:131,6,0,2
BRDA:131,6,1,1
BRDA:131,6,2,1
BRDA:131,6,3,1
BRDA:131,6,4,1
BRDA:131,6,5,1
BRDA:141,7,0,0
BRF:32
BRH:26
end_of_record
TN:
SF:src/utils/geometry/triangle.ts
FN:4,(anonymous_0)
FN:10,(anonymous_1)
FN:27,(anonymous_2)
FN:36,(anonymous_3)
FN:41,(anonymous_4)
FN:65,(anonymous_5)
FN:80,(anonymous_6)
FN:92,(anonymous_7)
FN:138,(anonymous_8)
FNF:9
FNH:6
FNDA:0,(anonymous_0)
FNDA:0,(anonymous_1)
FNDA:0,(anonymous_2)
FNDA:2,(anonymous_3)
FNDA:6,(anonymous_4)
FNDA:1,(anonymous_5)
FNDA:3,(anonymous_6)
FNDA:1,(anonymous_7)
FNDA:3,(anonymous_8)
DA:2,6
DA:4,6
DA:5,0
DA:6,0
DA:10,6
DA:12,0
DA:15,0
DA:16,0
DA:17,0
DA:20,0
DA:23,0
DA:27,6
DA:28,0
DA:36,6
DA:41,6
DA:45,2
DA:48,2
DA:51,2
DA:54,2
DA:55,2
DA:57,2
DA:65,6
DA:71,1
DA:72,1
DA:73,1
DA:76,1
DA:79,1
DA:80,3
DA:85,1
DA:92,6
DA:99,1
DA:106,1
DA:107,1
DA:113,1
DA:114,1
DA:117,1
DA:120,1
DA:125,1
DA:126,1
DA:129,1
DA:132,1
DA:135,1
DA:138,3
DA:141,1
DA:142,1
DA:143,1
DA:145,1
DA:148,1
DA:149,1
DA:152,1
DA:153,1
DA:158,0
DA:161,0
DA:162,0
DA:165,0
DA:166,0
DA:174,0
DA:175,0
DA:178,0
DA:179,0
DA:186,1
DA:192,1
DA:197,1
DA:200,1
DA:203,1
DA:218,1
LF:66
LH:48
BRDA:145,0,0,1
BRDA:145,0,1,0
BRDA:158,1,0,0
BRDA:158,1,1,0
BRF:4
BRH:1
end_of_record
TN:
SF:src/utils/grid/gridUtils.ts
FN:16,(anonymous_0)
FN:61,(anonymous_1)
FN:78,(anonymous_2)
FNF:3
FNH:0
FNDA:0,(anonymous_0)
FNDA:0,(anonymous_1)
FNDA:0,(anonymous_2)
DA:16,0
DA:26,0
DA:31,0
DA:32,0
DA:36,0
DA:39,0
DA:40,0
DA:43,0
DA:44,0
DA:47,0
DA:61,0
DA:66,0
DA:68,0
DA:78,0
DA:79,0
DA:81,0
LF:16
LH:0
BRDA:19,0,0,0
BRDA:20,1,0,0
BRDA:21,2,0,0
BRDA:22,3,0,0
BRDA:23,4,0,0
BRDA:26,5,0,0
BRDA:26,5,1,0
BRDA:28,6,0,0
BRDA:28,6,1,0
BRDA:31,7,0,0
BRDA:31,8,0,0
BRDA:31,8,1,0
BRDA:36,9,0,0
BRDA:36,9,1,0
BRDA:64,10,0,0
BRDA:66,11,0,0
BRDA:68,12,0,0
BRDA:68,12,1,0
BRDA:79,13,0,0
BRDA:82,14,0,0
BRDA:82,14,1,0
BRDA:83,15,0,0
BRDA:83,15,1,0
BRF:23
BRH:0
end_of_record
